---------- Date: 2014-10-03 12:39:01 ~ IP : 46.175.230.17 ----------
REQUEST URI : /rowery2/admin/index.php?route=catalog/product/update&amp;token=0a6a6da39c60e06ba995e3bd9527c7f0&amp;product_id=775
MOD DETAILS:
   modFile   : /home/demostrona/domains/demo.stronazen.pl/public_html/rowery2/vqmod/xml/Auto-SEO-keywords-URL.xml
   id        : Auto SEO Keywords
   version   : 1
   vqmver    : 
   author    : Creative Ground
SEARCH NOT FOUND (ABORTING MOD): name="keyword"

----------------------------------------------------------------------


---------- Date: 2014-10-03 12:41:18 ~ IP : 46.175.230.17 ----------
REQUEST URI : /rowery2/admin/index.php?route=catalog/product/update&amp;token=0a6a6da39c60e06ba995e3bd9527c7f0&amp;product_id=775
MOD DETAILS:
   modFile   : /home/demostrona/domains/demo.stronazen.pl/public_html/rowery2/vqmod/xml/Auto-SEO-keywords-URL.xml
   id        : Auto SEO Keywords
   version   : 1
   vqmver    : 
   author    : Creative Ground
SEARCH NOT FOUND (ABORTING MOD): name="keyword"

----------------------------------------------------------------------


---------- Date: 2014-10-03 12:41:40 ~ IP : 46.175.230.17 ----------
REQUEST URI : /rowery2/admin/index.php?route=catalog/product/update&amp;token=0a6a6da39c60e06ba995e3bd9527c7f0&amp;product_id=775
MOD DETAILS:
   modFile   : /home/demostrona/domains/demo.stronazen.pl/public_html/rowery2/vqmod/xml/Auto-SEO-keywords-URL.xml
   id        : Auto SEO Keywords
   version   : 1
   vqmver    : 
   author    : Creative Ground
SEARCH NOT FOUND (ABORTING MOD): name="keyword"

----------------------------------------------------------------------


---------- Date: 2014-10-03 12:42:13 ~ IP : 46.175.230.17 ----------
REQUEST URI : /rowery2/admin/index.php?route=catalog/product/update&amp;token=0a6a6da39c60e06ba995e3bd9527c7f0&amp;product_id=775
MOD DETAILS:
   modFile   : /home/demostrona/domains/demo.stronazen.pl/public_html/rowery2/vqmod/xml/Auto-SEO-keywords-URL.xml
   id        : Auto SEO Keywords
   version   : 1
   vqmver    : 
   author    : Creative Ground
SEARCH NOT FOUND (ABORTING MOD): name="keyword"

----------------------------------------------------------------------


---------- Date: 2014-10-03 12:42:59 ~ IP : 46.175.230.17 ----------
REQUEST URI : /rowery2/admin/index.php?route=catalog/product/update&amp;token=0a6a6da39c60e06ba995e3bd9527c7f0&amp;product_id=775
MOD DETAILS:
   modFile   : /home/demostrona/domains/demo.stronazen.pl/public_html/rowery2/vqmod/xml/Auto-SEO-keywords-URL.xml
   id        : Auto SEO Keywords
   version   : 1
   vqmver    : 
   author    : Creative Ground
SEARCH NOT FOUND (ABORTING MOD): name="keyword"

----------------------------------------------------------------------


---------- Date: 2014-10-03 15:07:31 ~ IP : 46.175.230.17 ----------
REQUEST URI : /rowery2/admin/index.php?route=catalog/product/update&amp;token=0a6a6da39c60e06ba995e3bd9527c7f0&amp;product_id=775
MOD DETAILS:
   modFile   : /home/demostrona/domains/demo.stronazen.pl/public_html/rowery2/vqmod/xml/Auto-SEO-keywords-URL.xml
   id        : Auto SEO Keywords
   version   : 1
   vqmver    : 
   author    : Creative Ground
SEARCH NOT FOUND (ABORTING MOD): name="keyword"

----------------------------------------------------------------------


---------- Date: 2014-10-03 15:08:20 ~ IP : 46.175.230.17 ----------
REQUEST URI : /rowery2/admin/index.php?route=catalog/product/update&amp;token=0a6a6da39c60e06ba995e3bd9527c7f0&amp;product_id=775
MOD DETAILS:
   modFile   : /home/demostrona/domains/demo.stronazen.pl/public_html/rowery2/vqmod/xml/Auto-SEO-keywords-URL.xml
   id        : Auto SEO Keywords
   version   : 1
   vqmver    : 
   author    : Creative Ground
SEARCH NOT FOUND (ABORTING MOD): name="keyword"

----------------------------------------------------------------------


---------- Date: 2014-10-03 16:06:26 ~ IP : 46.175.230.17 ----------
REQUEST URI : /rowery2/admin/index.php?route=catalog/product/update&amp;token=0a6a6da39c60e06ba995e3bd9527c7f0&amp;product_id=775
MOD DETAILS:
   modFile   : /home/demostrona/domains/demo.stronazen.pl/public_html/rowery2/vqmod/xml/Auto-SEO-keywords-URL.xml
   id        : Auto SEO Keywords
   version   : 1
   vqmver    : 
   author    : Creative Ground
SEARCH NOT FOUND (ABORTING MOD): name="keyword"

----------------------------------------------------------------------


