---------- Date: 2014-09-22 11:53:03 ~ IP : 217.91.165.165 ----------
REQUEST URI : /nasz/admin/index.php?route=catalog/product/update&amp;token=f4ecff7af2617e44ae3ebceed8b16682&amp;product_id=381&amp;page=18
MOD DETAILS:
   modFile   : /home/demostrona/domains/demo.stronazen.pl/public_html/nasz/vqmod/xml/Auto-SEO-keywords-URL.xml
   id        : Auto SEO Keywords
   version   : 1
   vqmver    : 
   author    : Creative Ground
SEARCH NOT FOUND (ABORTING MOD): name="keyword"

----------------------------------------------------------------------


---------- Date: 2014-09-22 11:53:59 ~ IP : 217.91.165.165 ----------
REQUEST URI : /nasz/admin/index.php?route=catalog/product/update&amp;token=f4ecff7af2617e44ae3ebceed8b16682&amp;product_id=391&amp;page=18
MOD DETAILS:
   modFile   : /home/demostrona/domains/demo.stronazen.pl/public_html/nasz/vqmod/xml/Auto-SEO-keywords-URL.xml
   id        : Auto SEO Keywords
   version   : 1
   vqmver    : 
   author    : Creative Ground
SEARCH NOT FOUND (ABORTING MOD): name="keyword"

----------------------------------------------------------------------


---------- Date: 2014-09-22 11:54:55 ~ IP : 217.91.165.165 ----------
REQUEST URI : /nasz/admin/index.php?route=catalog/product/update&amp;token=f4ecff7af2617e44ae3ebceed8b16682&amp;product_id=381&amp;page=18
MOD DETAILS:
   modFile   : /home/demostrona/domains/demo.stronazen.pl/public_html/nasz/vqmod/xml/Auto-SEO-keywords-URL.xml
   id        : Auto SEO Keywords
   version   : 1
   vqmver    : 
   author    : Creative Ground
SEARCH NOT FOUND (ABORTING MOD): name="keyword"

----------------------------------------------------------------------


---------- Date: 2014-09-22 11:55:33 ~ IP : 217.91.165.165 ----------
REQUEST URI : /nasz/admin/index.php?route=catalog/product/update&amp;token=4b1cf17fcebfaad757ce4f25d86d0337&amp;product_id=391&amp;page=18
MOD DETAILS:
   modFile   : /home/demostrona/domains/demo.stronazen.pl/public_html/nasz/vqmod/xml/Auto-SEO-keywords-URL.xml
   id        : Auto SEO Keywords
   version   : 1
   vqmver    : 
   author    : Creative Ground
SEARCH NOT FOUND (ABORTING MOD): name="keyword"

----------------------------------------------------------------------


---------- Date: 2014-09-22 11:56:04 ~ IP : 217.91.165.165 ----------
REQUEST URI : /nasz/admin/index.php?route=catalog/product/update&amp;token=4b1cf17fcebfaad757ce4f25d86d0337&amp;product_id=392&amp;page=18
MOD DETAILS:
   modFile   : /home/demostrona/domains/demo.stronazen.pl/public_html/nasz/vqmod/xml/Auto-SEO-keywords-URL.xml
   id        : Auto SEO Keywords
   version   : 1
   vqmver    : 
   author    : Creative Ground
SEARCH NOT FOUND (ABORTING MOD): name="keyword"

----------------------------------------------------------------------


---------- Date: 2014-09-22 11:56:26 ~ IP : 217.91.165.165 ----------
REQUEST URI : /nasz/admin/index.php?route=catalog/product/update&amp;token=4b1cf17fcebfaad757ce4f25d86d0337&amp;product_id=395&amp;page=18
MOD DETAILS:
   modFile   : /home/demostrona/domains/demo.stronazen.pl/public_html/nasz/vqmod/xml/Auto-SEO-keywords-URL.xml
   id        : Auto SEO Keywords
   version   : 1
   vqmver    : 
   author    : Creative Ground
SEARCH NOT FOUND (ABORTING MOD): name="keyword"

----------------------------------------------------------------------


---------- Date: 2014-09-22 11:57:36 ~ IP : 217.91.165.165 ----------
REQUEST URI : /nasz/admin/index.php?route=catalog/product/update&amp;token=4b1cf17fcebfaad757ce4f25d86d0337&amp;product_id=374&amp;page=18
MOD DETAILS:
   modFile   : /home/demostrona/domains/demo.stronazen.pl/public_html/nasz/vqmod/xml/Auto-SEO-keywords-URL.xml
   id        : Auto SEO Keywords
   version   : 1
   vqmver    : 
   author    : Creative Ground
SEARCH NOT FOUND (ABORTING MOD): name="keyword"

----------------------------------------------------------------------


---------- Date: 2014-09-22 11:58:15 ~ IP : 217.91.165.165 ----------
REQUEST URI : /nasz/admin/index.php?route=catalog/product/update&amp;token=4b1cf17fcebfaad757ce4f25d86d0337&amp;product_id=375&amp;page=18
MOD DETAILS:
   modFile   : /home/demostrona/domains/demo.stronazen.pl/public_html/nasz/vqmod/xml/Auto-SEO-keywords-URL.xml
   id        : Auto SEO Keywords
   version   : 1
   vqmver    : 
   author    : Creative Ground
SEARCH NOT FOUND (ABORTING MOD): name="keyword"

----------------------------------------------------------------------


---------- Date: 2014-09-22 11:58:48 ~ IP : 217.91.165.165 ----------
REQUEST URI : /nasz/admin/index.php?route=catalog/product/update&amp;token=4b1cf17fcebfaad757ce4f25d86d0337&amp;product_id=380&amp;page=18
MOD DETAILS:
   modFile   : /home/demostrona/domains/demo.stronazen.pl/public_html/nasz/vqmod/xml/Auto-SEO-keywords-URL.xml
   id        : Auto SEO Keywords
   version   : 1
   vqmver    : 
   author    : Creative Ground
SEARCH NOT FOUND (ABORTING MOD): name="keyword"

----------------------------------------------------------------------


---------- Date: 2014-09-22 11:59:30 ~ IP : 217.91.165.165 ----------
REQUEST URI : /nasz/admin/index.php?route=catalog/product/update&amp;token=4b1cf17fcebfaad757ce4f25d86d0337&amp;product_id=387&amp;page=18
MOD DETAILS:
   modFile   : /home/demostrona/domains/demo.stronazen.pl/public_html/nasz/vqmod/xml/Auto-SEO-keywords-URL.xml
   id        : Auto SEO Keywords
   version   : 1
   vqmver    : 
   author    : Creative Ground
SEARCH NOT FOUND (ABORTING MOD): name="keyword"

----------------------------------------------------------------------


---------- Date: 2014-09-22 12:00:04 ~ IP : 217.91.165.165 ----------
REQUEST URI : /nasz/admin/index.php?route=catalog/product/update&amp;token=4b1cf17fcebfaad757ce4f25d86d0337&amp;product_id=384&amp;page=18
MOD DETAILS:
   modFile   : /home/demostrona/domains/demo.stronazen.pl/public_html/nasz/vqmod/xml/Auto-SEO-keywords-URL.xml
   id        : Auto SEO Keywords
   version   : 1
   vqmver    : 
   author    : Creative Ground
SEARCH NOT FOUND (ABORTING MOD): name="keyword"

----------------------------------------------------------------------


---------- Date: 2014-09-22 12:00:33 ~ IP : 217.91.165.165 ----------
REQUEST URI : /nasz/admin/index.php?route=catalog/product/update&amp;token=4b1cf17fcebfaad757ce4f25d86d0337&amp;product_id=382&amp;page=18
MOD DETAILS:
   modFile   : /home/demostrona/domains/demo.stronazen.pl/public_html/nasz/vqmod/xml/Auto-SEO-keywords-URL.xml
   id        : Auto SEO Keywords
   version   : 1
   vqmver    : 
   author    : Creative Ground
SEARCH NOT FOUND (ABORTING MOD): name="keyword"

----------------------------------------------------------------------


---------- Date: 2014-09-22 12:01:21 ~ IP : 217.91.165.165 ----------
REQUEST URI : /nasz/admin/index.php?route=catalog/product/update&amp;token=4b1cf17fcebfaad757ce4f25d86d0337&amp;product_id=40&amp;page=18
MOD DETAILS:
   modFile   : /home/demostrona/domains/demo.stronazen.pl/public_html/nasz/vqmod/xml/Auto-SEO-keywords-URL.xml
   id        : Auto SEO Keywords
   version   : 1
   vqmver    : 
   author    : Creative Ground
SEARCH NOT FOUND (ABORTING MOD): name="keyword"

----------------------------------------------------------------------


---------- Date: 2014-09-22 12:02:32 ~ IP : 217.91.165.165 ----------
REQUEST URI : /nasz/admin/index.php?route=catalog/product/update&amp;token=4b1cf17fcebfaad757ce4f25d86d0337&amp;product_id=441&amp;page=18
MOD DETAILS:
   modFile   : /home/demostrona/domains/demo.stronazen.pl/public_html/nasz/vqmod/xml/Auto-SEO-keywords-URL.xml
   id        : Auto SEO Keywords
   version   : 1
   vqmver    : 
   author    : Creative Ground
SEARCH NOT FOUND (ABORTING MOD): name="keyword"

----------------------------------------------------------------------


---------- Date: 2014-09-22 12:03:02 ~ IP : 217.91.165.165 ----------
REQUEST URI : /nasz/admin/index.php?route=catalog/product/update&amp;token=4b1cf17fcebfaad757ce4f25d86d0337&amp;product_id=442&amp;page=18
MOD DETAILS:
   modFile   : /home/demostrona/domains/demo.stronazen.pl/public_html/nasz/vqmod/xml/Auto-SEO-keywords-URL.xml
   id        : Auto SEO Keywords
   version   : 1
   vqmver    : 
   author    : Creative Ground
SEARCH NOT FOUND (ABORTING MOD): name="keyword"

----------------------------------------------------------------------


---------- Date: 2014-09-22 12:03:40 ~ IP : 217.91.165.165 ----------
REQUEST URI : /nasz/admin/index.php?route=catalog/product/update&amp;token=4b1cf17fcebfaad757ce4f25d86d0337&amp;product_id=444&amp;page=18
MOD DETAILS:
   modFile   : /home/demostrona/domains/demo.stronazen.pl/public_html/nasz/vqmod/xml/Auto-SEO-keywords-URL.xml
   id        : Auto SEO Keywords
   version   : 1
   vqmver    : 
   author    : Creative Ground
SEARCH NOT FOUND (ABORTING MOD): name="keyword"

----------------------------------------------------------------------


---------- Date: 2014-09-22 12:04:07 ~ IP : 217.91.165.165 ----------
REQUEST URI : /nasz/admin/index.php?route=catalog/product/update&amp;token=4b1cf17fcebfaad757ce4f25d86d0337&amp;product_id=445&amp;page=18
MOD DETAILS:
   modFile   : /home/demostrona/domains/demo.stronazen.pl/public_html/nasz/vqmod/xml/Auto-SEO-keywords-URL.xml
   id        : Auto SEO Keywords
   version   : 1
   vqmver    : 
   author    : Creative Ground
SEARCH NOT FOUND (ABORTING MOD): name="keyword"

----------------------------------------------------------------------


---------- Date: 2014-09-22 12:04:29 ~ IP : 217.91.165.165 ----------
REQUEST URI : /nasz/admin/index.php?route=catalog/product/update&amp;token=4b1cf17fcebfaad757ce4f25d86d0337&amp;product_id=424&amp;page=18
MOD DETAILS:
   modFile   : /home/demostrona/domains/demo.stronazen.pl/public_html/nasz/vqmod/xml/Auto-SEO-keywords-URL.xml
   id        : Auto SEO Keywords
   version   : 1
   vqmver    : 
   author    : Creative Ground
SEARCH NOT FOUND (ABORTING MOD): name="keyword"

----------------------------------------------------------------------


---------- Date: 2014-09-22 12:05:08 ~ IP : 217.91.165.165 ----------
REQUEST URI : /nasz/admin/index.php?route=catalog/product/update&amp;token=4b1cf17fcebfaad757ce4f25d86d0337&amp;product_id=545&amp;page=18
MOD DETAILS:
   modFile   : /home/demostrona/domains/demo.stronazen.pl/public_html/nasz/vqmod/xml/Auto-SEO-keywords-URL.xml
   id        : Auto SEO Keywords
   version   : 1
   vqmver    : 
   author    : Creative Ground
SEARCH NOT FOUND (ABORTING MOD): name="keyword"

----------------------------------------------------------------------


---------- Date: 2014-09-22 12:05:31 ~ IP : 217.91.165.165 ----------
REQUEST URI : /nasz/admin/index.php?route=catalog/product/update&amp;token=4b1cf17fcebfaad757ce4f25d86d0337&amp;product_id=714&amp;page=18
MOD DETAILS:
   modFile   : /home/demostrona/domains/demo.stronazen.pl/public_html/nasz/vqmod/xml/Auto-SEO-keywords-URL.xml
   id        : Auto SEO Keywords
   version   : 1
   vqmver    : 
   author    : Creative Ground
SEARCH NOT FOUND (ABORTING MOD): name="keyword"

----------------------------------------------------------------------


---------- Date: 2014-09-22 12:06:00 ~ IP : 217.91.165.165 ----------
REQUEST URI : /nasz/admin/index.php?route=catalog/product/update&amp;token=4b1cf17fcebfaad757ce4f25d86d0337&amp;product_id=680&amp;page=18
MOD DETAILS:
   modFile   : /home/demostrona/domains/demo.stronazen.pl/public_html/nasz/vqmod/xml/Auto-SEO-keywords-URL.xml
   id        : Auto SEO Keywords
   version   : 1
   vqmver    : 
   author    : Creative Ground
SEARCH NOT FOUND (ABORTING MOD): name="keyword"

----------------------------------------------------------------------


---------- Date: 2014-09-22 12:06:01 ~ IP : 217.91.165.165 ----------
REQUEST URI : /nasz/admin/index.php?route=catalog/product/update&amp;token=4b1cf17fcebfaad757ce4f25d86d0337&amp;product_id=680&amp;page=18
MOD DETAILS:
   modFile   : /home/demostrona/domains/demo.stronazen.pl/public_html/nasz/vqmod/xml/Auto-SEO-keywords-URL.xml
   id        : Auto SEO Keywords
   version   : 1
   vqmver    : 
   author    : Creative Ground
SEARCH NOT FOUND (ABORTING MOD): name="keyword"

----------------------------------------------------------------------


---------- Date: 2014-09-22 12:06:42 ~ IP : 217.91.165.165 ----------
REQUEST URI : /nasz/admin/index.php?route=catalog/product/update&amp;token=4b1cf17fcebfaad757ce4f25d86d0337&amp;product_id=657&amp;page=18
MOD DETAILS:
   modFile   : /home/demostrona/domains/demo.stronazen.pl/public_html/nasz/vqmod/xml/Auto-SEO-keywords-URL.xml
   id        : Auto SEO Keywords
   version   : 1
   vqmver    : 
   author    : Creative Ground
SEARCH NOT FOUND (ABORTING MOD): name="keyword"

----------------------------------------------------------------------


---------- Date: 2014-09-22 12:12:50 ~ IP : 217.91.165.165 ----------
REQUEST URI : /nasz/admin/index.php?route=catalog/product/update&amp;token=4b1cf17fcebfaad757ce4f25d86d0337&amp;product_id=676&amp;page=19
MOD DETAILS:
   modFile   : /home/demostrona/domains/demo.stronazen.pl/public_html/nasz/vqmod/xml/Auto-SEO-keywords-URL.xml
   id        : Auto SEO Keywords
   version   : 1
   vqmver    : 
   author    : Creative Ground
SEARCH NOT FOUND (ABORTING MOD): name="keyword"

----------------------------------------------------------------------


---------- Date: 2014-09-22 12:13:29 ~ IP : 217.91.165.165 ----------
REQUEST URI : /nasz/admin/index.php?route=catalog/product/update&amp;token=4b1cf17fcebfaad757ce4f25d86d0337&amp;product_id=665&amp;page=19
MOD DETAILS:
   modFile   : /home/demostrona/domains/demo.stronazen.pl/public_html/nasz/vqmod/xml/Auto-SEO-keywords-URL.xml
   id        : Auto SEO Keywords
   version   : 1
   vqmver    : 
   author    : Creative Ground
SEARCH NOT FOUND (ABORTING MOD): name="keyword"

----------------------------------------------------------------------


---------- Date: 2014-09-22 12:13:57 ~ IP : 217.91.165.165 ----------
REQUEST URI : /nasz/admin/index.php?route=catalog/product/update&amp;token=4b1cf17fcebfaad757ce4f25d86d0337&amp;product_id=663&amp;page=19
MOD DETAILS:
   modFile   : /home/demostrona/domains/demo.stronazen.pl/public_html/nasz/vqmod/xml/Auto-SEO-keywords-URL.xml
   id        : Auto SEO Keywords
   version   : 1
   vqmver    : 
   author    : Creative Ground
SEARCH NOT FOUND (ABORTING MOD): name="keyword"

----------------------------------------------------------------------


---------- Date: 2014-09-22 12:14:23 ~ IP : 217.91.165.165 ----------
REQUEST URI : /nasz/admin/index.php?route=catalog/product/update&amp;token=4b1cf17fcebfaad757ce4f25d86d0337&amp;product_id=712&amp;page=19
MOD DETAILS:
   modFile   : /home/demostrona/domains/demo.stronazen.pl/public_html/nasz/vqmod/xml/Auto-SEO-keywords-URL.xml
   id        : Auto SEO Keywords
   version   : 1
   vqmver    : 
   author    : Creative Ground
SEARCH NOT FOUND (ABORTING MOD): name="keyword"

----------------------------------------------------------------------


---------- Date: 2014-09-22 12:15:06 ~ IP : 217.91.165.165 ----------
REQUEST URI : /nasz/admin/index.php?route=catalog/product/update&amp;token=4b1cf17fcebfaad757ce4f25d86d0337&amp;product_id=664&amp;page=19
MOD DETAILS:
   modFile   : /home/demostrona/domains/demo.stronazen.pl/public_html/nasz/vqmod/xml/Auto-SEO-keywords-URL.xml
   id        : Auto SEO Keywords
   version   : 1
   vqmver    : 
   author    : Creative Ground
SEARCH NOT FOUND (ABORTING MOD): name="keyword"

----------------------------------------------------------------------


---------- Date: 2014-09-22 12:15:34 ~ IP : 217.91.165.165 ----------
REQUEST URI : /nasz/admin/index.php?route=catalog/product/update&amp;token=4b1cf17fcebfaad757ce4f25d86d0337&amp;product_id=679&amp;page=19
MOD DETAILS:
   modFile   : /home/demostrona/domains/demo.stronazen.pl/public_html/nasz/vqmod/xml/Auto-SEO-keywords-URL.xml
   id        : Auto SEO Keywords
   version   : 1
   vqmver    : 
   author    : Creative Ground
SEARCH NOT FOUND (ABORTING MOD): name="keyword"

----------------------------------------------------------------------


---------- Date: 2014-09-22 12:15:56 ~ IP : 217.91.165.165 ----------
REQUEST URI : /nasz/admin/index.php?route=catalog/product/update&amp;token=4b1cf17fcebfaad757ce4f25d86d0337&amp;product_id=658&amp;page=19
MOD DETAILS:
   modFile   : /home/demostrona/domains/demo.stronazen.pl/public_html/nasz/vqmod/xml/Auto-SEO-keywords-URL.xml
   id        : Auto SEO Keywords
   version   : 1
   vqmver    : 
   author    : Creative Ground
SEARCH NOT FOUND (ABORTING MOD): name="keyword"

----------------------------------------------------------------------


---------- Date: 2014-09-22 12:16:24 ~ IP : 217.91.165.165 ----------
REQUEST URI : /nasz/admin/index.php?route=catalog/product/update&amp;token=4b1cf17fcebfaad757ce4f25d86d0337&amp;product_id=660&amp;page=19
MOD DETAILS:
   modFile   : /home/demostrona/domains/demo.stronazen.pl/public_html/nasz/vqmod/xml/Auto-SEO-keywords-URL.xml
   id        : Auto SEO Keywords
   version   : 1
   vqmver    : 
   author    : Creative Ground
SEARCH NOT FOUND (ABORTING MOD): name="keyword"

----------------------------------------------------------------------


---------- Date: 2014-09-22 12:16:51 ~ IP : 217.91.165.165 ----------
REQUEST URI : /nasz/admin/index.php?route=catalog/product/update&amp;token=4b1cf17fcebfaad757ce4f25d86d0337&amp;product_id=661&amp;page=19
MOD DETAILS:
   modFile   : /home/demostrona/domains/demo.stronazen.pl/public_html/nasz/vqmod/xml/Auto-SEO-keywords-URL.xml
   id        : Auto SEO Keywords
   version   : 1
   vqmver    : 
   author    : Creative Ground
SEARCH NOT FOUND (ABORTING MOD): name="keyword"

----------------------------------------------------------------------


---------- Date: 2014-09-22 12:17:29 ~ IP : 217.91.165.165 ----------
REQUEST URI : /nasz/admin/index.php?route=catalog/product/update&amp;token=4b1cf17fcebfaad757ce4f25d86d0337&amp;product_id=662&amp;page=19
MOD DETAILS:
   modFile   : /home/demostrona/domains/demo.stronazen.pl/public_html/nasz/vqmod/xml/Auto-SEO-keywords-URL.xml
   id        : Auto SEO Keywords
   version   : 1
   vqmver    : 
   author    : Creative Ground
SEARCH NOT FOUND (ABORTING MOD): name="keyword"

----------------------------------------------------------------------


---------- Date: 2014-09-22 12:18:24 ~ IP : 217.91.165.165 ----------
REQUEST URI : /nasz/admin/index.php?route=catalog/product/update&amp;token=4b1cf17fcebfaad757ce4f25d86d0337&amp;product_id=669&amp;page=19
MOD DETAILS:
   modFile   : /home/demostrona/domains/demo.stronazen.pl/public_html/nasz/vqmod/xml/Auto-SEO-keywords-URL.xml
   id        : Auto SEO Keywords
   version   : 1
   vqmver    : 
   author    : Creative Ground
SEARCH NOT FOUND (ABORTING MOD): name="keyword"

----------------------------------------------------------------------


---------- Date: 2014-09-22 12:19:08 ~ IP : 217.91.165.165 ----------
REQUEST URI : /nasz/admin/index.php?route=catalog/product/update&amp;token=4b1cf17fcebfaad757ce4f25d86d0337&amp;product_id=683&amp;page=19
MOD DETAILS:
   modFile   : /home/demostrona/domains/demo.stronazen.pl/public_html/nasz/vqmod/xml/Auto-SEO-keywords-URL.xml
   id        : Auto SEO Keywords
   version   : 1
   vqmver    : 
   author    : Creative Ground
SEARCH NOT FOUND (ABORTING MOD): name="keyword"

----------------------------------------------------------------------


---------- Date: 2014-09-22 12:19:35 ~ IP : 217.91.165.165 ----------
REQUEST URI : /nasz/admin/index.php?route=catalog/product/update&amp;token=4b1cf17fcebfaad757ce4f25d86d0337&amp;product_id=666&amp;page=19
MOD DETAILS:
   modFile   : /home/demostrona/domains/demo.stronazen.pl/public_html/nasz/vqmod/xml/Auto-SEO-keywords-URL.xml
   id        : Auto SEO Keywords
   version   : 1
   vqmver    : 
   author    : Creative Ground
SEARCH NOT FOUND (ABORTING MOD): name="keyword"

----------------------------------------------------------------------


---------- Date: 2014-09-22 12:20:05 ~ IP : 217.91.165.165 ----------
REQUEST URI : /nasz/admin/index.php?route=catalog/product/update&amp;token=4b1cf17fcebfaad757ce4f25d86d0337&amp;product_id=677&amp;page=19
MOD DETAILS:
   modFile   : /home/demostrona/domains/demo.stronazen.pl/public_html/nasz/vqmod/xml/Auto-SEO-keywords-URL.xml
   id        : Auto SEO Keywords
   version   : 1
   vqmver    : 
   author    : Creative Ground
SEARCH NOT FOUND (ABORTING MOD): name="keyword"

----------------------------------------------------------------------


---------- Date: 2014-09-22 12:21:06 ~ IP : 217.91.165.165 ----------
REQUEST URI : /nasz/admin/index.php?route=catalog/product/update&amp;token=4b1cf17fcebfaad757ce4f25d86d0337&amp;product_id=678&amp;page=19
MOD DETAILS:
   modFile   : /home/demostrona/domains/demo.stronazen.pl/public_html/nasz/vqmod/xml/Auto-SEO-keywords-URL.xml
   id        : Auto SEO Keywords
   version   : 1
   vqmver    : 
   author    : Creative Ground
SEARCH NOT FOUND (ABORTING MOD): name="keyword"

----------------------------------------------------------------------


---------- Date: 2014-09-22 12:22:09 ~ IP : 217.91.165.165 ----------
REQUEST URI : /nasz/admin/index.php?route=catalog/product/update&amp;token=4b1cf17fcebfaad757ce4f25d86d0337&amp;product_id=668&amp;page=19
MOD DETAILS:
   modFile   : /home/demostrona/domains/demo.stronazen.pl/public_html/nasz/vqmod/xml/Auto-SEO-keywords-URL.xml
   id        : Auto SEO Keywords
   version   : 1
   vqmver    : 
   author    : Creative Ground
SEARCH NOT FOUND (ABORTING MOD): name="keyword"

----------------------------------------------------------------------


---------- Date: 2014-09-22 12:23:36 ~ IP : 217.91.165.165 ----------
REQUEST URI : /nasz/admin/index.php?route=catalog/product/update&amp;token=4b1cf17fcebfaad757ce4f25d86d0337&amp;product_id=672&amp;page=19
MOD DETAILS:
   modFile   : /home/demostrona/domains/demo.stronazen.pl/public_html/nasz/vqmod/xml/Auto-SEO-keywords-URL.xml
   id        : Auto SEO Keywords
   version   : 1
   vqmver    : 
   author    : Creative Ground
SEARCH NOT FOUND (ABORTING MOD): name="keyword"

----------------------------------------------------------------------


---------- Date: 2014-09-22 12:24:32 ~ IP : 217.91.165.165 ----------
REQUEST URI : /nasz/admin/index.php?route=catalog/product/update&amp;token=4b1cf17fcebfaad757ce4f25d86d0337&amp;product_id=673&amp;page=19
MOD DETAILS:
   modFile   : /home/demostrona/domains/demo.stronazen.pl/public_html/nasz/vqmod/xml/Auto-SEO-keywords-URL.xml
   id        : Auto SEO Keywords
   version   : 1
   vqmver    : 
   author    : Creative Ground
SEARCH NOT FOUND (ABORTING MOD): name="keyword"

----------------------------------------------------------------------


---------- Date: 2014-09-22 12:25:00 ~ IP : 217.91.165.165 ----------
REQUEST URI : /nasz/admin/index.php?route=catalog/product/update&amp;token=4b1cf17fcebfaad757ce4f25d86d0337&amp;product_id=681&amp;page=19
MOD DETAILS:
   modFile   : /home/demostrona/domains/demo.stronazen.pl/public_html/nasz/vqmod/xml/Auto-SEO-keywords-URL.xml
   id        : Auto SEO Keywords
   version   : 1
   vqmver    : 
   author    : Creative Ground
SEARCH NOT FOUND (ABORTING MOD): name="keyword"

----------------------------------------------------------------------


---------- Date: 2014-09-22 12:25:51 ~ IP : 217.91.165.165 ----------
REQUEST URI : /nasz/admin/index.php?route=catalog/product/update&amp;token=4b1cf17fcebfaad757ce4f25d86d0337&amp;product_id=682&amp;page=19
MOD DETAILS:
   modFile   : /home/demostrona/domains/demo.stronazen.pl/public_html/nasz/vqmod/xml/Auto-SEO-keywords-URL.xml
   id        : Auto SEO Keywords
   version   : 1
   vqmver    : 
   author    : Creative Ground
SEARCH NOT FOUND (ABORTING MOD): name="keyword"

----------------------------------------------------------------------


---------- Date: 2014-09-22 12:26:59 ~ IP : 217.91.165.165 ----------
REQUEST URI : /nasz/admin/index.php?route=catalog/product/update&amp;token=4b1cf17fcebfaad757ce4f25d86d0337&amp;product_id=659&amp;page=20
MOD DETAILS:
   modFile   : /home/demostrona/domains/demo.stronazen.pl/public_html/nasz/vqmod/xml/Auto-SEO-keywords-URL.xml
   id        : Auto SEO Keywords
   version   : 1
   vqmver    : 
   author    : Creative Ground
SEARCH NOT FOUND (ABORTING MOD): name="keyword"

----------------------------------------------------------------------


---------- Date: 2014-09-22 12:27:49 ~ IP : 217.91.165.165 ----------
REQUEST URI : /nasz/admin/index.php?route=catalog/product/update&amp;token=4b1cf17fcebfaad757ce4f25d86d0337&amp;product_id=713&amp;page=20
MOD DETAILS:
   modFile   : /home/demostrona/domains/demo.stronazen.pl/public_html/nasz/vqmod/xml/Auto-SEO-keywords-URL.xml
   id        : Auto SEO Keywords
   version   : 1
   vqmver    : 
   author    : Creative Ground
SEARCH NOT FOUND (ABORTING MOD): name="keyword"

----------------------------------------------------------------------


---------- Date: 2014-09-22 12:28:17 ~ IP : 217.91.165.165 ----------
REQUEST URI : /nasz/admin/index.php?route=catalog/product/update&amp;token=4b1cf17fcebfaad757ce4f25d86d0337&amp;product_id=715&amp;page=20
MOD DETAILS:
   modFile   : /home/demostrona/domains/demo.stronazen.pl/public_html/nasz/vqmod/xml/Auto-SEO-keywords-URL.xml
   id        : Auto SEO Keywords
   version   : 1
   vqmver    : 
   author    : Creative Ground
SEARCH NOT FOUND (ABORTING MOD): name="keyword"

----------------------------------------------------------------------


---------- Date: 2014-09-22 12:32:11 ~ IP : 217.91.165.165 ----------
REQUEST URI : /nasz/admin/index.php?route=catalog/product/update&amp;token=4b1cf17fcebfaad757ce4f25d86d0337&amp;product_id=654&amp;page=20
MOD DETAILS:
   modFile   : /home/demostrona/domains/demo.stronazen.pl/public_html/nasz/vqmod/xml/Auto-SEO-keywords-URL.xml
   id        : Auto SEO Keywords
   version   : 1
   vqmver    : 
   author    : Creative Ground
SEARCH NOT FOUND (ABORTING MOD): name="keyword"

----------------------------------------------------------------------


---------- Date: 2014-09-22 12:32:32 ~ IP : 217.91.165.165 ----------
REQUEST URI : /nasz/admin/index.php?route=catalog/product/update&amp;token=4b1cf17fcebfaad757ce4f25d86d0337&amp;product_id=654&amp;page=20
MOD DETAILS:
   modFile   : /home/demostrona/domains/demo.stronazen.pl/public_html/nasz/vqmod/xml/Auto-SEO-keywords-URL.xml
   id        : Auto SEO Keywords
   version   : 1
   vqmver    : 
   author    : Creative Ground
SEARCH NOT FOUND (ABORTING MOD): name="keyword"

----------------------------------------------------------------------


---------- Date: 2014-09-22 12:32:55 ~ IP : 217.91.165.165 ----------
REQUEST URI : /nasz/admin/index.php?route=catalog/product/update&amp;token=4b1cf17fcebfaad757ce4f25d86d0337&amp;product_id=667&amp;page=20
MOD DETAILS:
   modFile   : /home/demostrona/domains/demo.stronazen.pl/public_html/nasz/vqmod/xml/Auto-SEO-keywords-URL.xml
   id        : Auto SEO Keywords
   version   : 1
   vqmver    : 
   author    : Creative Ground
SEARCH NOT FOUND (ABORTING MOD): name="keyword"

----------------------------------------------------------------------


---------- Date: 2014-09-22 12:33:20 ~ IP : 217.91.165.165 ----------
REQUEST URI : /nasz/admin/index.php?route=catalog/product/update&amp;token=4b1cf17fcebfaad757ce4f25d86d0337&amp;product_id=39&amp;page=20
MOD DETAILS:
   modFile   : /home/demostrona/domains/demo.stronazen.pl/public_html/nasz/vqmod/xml/Auto-SEO-keywords-URL.xml
   id        : Auto SEO Keywords
   version   : 1
   vqmver    : 
   author    : Creative Ground
SEARCH NOT FOUND (ABORTING MOD): name="keyword"

----------------------------------------------------------------------


---------- Date: 2014-09-22 12:33:50 ~ IP : 217.91.165.165 ----------
REQUEST URI : /nasz/admin/index.php?route=catalog/product/update&amp;token=4b1cf17fcebfaad757ce4f25d86d0337&amp;product_id=428&amp;page=20
MOD DETAILS:
   modFile   : /home/demostrona/domains/demo.stronazen.pl/public_html/nasz/vqmod/xml/Auto-SEO-keywords-URL.xml
   id        : Auto SEO Keywords
   version   : 1
   vqmver    : 
   author    : Creative Ground
SEARCH NOT FOUND (ABORTING MOD): name="keyword"

----------------------------------------------------------------------


---------- Date: 2014-09-22 12:49:54 ~ IP : 217.91.165.165 ----------
REQUEST URI : /nasz/admin/index.php?route=catalog/product/update&amp;token=4b1cf17fcebfaad757ce4f25d86d0337&amp;product_id=429&amp;page=20
MOD DETAILS:
   modFile   : /home/demostrona/domains/demo.stronazen.pl/public_html/nasz/vqmod/xml/Auto-SEO-keywords-URL.xml
   id        : Auto SEO Keywords
   version   : 1
   vqmver    : 
   author    : Creative Ground
SEARCH NOT FOUND (ABORTING MOD): name="keyword"

----------------------------------------------------------------------


---------- Date: 2014-09-22 12:50:23 ~ IP : 217.91.165.165 ----------
REQUEST URI : /nasz/admin/index.php?route=catalog/product/update&amp;token=4b1cf17fcebfaad757ce4f25d86d0337&amp;product_id=430&amp;page=20
MOD DETAILS:
   modFile   : /home/demostrona/domains/demo.stronazen.pl/public_html/nasz/vqmod/xml/Auto-SEO-keywords-URL.xml
   id        : Auto SEO Keywords
   version   : 1
   vqmver    : 
   author    : Creative Ground
SEARCH NOT FOUND (ABORTING MOD): name="keyword"

----------------------------------------------------------------------


---------- Date: 2014-09-22 12:51:05 ~ IP : 217.91.165.165 ----------
REQUEST URI : /nasz/admin/index.php?route=catalog/product/update&amp;token=4b1cf17fcebfaad757ce4f25d86d0337&amp;product_id=725&amp;page=20
MOD DETAILS:
   modFile   : /home/demostrona/domains/demo.stronazen.pl/public_html/nasz/vqmod/xml/Auto-SEO-keywords-URL.xml
   id        : Auto SEO Keywords
   version   : 1
   vqmver    : 
   author    : Creative Ground
SEARCH NOT FOUND (ABORTING MOD): name="keyword"

----------------------------------------------------------------------


---------- Date: 2014-09-22 12:51:29 ~ IP : 217.91.165.165 ----------
REQUEST URI : /nasz/admin/index.php?route=catalog/product/update&amp;token=4b1cf17fcebfaad757ce4f25d86d0337&amp;product_id=602&amp;page=20
MOD DETAILS:
   modFile   : /home/demostrona/domains/demo.stronazen.pl/public_html/nasz/vqmod/xml/Auto-SEO-keywords-URL.xml
   id        : Auto SEO Keywords
   version   : 1
   vqmver    : 
   author    : Creative Ground
SEARCH NOT FOUND (ABORTING MOD): name="keyword"

----------------------------------------------------------------------


---------- Date: 2014-09-22 12:51:53 ~ IP : 217.91.165.165 ----------
REQUEST URI : /nasz/admin/index.php?route=catalog/product/update&amp;token=4b1cf17fcebfaad757ce4f25d86d0337&amp;product_id=112&amp;page=20
MOD DETAILS:
   modFile   : /home/demostrona/domains/demo.stronazen.pl/public_html/nasz/vqmod/xml/Auto-SEO-keywords-URL.xml
   id        : Auto SEO Keywords
   version   : 1
   vqmver    : 
   author    : Creative Ground
SEARCH NOT FOUND (ABORTING MOD): name="keyword"

----------------------------------------------------------------------


---------- Date: 2014-09-22 12:52:04 ~ IP : 217.91.165.165 ----------
REQUEST URI : /nasz/admin/index.php?route=catalog/product/update&amp;token=4b1cf17fcebfaad757ce4f25d86d0337&amp;product_id=511&amp;page=20
MOD DETAILS:
   modFile   : /home/demostrona/domains/demo.stronazen.pl/public_html/nasz/vqmod/xml/Auto-SEO-keywords-URL.xml
   id        : Auto SEO Keywords
   version   : 1
   vqmver    : 
   author    : Creative Ground
SEARCH NOT FOUND (ABORTING MOD): name="keyword"

----------------------------------------------------------------------


---------- Date: 2014-09-22 12:52:20 ~ IP : 217.91.165.165 ----------
REQUEST URI : /nasz/admin/index.php?route=catalog/product/update&amp;token=4b1cf17fcebfaad757ce4f25d86d0337&amp;product_id=141&amp;page=20
MOD DETAILS:
   modFile   : /home/demostrona/domains/demo.stronazen.pl/public_html/nasz/vqmod/xml/Auto-SEO-keywords-URL.xml
   id        : Auto SEO Keywords
   version   : 1
   vqmver    : 
   author    : Creative Ground
SEARCH NOT FOUND (ABORTING MOD): name="keyword"

----------------------------------------------------------------------


---------- Date: 2014-09-22 12:52:41 ~ IP : 217.91.165.165 ----------
REQUEST URI : /nasz/admin/index.php?route=catalog/product/update&amp;token=4b1cf17fcebfaad757ce4f25d86d0337&amp;product_id=294&amp;page=20
MOD DETAILS:
   modFile   : /home/demostrona/domains/demo.stronazen.pl/public_html/nasz/vqmod/xml/Auto-SEO-keywords-URL.xml
   id        : Auto SEO Keywords
   version   : 1
   vqmver    : 
   author    : Creative Ground
SEARCH NOT FOUND (ABORTING MOD): name="keyword"

----------------------------------------------------------------------


---------- Date: 2014-09-22 12:53:06 ~ IP : 217.91.165.165 ----------
REQUEST URI : /nasz/admin/index.php?route=catalog/product/update&amp;token=4b1cf17fcebfaad757ce4f25d86d0337&amp;product_id=293&amp;page=20
MOD DETAILS:
   modFile   : /home/demostrona/domains/demo.stronazen.pl/public_html/nasz/vqmod/xml/Auto-SEO-keywords-URL.xml
   id        : Auto SEO Keywords
   version   : 1
   vqmver    : 
   author    : Creative Ground
SEARCH NOT FOUND (ABORTING MOD): name="keyword"

----------------------------------------------------------------------


---------- Date: 2014-09-22 12:53:45 ~ IP : 217.91.165.165 ----------
REQUEST URI : /nasz/admin/index.php?route=catalog/product/update&amp;token=4b1cf17fcebfaad757ce4f25d86d0337&amp;product_id=295&amp;page=20
MOD DETAILS:
   modFile   : /home/demostrona/domains/demo.stronazen.pl/public_html/nasz/vqmod/xml/Auto-SEO-keywords-URL.xml
   id        : Auto SEO Keywords
   version   : 1
   vqmver    : 
   author    : Creative Ground
SEARCH NOT FOUND (ABORTING MOD): name="keyword"

----------------------------------------------------------------------


---------- Date: 2014-09-22 12:54:04 ~ IP : 217.91.165.165 ----------
REQUEST URI : /nasz/admin/index.php?route=catalog/product/update&amp;token=4b1cf17fcebfaad757ce4f25d86d0337&amp;product_id=288&amp;page=20
MOD DETAILS:
   modFile   : /home/demostrona/domains/demo.stronazen.pl/public_html/nasz/vqmod/xml/Auto-SEO-keywords-URL.xml
   id        : Auto SEO Keywords
   version   : 1
   vqmver    : 
   author    : Creative Ground
SEARCH NOT FOUND (ABORTING MOD): name="keyword"

----------------------------------------------------------------------


---------- Date: 2014-09-22 12:54:21 ~ IP : 217.91.165.165 ----------
REQUEST URI : /nasz/admin/index.php?route=catalog/product/update&amp;token=4b1cf17fcebfaad757ce4f25d86d0337&amp;product_id=287&amp;page=20
MOD DETAILS:
   modFile   : /home/demostrona/domains/demo.stronazen.pl/public_html/nasz/vqmod/xml/Auto-SEO-keywords-URL.xml
   id        : Auto SEO Keywords
   version   : 1
   vqmver    : 
   author    : Creative Ground
SEARCH NOT FOUND (ABORTING MOD): name="keyword"

----------------------------------------------------------------------


---------- Date: 2014-09-22 15:04:49 ~ IP : 87.177.162.168 ----------
REQUEST URI : /nasz/admin/index.php?route=catalog/product/update&amp;token=28dd286b2075d32d8b215b7b9a1310ce&amp;product_id=289&amp;page=21
MOD DETAILS:
   modFile   : /home/demostrona/domains/demo.stronazen.pl/public_html/nasz/vqmod/xml/Auto-SEO-keywords-URL.xml
   id        : Auto SEO Keywords
   version   : 1
   vqmver    : 
   author    : Creative Ground
SEARCH NOT FOUND (ABORTING MOD): name="keyword"

----------------------------------------------------------------------


---------- Date: 2014-09-22 15:05:26 ~ IP : 87.177.162.168 ----------
REQUEST URI : /nasz/admin/index.php?route=catalog/product/update&amp;token=28dd286b2075d32d8b215b7b9a1310ce&amp;product_id=290&amp;page=21
MOD DETAILS:
   modFile   : /home/demostrona/domains/demo.stronazen.pl/public_html/nasz/vqmod/xml/Auto-SEO-keywords-URL.xml
   id        : Auto SEO Keywords
   version   : 1
   vqmver    : 
   author    : Creative Ground
SEARCH NOT FOUND (ABORTING MOD): name="keyword"

----------------------------------------------------------------------


---------- Date: 2014-09-22 15:06:04 ~ IP : 87.177.162.168 ----------
REQUEST URI : /nasz/admin/index.php?route=catalog/product/update&amp;token=28dd286b2075d32d8b215b7b9a1310ce&amp;product_id=74&amp;page=21
MOD DETAILS:
   modFile   : /home/demostrona/domains/demo.stronazen.pl/public_html/nasz/vqmod/xml/Auto-SEO-keywords-URL.xml
   id        : Auto SEO Keywords
   version   : 1
   vqmver    : 
   author    : Creative Ground
SEARCH NOT FOUND (ABORTING MOD): name="keyword"

----------------------------------------------------------------------


---------- Date: 2014-09-22 15:06:42 ~ IP : 87.177.162.168 ----------
REQUEST URI : /nasz/admin/index.php?route=catalog/product/update&amp;token=28dd286b2075d32d8b215b7b9a1310ce&amp;product_id=9&amp;page=21
MOD DETAILS:
   modFile   : /home/demostrona/domains/demo.stronazen.pl/public_html/nasz/vqmod/xml/Auto-SEO-keywords-URL.xml
   id        : Auto SEO Keywords
   version   : 1
   vqmver    : 
   author    : Creative Ground
SEARCH NOT FOUND (ABORTING MOD): name="keyword"

----------------------------------------------------------------------


---------- Date: 2014-09-22 15:07:19 ~ IP : 87.177.162.168 ----------
REQUEST URI : /nasz/admin/index.php?route=catalog/product/update&amp;token=28dd286b2075d32d8b215b7b9a1310ce&amp;product_id=12&amp;page=21
MOD DETAILS:
   modFile   : /home/demostrona/domains/demo.stronazen.pl/public_html/nasz/vqmod/xml/Auto-SEO-keywords-URL.xml
   id        : Auto SEO Keywords
   version   : 1
   vqmver    : 
   author    : Creative Ground
SEARCH NOT FOUND (ABORTING MOD): name="keyword"

----------------------------------------------------------------------


---------- Date: 2014-09-22 15:07:48 ~ IP : 87.177.162.168 ----------
REQUEST URI : /nasz/admin/index.php?route=catalog/product/update&amp;token=28dd286b2075d32d8b215b7b9a1310ce&amp;product_id=6&amp;page=21
MOD DETAILS:
   modFile   : /home/demostrona/domains/demo.stronazen.pl/public_html/nasz/vqmod/xml/Auto-SEO-keywords-URL.xml
   id        : Auto SEO Keywords
   version   : 1
   vqmver    : 
   author    : Creative Ground
SEARCH NOT FOUND (ABORTING MOD): name="keyword"

----------------------------------------------------------------------


---------- Date: 2014-09-22 15:08:15 ~ IP : 87.177.162.168 ----------
REQUEST URI : /nasz/admin/index.php?route=catalog/product/update&amp;token=28dd286b2075d32d8b215b7b9a1310ce&amp;product_id=10&amp;page=21
MOD DETAILS:
   modFile   : /home/demostrona/domains/demo.stronazen.pl/public_html/nasz/vqmod/xml/Auto-SEO-keywords-URL.xml
   id        : Auto SEO Keywords
   version   : 1
   vqmver    : 
   author    : Creative Ground
SEARCH NOT FOUND (ABORTING MOD): name="keyword"

----------------------------------------------------------------------


---------- Date: 2014-09-22 15:08:52 ~ IP : 87.177.162.168 ----------
REQUEST URI : /nasz/admin/index.php?route=catalog/product/update&amp;token=28dd286b2075d32d8b215b7b9a1310ce&amp;product_id=75&amp;page=21
MOD DETAILS:
   modFile   : /home/demostrona/domains/demo.stronazen.pl/public_html/nasz/vqmod/xml/Auto-SEO-keywords-URL.xml
   id        : Auto SEO Keywords
   version   : 1
   vqmver    : 
   author    : Creative Ground
SEARCH NOT FOUND (ABORTING MOD): name="keyword"

----------------------------------------------------------------------


---------- Date: 2014-09-22 15:09:18 ~ IP : 87.177.162.168 ----------
REQUEST URI : /nasz/admin/index.php?route=catalog/product/update&amp;token=28dd286b2075d32d8b215b7b9a1310ce&amp;product_id=11&amp;page=21
MOD DETAILS:
   modFile   : /home/demostrona/domains/demo.stronazen.pl/public_html/nasz/vqmod/xml/Auto-SEO-keywords-URL.xml
   id        : Auto SEO Keywords
   version   : 1
   vqmver    : 
   author    : Creative Ground
SEARCH NOT FOUND (ABORTING MOD): name="keyword"

----------------------------------------------------------------------


---------- Date: 2014-09-22 15:09:41 ~ IP : 87.177.162.168 ----------
REQUEST URI : /nasz/admin/index.php?route=catalog/product/update&amp;token=28dd286b2075d32d8b215b7b9a1310ce&amp;product_id=76&amp;page=21
MOD DETAILS:
   modFile   : /home/demostrona/domains/demo.stronazen.pl/public_html/nasz/vqmod/xml/Auto-SEO-keywords-URL.xml
   id        : Auto SEO Keywords
   version   : 1
   vqmver    : 
   author    : Creative Ground
SEARCH NOT FOUND (ABORTING MOD): name="keyword"

----------------------------------------------------------------------


---------- Date: 2014-09-22 15:10:09 ~ IP : 87.177.162.168 ----------
REQUEST URI : /nasz/admin/index.php?route=catalog/product/update&amp;token=28dd286b2075d32d8b215b7b9a1310ce&amp;product_id=14&amp;page=21
MOD DETAILS:
   modFile   : /home/demostrona/domains/demo.stronazen.pl/public_html/nasz/vqmod/xml/Auto-SEO-keywords-URL.xml
   id        : Auto SEO Keywords
   version   : 1
   vqmver    : 
   author    : Creative Ground
SEARCH NOT FOUND (ABORTING MOD): name="keyword"

----------------------------------------------------------------------


---------- Date: 2014-09-22 15:10:33 ~ IP : 87.177.162.168 ----------
REQUEST URI : /nasz/admin/index.php?route=catalog/product/update&amp;token=28dd286b2075d32d8b215b7b9a1310ce&amp;product_id=8&amp;page=21
MOD DETAILS:
   modFile   : /home/demostrona/domains/demo.stronazen.pl/public_html/nasz/vqmod/xml/Auto-SEO-keywords-URL.xml
   id        : Auto SEO Keywords
   version   : 1
   vqmver    : 
   author    : Creative Ground
SEARCH NOT FOUND (ABORTING MOD): name="keyword"

----------------------------------------------------------------------


---------- Date: 2014-09-22 15:10:55 ~ IP : 87.177.162.168 ----------
REQUEST URI : /nasz/admin/index.php?route=catalog/product/update&amp;token=28dd286b2075d32d8b215b7b9a1310ce&amp;product_id=13&amp;page=21
MOD DETAILS:
   modFile   : /home/demostrona/domains/demo.stronazen.pl/public_html/nasz/vqmod/xml/Auto-SEO-keywords-URL.xml
   id        : Auto SEO Keywords
   version   : 1
   vqmver    : 
   author    : Creative Ground
SEARCH NOT FOUND (ABORTING MOD): name="keyword"

----------------------------------------------------------------------


---------- Date: 2014-09-22 15:11:32 ~ IP : 87.177.162.168 ----------
REQUEST URI : /nasz/admin/index.php?route=catalog/product/update&amp;token=28dd286b2075d32d8b215b7b9a1310ce&amp;product_id=7&amp;page=21
MOD DETAILS:
   modFile   : /home/demostrona/domains/demo.stronazen.pl/public_html/nasz/vqmod/xml/Auto-SEO-keywords-URL.xml
   id        : Auto SEO Keywords
   version   : 1
   vqmver    : 
   author    : Creative Ground
SEARCH NOT FOUND (ABORTING MOD): name="keyword"

----------------------------------------------------------------------


---------- Date: 2014-09-22 15:12:10 ~ IP : 87.177.162.168 ----------
REQUEST URI : /nasz/admin/index.php?route=catalog/product/update&amp;token=28dd286b2075d32d8b215b7b9a1310ce&amp;product_id=351&amp;page=21
MOD DETAILS:
   modFile   : /home/demostrona/domains/demo.stronazen.pl/public_html/nasz/vqmod/xml/Auto-SEO-keywords-URL.xml
   id        : Auto SEO Keywords
   version   : 1
   vqmver    : 
   author    : Creative Ground
SEARCH NOT FOUND (ABORTING MOD): name="keyword"

----------------------------------------------------------------------


---------- Date: 2014-09-22 15:12:45 ~ IP : 87.177.162.168 ----------
REQUEST URI : /nasz/admin/index.php?route=catalog/product/update&amp;token=28dd286b2075d32d8b215b7b9a1310ce&amp;product_id=317&amp;page=21
MOD DETAILS:
   modFile   : /home/demostrona/domains/demo.stronazen.pl/public_html/nasz/vqmod/xml/Auto-SEO-keywords-URL.xml
   id        : Auto SEO Keywords
   version   : 1
   vqmver    : 
   author    : Creative Ground
SEARCH NOT FOUND (ABORTING MOD): name="keyword"

----------------------------------------------------------------------


---------- Date: 2014-09-22 15:14:12 ~ IP : 87.177.162.168 ----------
REQUEST URI : /nasz/admin/index.php?route=catalog/product/update&amp;token=abca91771ccd751f048daed8adf7b236&amp;product_id=317&amp;page=21
MOD DETAILS:
   modFile   : /home/demostrona/domains/demo.stronazen.pl/public_html/nasz/vqmod/xml/Auto-SEO-keywords-URL.xml
   id        : Auto SEO Keywords
   version   : 1
   vqmver    : 
   author    : Creative Ground
SEARCH NOT FOUND (ABORTING MOD): name="keyword"

----------------------------------------------------------------------


---------- Date: 2014-09-22 15:14:40 ~ IP : 87.177.162.168 ----------
REQUEST URI : /nasz/admin/index.php?route=catalog/product/update&amp;token=abca91771ccd751f048daed8adf7b236&amp;product_id=250&amp;page=21
MOD DETAILS:
   modFile   : /home/demostrona/domains/demo.stronazen.pl/public_html/nasz/vqmod/xml/Auto-SEO-keywords-URL.xml
   id        : Auto SEO Keywords
   version   : 1
   vqmver    : 
   author    : Creative Ground
SEARCH NOT FOUND (ABORTING MOD): name="keyword"

----------------------------------------------------------------------


---------- Date: 2014-09-22 15:15:09 ~ IP : 87.177.162.168 ----------
REQUEST URI : /nasz/admin/index.php?route=catalog/product/update&amp;token=abca91771ccd751f048daed8adf7b236&amp;product_id=313&amp;page=21
MOD DETAILS:
   modFile   : /home/demostrona/domains/demo.stronazen.pl/public_html/nasz/vqmod/xml/Auto-SEO-keywords-URL.xml
   id        : Auto SEO Keywords
   version   : 1
   vqmver    : 
   author    : Creative Ground
SEARCH NOT FOUND (ABORTING MOD): name="keyword"

----------------------------------------------------------------------


---------- Date: 2014-09-22 15:15:44 ~ IP : 87.177.162.168 ----------
REQUEST URI : /nasz/admin/index.php?route=catalog/product/update&amp;token=abca91771ccd751f048daed8adf7b236&amp;product_id=272&amp;page=21
MOD DETAILS:
   modFile   : /home/demostrona/domains/demo.stronazen.pl/public_html/nasz/vqmod/xml/Auto-SEO-keywords-URL.xml
   id        : Auto SEO Keywords
   version   : 1
   vqmver    : 
   author    : Creative Ground
SEARCH NOT FOUND (ABORTING MOD): name="keyword"

----------------------------------------------------------------------


---------- Date: 2014-09-22 15:16:15 ~ IP : 87.177.162.168 ----------
REQUEST URI : /nasz/admin/index.php?route=catalog/product/update&amp;token=abca91771ccd751f048daed8adf7b236&amp;product_id=276&amp;page=21
MOD DETAILS:
   modFile   : /home/demostrona/domains/demo.stronazen.pl/public_html/nasz/vqmod/xml/Auto-SEO-keywords-URL.xml
   id        : Auto SEO Keywords
   version   : 1
   vqmver    : 
   author    : Creative Ground
SEARCH NOT FOUND (ABORTING MOD): name="keyword"

----------------------------------------------------------------------


---------- Date: 2014-09-22 15:16:59 ~ IP : 87.177.162.168 ----------
REQUEST URI : /nasz/admin/index.php?route=catalog/product/update&amp;token=abca91771ccd751f048daed8adf7b236&amp;product_id=271&amp;page=22
MOD DETAILS:
   modFile   : /home/demostrona/domains/demo.stronazen.pl/public_html/nasz/vqmod/xml/Auto-SEO-keywords-URL.xml
   id        : Auto SEO Keywords
   version   : 1
   vqmver    : 
   author    : Creative Ground
SEARCH NOT FOUND (ABORTING MOD): name="keyword"

----------------------------------------------------------------------


---------- Date: 2014-09-22 15:17:46 ~ IP : 87.177.162.168 ----------
REQUEST URI : /nasz/admin/index.php?route=catalog/product/update&amp;token=abca91771ccd751f048daed8adf7b236&amp;product_id=277&amp;page=22
MOD DETAILS:
   modFile   : /home/demostrona/domains/demo.stronazen.pl/public_html/nasz/vqmod/xml/Auto-SEO-keywords-URL.xml
   id        : Auto SEO Keywords
   version   : 1
   vqmver    : 
   author    : Creative Ground
SEARCH NOT FOUND (ABORTING MOD): name="keyword"

----------------------------------------------------------------------


---------- Date: 2014-09-22 15:18:15 ~ IP : 87.177.162.168 ----------
REQUEST URI : /nasz/admin/index.php?route=catalog/product/update&amp;token=abca91771ccd751f048daed8adf7b236&amp;product_id=283&amp;page=22
MOD DETAILS:
   modFile   : /home/demostrona/domains/demo.stronazen.pl/public_html/nasz/vqmod/xml/Auto-SEO-keywords-URL.xml
   id        : Auto SEO Keywords
   version   : 1
   vqmver    : 
   author    : Creative Ground
SEARCH NOT FOUND (ABORTING MOD): name="keyword"

----------------------------------------------------------------------


---------- Date: 2014-09-22 15:20:26 ~ IP : 87.177.162.168 ----------
REQUEST URI : /nasz/admin/index.php?route=catalog/product/update&amp;token=abca91771ccd751f048daed8adf7b236&amp;product_id=285&amp;page=22
MOD DETAILS:
   modFile   : /home/demostrona/domains/demo.stronazen.pl/public_html/nasz/vqmod/xml/Auto-SEO-keywords-URL.xml
   id        : Auto SEO Keywords
   version   : 1
   vqmver    : 
   author    : Creative Ground
SEARCH NOT FOUND (ABORTING MOD): name="keyword"

----------------------------------------------------------------------


---------- Date: 2014-09-22 15:20:48 ~ IP : 87.177.162.168 ----------
REQUEST URI : /nasz/admin/index.php?route=catalog/product/update&amp;token=abca91771ccd751f048daed8adf7b236&amp;product_id=540&amp;page=22
MOD DETAILS:
   modFile   : /home/demostrona/domains/demo.stronazen.pl/public_html/nasz/vqmod/xml/Auto-SEO-keywords-URL.xml
   id        : Auto SEO Keywords
   version   : 1
   vqmver    : 
   author    : Creative Ground
SEARCH NOT FOUND (ABORTING MOD): name="keyword"

----------------------------------------------------------------------


---------- Date: 2014-09-22 15:21:31 ~ IP : 87.177.162.168 ----------
REQUEST URI : /nasz/admin/index.php?route=catalog/product/update&amp;token=abca91771ccd751f048daed8adf7b236&amp;product_id=435&amp;page=22
MOD DETAILS:
   modFile   : /home/demostrona/domains/demo.stronazen.pl/public_html/nasz/vqmod/xml/Auto-SEO-keywords-URL.xml
   id        : Auto SEO Keywords
   version   : 1
   vqmver    : 
   author    : Creative Ground
SEARCH NOT FOUND (ABORTING MOD): name="keyword"

----------------------------------------------------------------------


---------- Date: 2014-09-22 15:22:29 ~ IP : 87.177.162.168 ----------
REQUEST URI : /nasz/admin/index.php?route=catalog/product/update&amp;token=abca91771ccd751f048daed8adf7b236&amp;product_id=432&amp;page=22
MOD DETAILS:
   modFile   : /home/demostrona/domains/demo.stronazen.pl/public_html/nasz/vqmod/xml/Auto-SEO-keywords-URL.xml
   id        : Auto SEO Keywords
   version   : 1
   vqmver    : 
   author    : Creative Ground
SEARCH NOT FOUND (ABORTING MOD): name="keyword"

----------------------------------------------------------------------


---------- Date: 2014-09-22 15:23:06 ~ IP : 87.177.162.168 ----------
REQUEST URI : /nasz/admin/index.php?route=catalog/product/update&amp;token=abca91771ccd751f048daed8adf7b236&amp;product_id=611&amp;page=22
MOD DETAILS:
   modFile   : /home/demostrona/domains/demo.stronazen.pl/public_html/nasz/vqmod/xml/Auto-SEO-keywords-URL.xml
   id        : Auto SEO Keywords
   version   : 1
   vqmver    : 
   author    : Creative Ground
SEARCH NOT FOUND (ABORTING MOD): name="keyword"

----------------------------------------------------------------------


---------- Date: 2014-09-22 15:23:55 ~ IP : 87.177.162.168 ----------
REQUEST URI : /nasz/admin/index.php?route=catalog/product/update&amp;token=abca91771ccd751f048daed8adf7b236&amp;product_id=640&amp;page=22
MOD DETAILS:
   modFile   : /home/demostrona/domains/demo.stronazen.pl/public_html/nasz/vqmod/xml/Auto-SEO-keywords-URL.xml
   id        : Auto SEO Keywords
   version   : 1
   vqmver    : 
   author    : Creative Ground
SEARCH NOT FOUND (ABORTING MOD): name="keyword"

----------------------------------------------------------------------


---------- Date: 2014-09-22 15:24:45 ~ IP : 87.177.162.168 ----------
REQUEST URI : /nasz/admin/index.php?route=catalog/product/update&amp;token=abca91771ccd751f048daed8adf7b236&amp;product_id=641&amp;page=22
MOD DETAILS:
   modFile   : /home/demostrona/domains/demo.stronazen.pl/public_html/nasz/vqmod/xml/Auto-SEO-keywords-URL.xml
   id        : Auto SEO Keywords
   version   : 1
   vqmver    : 
   author    : Creative Ground
SEARCH NOT FOUND (ABORTING MOD): name="keyword"

----------------------------------------------------------------------


---------- Date: 2014-09-22 15:25:25 ~ IP : 87.177.162.168 ----------
REQUEST URI : /nasz/admin/index.php?route=catalog/product/update&amp;token=abca91771ccd751f048daed8adf7b236&amp;product_id=643&amp;page=22
MOD DETAILS:
   modFile   : /home/demostrona/domains/demo.stronazen.pl/public_html/nasz/vqmod/xml/Auto-SEO-keywords-URL.xml
   id        : Auto SEO Keywords
   version   : 1
   vqmver    : 
   author    : Creative Ground
SEARCH NOT FOUND (ABORTING MOD): name="keyword"

----------------------------------------------------------------------


---------- Date: 2014-09-22 15:26:15 ~ IP : 87.177.162.168 ----------
REQUEST URI : /nasz/admin/index.php?route=catalog/product/update&amp;token=abca91771ccd751f048daed8adf7b236&amp;product_id=433&amp;page=22
MOD DETAILS:
   modFile   : /home/demostrona/domains/demo.stronazen.pl/public_html/nasz/vqmod/xml/Auto-SEO-keywords-URL.xml
   id        : Auto SEO Keywords
   version   : 1
   vqmver    : 
   author    : Creative Ground
SEARCH NOT FOUND (ABORTING MOD): name="keyword"

----------------------------------------------------------------------


---------- Date: 2014-09-22 15:27:23 ~ IP : 87.177.162.168 ----------
REQUEST URI : /nasz/admin/index.php?route=catalog/product/update&amp;token=abca91771ccd751f048daed8adf7b236&amp;product_id=646&amp;page=22
MOD DETAILS:
   modFile   : /home/demostrona/domains/demo.stronazen.pl/public_html/nasz/vqmod/xml/Auto-SEO-keywords-URL.xml
   id        : Auto SEO Keywords
   version   : 1
   vqmver    : 
   author    : Creative Ground
SEARCH NOT FOUND (ABORTING MOD): name="keyword"

----------------------------------------------------------------------


---------- Date: 2014-09-22 15:28:36 ~ IP : 87.177.162.168 ----------
REQUEST URI : /nasz/admin/index.php?route=catalog/product/update&amp;token=abca91771ccd751f048daed8adf7b236&amp;product_id=434&amp;page=22
MOD DETAILS:
   modFile   : /home/demostrona/domains/demo.stronazen.pl/public_html/nasz/vqmod/xml/Auto-SEO-keywords-URL.xml
   id        : Auto SEO Keywords
   version   : 1
   vqmver    : 
   author    : Creative Ground
SEARCH NOT FOUND (ABORTING MOD): name="keyword"

----------------------------------------------------------------------


---------- Date: 2014-09-22 15:49:57 ~ IP : 87.177.162.168 ----------
REQUEST URI : /nasz/admin/index.php?route=catalog/product/update&amp;token=abca91771ccd751f048daed8adf7b236&amp;product_id=436&amp;page=22
MOD DETAILS:
   modFile   : /home/demostrona/domains/demo.stronazen.pl/public_html/nasz/vqmod/xml/Auto-SEO-keywords-URL.xml
   id        : Auto SEO Keywords
   version   : 1
   vqmver    : 
   author    : Creative Ground
SEARCH NOT FOUND (ABORTING MOD): name="keyword"

----------------------------------------------------------------------


---------- Date: 2014-09-22 15:50:31 ~ IP : 87.177.162.168 ----------
REQUEST URI : /nasz/admin/index.php?route=catalog/product/update&amp;token=abca91771ccd751f048daed8adf7b236&amp;product_id=437&amp;page=22
MOD DETAILS:
   modFile   : /home/demostrona/domains/demo.stronazen.pl/public_html/nasz/vqmod/xml/Auto-SEO-keywords-URL.xml
   id        : Auto SEO Keywords
   version   : 1
   vqmver    : 
   author    : Creative Ground
SEARCH NOT FOUND (ABORTING MOD): name="keyword"

----------------------------------------------------------------------


---------- Date: 2014-09-22 15:51:05 ~ IP : 87.177.162.168 ----------
REQUEST URI : /nasz/admin/index.php?route=catalog/product/update&amp;token=abca91771ccd751f048daed8adf7b236&amp;product_id=612&amp;page=22
MOD DETAILS:
   modFile   : /home/demostrona/domains/demo.stronazen.pl/public_html/nasz/vqmod/xml/Auto-SEO-keywords-URL.xml
   id        : Auto SEO Keywords
   version   : 1
   vqmver    : 
   author    : Creative Ground
SEARCH NOT FOUND (ABORTING MOD): name="keyword"

----------------------------------------------------------------------


---------- Date: 2014-09-22 15:51:52 ~ IP : 87.177.162.168 ----------
REQUEST URI : /nasz/admin/index.php?route=catalog/product/update&amp;token=abca91771ccd751f048daed8adf7b236&amp;product_id=618&amp;page=22
MOD DETAILS:
   modFile   : /home/demostrona/domains/demo.stronazen.pl/public_html/nasz/vqmod/xml/Auto-SEO-keywords-URL.xml
   id        : Auto SEO Keywords
   version   : 1
   vqmver    : 
   author    : Creative Ground
SEARCH NOT FOUND (ABORTING MOD): name="keyword"

----------------------------------------------------------------------


---------- Date: 2014-09-22 15:52:41 ~ IP : 87.177.162.168 ----------
REQUEST URI : /nasz/admin/index.php?route=catalog/product/update&amp;token=abca91771ccd751f048daed8adf7b236&amp;product_id=619&amp;page=22
MOD DETAILS:
   modFile   : /home/demostrona/domains/demo.stronazen.pl/public_html/nasz/vqmod/xml/Auto-SEO-keywords-URL.xml
   id        : Auto SEO Keywords
   version   : 1
   vqmver    : 
   author    : Creative Ground
SEARCH NOT FOUND (ABORTING MOD): name="keyword"

----------------------------------------------------------------------


---------- Date: 2014-09-22 15:53:39 ~ IP : 87.177.162.168 ----------
REQUEST URI : /nasz/admin/index.php?route=catalog/product/update&amp;token=abca91771ccd751f048daed8adf7b236&amp;product_id=620&amp;page=22
MOD DETAILS:
   modFile   : /home/demostrona/domains/demo.stronazen.pl/public_html/nasz/vqmod/xml/Auto-SEO-keywords-URL.xml
   id        : Auto SEO Keywords
   version   : 1
   vqmver    : 
   author    : Creative Ground
SEARCH NOT FOUND (ABORTING MOD): name="keyword"

----------------------------------------------------------------------


---------- Date: 2014-09-22 15:57:55 ~ IP : 87.177.162.168 ----------
REQUEST URI : /nasz/admin/index.php?route=catalog/product/update&amp;token=abca91771ccd751f048daed8adf7b236&amp;product_id=642&amp;page=23
MOD DETAILS:
   modFile   : /home/demostrona/domains/demo.stronazen.pl/public_html/nasz/vqmod/xml/Auto-SEO-keywords-URL.xml
   id        : Auto SEO Keywords
   version   : 1
   vqmver    : 
   author    : Creative Ground
SEARCH NOT FOUND (ABORTING MOD): name="keyword"

----------------------------------------------------------------------


---------- Date: 2014-09-22 16:11:03 ~ IP : 87.177.162.168 ----------
REQUEST URI : /nasz/admin/index.php?route=catalog/product/update&amp;token=abca91771ccd751f048daed8adf7b236&amp;product_id=648&amp;page=23
MOD DETAILS:
   modFile   : /home/demostrona/domains/demo.stronazen.pl/public_html/nasz/vqmod/xml/Auto-SEO-keywords-URL.xml
   id        : Auto SEO Keywords
   version   : 1
   vqmver    : 
   author    : Creative Ground
SEARCH NOT FOUND (ABORTING MOD): name="keyword"

----------------------------------------------------------------------


---------- Date: 2014-09-22 16:11:30 ~ IP : 87.177.162.168 ----------
REQUEST URI : /nasz/admin/index.php?route=catalog/product/update&amp;token=abca91771ccd751f048daed8adf7b236&amp;product_id=649&amp;page=23
MOD DETAILS:
   modFile   : /home/demostrona/domains/demo.stronazen.pl/public_html/nasz/vqmod/xml/Auto-SEO-keywords-URL.xml
   id        : Auto SEO Keywords
   version   : 1
   vqmver    : 
   author    : Creative Ground
SEARCH NOT FOUND (ABORTING MOD): name="keyword"

----------------------------------------------------------------------


---------- Date: 2014-09-22 16:12:21 ~ IP : 87.177.162.168 ----------
REQUEST URI : /nasz/admin/index.php?route=catalog/product/update&amp;token=abca91771ccd751f048daed8adf7b236&amp;product_id=645&amp;page=23
MOD DETAILS:
   modFile   : /home/demostrona/domains/demo.stronazen.pl/public_html/nasz/vqmod/xml/Auto-SEO-keywords-URL.xml
   id        : Auto SEO Keywords
   version   : 1
   vqmver    : 
   author    : Creative Ground
SEARCH NOT FOUND (ABORTING MOD): name="keyword"

----------------------------------------------------------------------


---------- Date: 2014-09-22 16:14:16 ~ IP : 87.177.162.168 ----------
REQUEST URI : /nasz/admin/index.php?route=catalog/product/update&amp;token=abca91771ccd751f048daed8adf7b236&amp;product_id=647&amp;page=23
MOD DETAILS:
   modFile   : /home/demostrona/domains/demo.stronazen.pl/public_html/nasz/vqmod/xml/Auto-SEO-keywords-URL.xml
   id        : Auto SEO Keywords
   version   : 1
   vqmver    : 
   author    : Creative Ground
SEARCH NOT FOUND (ABORTING MOD): name="keyword"

----------------------------------------------------------------------


---------- Date: 2014-09-22 16:14:54 ~ IP : 87.177.162.168 ----------
REQUEST URI : /nasz/admin/index.php?route=catalog/product/update&amp;token=abca91771ccd751f048daed8adf7b236&amp;product_id=172&amp;page=23
MOD DETAILS:
   modFile   : /home/demostrona/domains/demo.stronazen.pl/public_html/nasz/vqmod/xml/Auto-SEO-keywords-URL.xml
   id        : Auto SEO Keywords
   version   : 1
   vqmver    : 
   author    : Creative Ground
SEARCH NOT FOUND (ABORTING MOD): name="keyword"

----------------------------------------------------------------------


---------- Date: 2014-09-22 16:15:23 ~ IP : 87.177.162.168 ----------
REQUEST URI : /nasz/admin/index.php?route=catalog/product/update&amp;token=abca91771ccd751f048daed8adf7b236&amp;product_id=425&amp;page=23
MOD DETAILS:
   modFile   : /home/demostrona/domains/demo.stronazen.pl/public_html/nasz/vqmod/xml/Auto-SEO-keywords-URL.xml
   id        : Auto SEO Keywords
   version   : 1
   vqmver    : 
   author    : Creative Ground
SEARCH NOT FOUND (ABORTING MOD): name="keyword"

----------------------------------------------------------------------


---------- Date: 2014-09-22 16:15:54 ~ IP : 87.177.162.168 ----------
REQUEST URI : /nasz/admin/index.php?route=catalog/product/update&amp;token=abca91771ccd751f048daed8adf7b236&amp;product_id=316&amp;page=23
MOD DETAILS:
   modFile   : /home/demostrona/domains/demo.stronazen.pl/public_html/nasz/vqmod/xml/Auto-SEO-keywords-URL.xml
   id        : Auto SEO Keywords
   version   : 1
   vqmver    : 
   author    : Creative Ground
SEARCH NOT FOUND (ABORTING MOD): name="keyword"

----------------------------------------------------------------------


---------- Date: 2014-09-22 16:16:59 ~ IP : 87.177.162.168 ----------
REQUEST URI : /nasz/admin/index.php?route=catalog/product/update&amp;token=abca91771ccd751f048daed8adf7b236&amp;product_id=322&amp;page=23
MOD DETAILS:
   modFile   : /home/demostrona/domains/demo.stronazen.pl/public_html/nasz/vqmod/xml/Auto-SEO-keywords-URL.xml
   id        : Auto SEO Keywords
   version   : 1
   vqmver    : 
   author    : Creative Ground
SEARCH NOT FOUND (ABORTING MOD): name="keyword"

----------------------------------------------------------------------


---------- Date: 2014-09-22 16:25:15 ~ IP : 87.177.162.168 ----------
REQUEST URI : /nasz/admin/index.php?route=catalog/product/update&amp;token=abca91771ccd751f048daed8adf7b236&amp;product_id=323&amp;page=23
MOD DETAILS:
   modFile   : /home/demostrona/domains/demo.stronazen.pl/public_html/nasz/vqmod/xml/Auto-SEO-keywords-URL.xml
   id        : Auto SEO Keywords
   version   : 1
   vqmver    : 
   author    : Creative Ground
SEARCH NOT FOUND (ABORTING MOD): name="keyword"

----------------------------------------------------------------------


---------- Date: 2014-09-22 16:25:52 ~ IP : 87.177.162.168 ----------
REQUEST URI : /nasz/admin/index.php?route=catalog/product/update&amp;token=abca91771ccd751f048daed8adf7b236&amp;product_id=324&amp;page=23
MOD DETAILS:
   modFile   : /home/demostrona/domains/demo.stronazen.pl/public_html/nasz/vqmod/xml/Auto-SEO-keywords-URL.xml
   id        : Auto SEO Keywords
   version   : 1
   vqmver    : 
   author    : Creative Ground
SEARCH NOT FOUND (ABORTING MOD): name="keyword"

----------------------------------------------------------------------


---------- Date: 2014-09-22 16:27:06 ~ IP : 87.177.162.168 ----------
REQUEST URI : /nasz/admin/index.php?route=catalog/product/update&amp;token=abca91771ccd751f048daed8adf7b236&amp;product_id=320&amp;page=23
MOD DETAILS:
   modFile   : /home/demostrona/domains/demo.stronazen.pl/public_html/nasz/vqmod/xml/Auto-SEO-keywords-URL.xml
   id        : Auto SEO Keywords
   version   : 1
   vqmver    : 
   author    : Creative Ground
SEARCH NOT FOUND (ABORTING MOD): name="keyword"

----------------------------------------------------------------------


---------- Date: 2014-09-22 16:27:44 ~ IP : 87.177.162.168 ----------
REQUEST URI : /nasz/admin/index.php?route=catalog/product/update&amp;token=abca91771ccd751f048daed8adf7b236&amp;product_id=462&amp;page=23
MOD DETAILS:
   modFile   : /home/demostrona/domains/demo.stronazen.pl/public_html/nasz/vqmod/xml/Auto-SEO-keywords-URL.xml
   id        : Auto SEO Keywords
   version   : 1
   vqmver    : 
   author    : Creative Ground
SEARCH NOT FOUND (ABORTING MOD): name="keyword"

----------------------------------------------------------------------


---------- Date: 2014-09-22 16:28:24 ~ IP : 87.177.162.168 ----------
REQUEST URI : /nasz/admin/index.php?route=catalog/product/update&amp;token=abca91771ccd751f048daed8adf7b236&amp;product_id=626&amp;page=23
MOD DETAILS:
   modFile   : /home/demostrona/domains/demo.stronazen.pl/public_html/nasz/vqmod/xml/Auto-SEO-keywords-URL.xml
   id        : Auto SEO Keywords
   version   : 1
   vqmver    : 
   author    : Creative Ground
SEARCH NOT FOUND (ABORTING MOD): name="keyword"

----------------------------------------------------------------------


---------- Date: 2014-09-22 16:29:17 ~ IP : 87.177.162.168 ----------
REQUEST URI : /nasz/admin/index.php?route=catalog/product/update&amp;token=abca91771ccd751f048daed8adf7b236&amp;product_id=624&amp;page=23
MOD DETAILS:
   modFile   : /home/demostrona/domains/demo.stronazen.pl/public_html/nasz/vqmod/xml/Auto-SEO-keywords-URL.xml
   id        : Auto SEO Keywords
   version   : 1
   vqmver    : 
   author    : Creative Ground
SEARCH NOT FOUND (ABORTING MOD): name="keyword"

----------------------------------------------------------------------


---------- Date: 2014-09-22 16:29:35 ~ IP : 87.177.162.168 ----------
REQUEST URI : /nasz/admin/index.php?route=catalog/product/update&amp;token=abca91771ccd751f048daed8adf7b236&amp;product_id=625&amp;page=23
MOD DETAILS:
   modFile   : /home/demostrona/domains/demo.stronazen.pl/public_html/nasz/vqmod/xml/Auto-SEO-keywords-URL.xml
   id        : Auto SEO Keywords
   version   : 1
   vqmver    : 
   author    : Creative Ground
SEARCH NOT FOUND (ABORTING MOD): name="keyword"

----------------------------------------------------------------------


---------- Date: 2014-09-22 17:37:40 ~ IP : 46.175.230.17 ----------
REQUEST URI : /nasz/admin/index.php?route=catalog/product/update&amp;token=e1b937899379b638168bf9bee74f1b0a&amp;product_id=474&amp;filter_model=R73180.03&amp;filter_status=1&amp;filter_status=1
MOD DETAILS:
   modFile   : /home/demostrona/domains/demo.stronazen.pl/public_html/nasz/vqmod/xml/Auto-SEO-keywords-URL.xml
   id        : Auto SEO Keywords
   version   : 1
   vqmver    : 
   author    : Creative Ground
SEARCH NOT FOUND (ABORTING MOD): name="keyword"

----------------------------------------------------------------------


---------- Date: 2014-09-22 17:46:22 ~ IP : 46.175.230.17 ----------
REQUEST URI : /nasz/admin/index.php?route=catalog/product/update&amp;token=e1b937899379b638168bf9bee74f1b0a&amp;product_id=474&amp;filter_model=R73180.03&amp;filter_status=1&amp;filter_status=1
MOD DETAILS:
   modFile   : /home/demostrona/domains/demo.stronazen.pl/public_html/nasz/vqmod/xml/Auto-SEO-keywords-URL.xml
   id        : Auto SEO Keywords
   version   : 1
   vqmver    : 
   author    : Creative Ground
SEARCH NOT FOUND (ABORTING MOD): name="keyword"

----------------------------------------------------------------------


---------- Date: 2014-09-22 17:48:34 ~ IP : 46.175.230.17 ----------
REQUEST URI : /nasz/admin/index.php?route=catalog/product/update&amp;token=e1b937899379b638168bf9bee74f1b0a&amp;product_id=474&amp;filter_model=R73180.03&amp;filter_status=1&amp;filter_status=1
MOD DETAILS:
   modFile   : /home/demostrona/domains/demo.stronazen.pl/public_html/nasz/vqmod/xml/Auto-SEO-keywords-URL.xml
   id        : Auto SEO Keywords
   version   : 1
   vqmver    : 
   author    : Creative Ground
SEARCH NOT FOUND (ABORTING MOD): name="keyword"

----------------------------------------------------------------------


---------- Date: 2014-09-22 18:04:59 ~ IP : 87.177.162.168 ----------
REQUEST URI : /nasz/admin/index.php?route=catalog/product/update&amp;product_id=627&amp;page=23&amp;token=3b5ab5ae8910a75a93081d4fd593de89
MOD DETAILS:
   modFile   : /home/demostrona/domains/demo.stronazen.pl/public_html/nasz/vqmod/xml/Auto-SEO-keywords-URL.xml
   id        : Auto SEO Keywords
   version   : 1
   vqmver    : 
   author    : Creative Ground
SEARCH NOT FOUND (ABORTING MOD): name="keyword"

----------------------------------------------------------------------


---------- Date: 2014-09-22 18:05:40 ~ IP : 87.177.162.168 ----------
REQUEST URI : /nasz/admin/index.php?route=catalog/product/update&amp;token=3b5ab5ae8910a75a93081d4fd593de89&amp;product_id=628&amp;page=23
MOD DETAILS:
   modFile   : /home/demostrona/domains/demo.stronazen.pl/public_html/nasz/vqmod/xml/Auto-SEO-keywords-URL.xml
   id        : Auto SEO Keywords
   version   : 1
   vqmver    : 
   author    : Creative Ground
SEARCH NOT FOUND (ABORTING MOD): name="keyword"

----------------------------------------------------------------------


---------- Date: 2014-09-22 18:06:02 ~ IP : 87.177.162.168 ----------
REQUEST URI : /nasz/admin/index.php?route=catalog/product/update&amp;token=3b5ab5ae8910a75a93081d4fd593de89&amp;product_id=564&amp;page=23
MOD DETAILS:
   modFile   : /home/demostrona/domains/demo.stronazen.pl/public_html/nasz/vqmod/xml/Auto-SEO-keywords-URL.xml
   id        : Auto SEO Keywords
   version   : 1
   vqmver    : 
   author    : Creative Ground
SEARCH NOT FOUND (ABORTING MOD): name="keyword"

----------------------------------------------------------------------


---------- Date: 2014-09-22 18:07:14 ~ IP : 87.177.162.168 ----------
REQUEST URI : /nasz/admin/index.php?route=catalog/product/update&amp;token=3b5ab5ae8910a75a93081d4fd593de89&amp;product_id=638&amp;page=23
MOD DETAILS:
   modFile   : /home/demostrona/domains/demo.stronazen.pl/public_html/nasz/vqmod/xml/Auto-SEO-keywords-URL.xml
   id        : Auto SEO Keywords
   version   : 1
   vqmver    : 
   author    : Creative Ground
SEARCH NOT FOUND (ABORTING MOD): name="keyword"

----------------------------------------------------------------------


---------- Date: 2014-09-22 18:07:35 ~ IP : 87.177.162.168 ----------
REQUEST URI : /nasz/admin/index.php?route=catalog/product/update&amp;token=3b5ab5ae8910a75a93081d4fd593de89&amp;product_id=639&amp;page=24
MOD DETAILS:
   modFile   : /home/demostrona/domains/demo.stronazen.pl/public_html/nasz/vqmod/xml/Auto-SEO-keywords-URL.xml
   id        : Auto SEO Keywords
   version   : 1
   vqmver    : 
   author    : Creative Ground
SEARCH NOT FOUND (ABORTING MOD): name="keyword"

----------------------------------------------------------------------


---------- Date: 2014-09-22 18:08:33 ~ IP : 87.177.162.168 ----------
REQUEST URI : /nasz/admin/index.php?route=catalog/product/update&amp;token=3b5ab5ae8910a75a93081d4fd593de89&amp;product_id=98&amp;page=24
MOD DETAILS:
   modFile   : /home/demostrona/domains/demo.stronazen.pl/public_html/nasz/vqmod/xml/Auto-SEO-keywords-URL.xml
   id        : Auto SEO Keywords
   version   : 1
   vqmver    : 
   author    : Creative Ground
SEARCH NOT FOUND (ABORTING MOD): name="keyword"

----------------------------------------------------------------------


---------- Date: 2014-09-22 18:09:08 ~ IP : 87.177.162.168 ----------
REQUEST URI : /nasz/admin/index.php?route=catalog/product/update&amp;token=3b5ab5ae8910a75a93081d4fd593de89&amp;product_id=96&amp;page=24
MOD DETAILS:
   modFile   : /home/demostrona/domains/demo.stronazen.pl/public_html/nasz/vqmod/xml/Auto-SEO-keywords-URL.xml
   id        : Auto SEO Keywords
   version   : 1
   vqmver    : 
   author    : Creative Ground
SEARCH NOT FOUND (ABORTING MOD): name="keyword"

----------------------------------------------------------------------


---------- Date: 2014-09-22 18:09:41 ~ IP : 87.177.162.168 ----------
REQUEST URI : /nasz/admin/index.php?route=catalog/product/update&amp;token=3b5ab5ae8910a75a93081d4fd593de89&amp;product_id=102&amp;page=24
MOD DETAILS:
   modFile   : /home/demostrona/domains/demo.stronazen.pl/public_html/nasz/vqmod/xml/Auto-SEO-keywords-URL.xml
   id        : Auto SEO Keywords
   version   : 1
   vqmver    : 
   author    : Creative Ground
SEARCH NOT FOUND (ABORTING MOD): name="keyword"

----------------------------------------------------------------------


---------- Date: 2014-09-22 18:09:56 ~ IP : 87.177.162.168 ----------
REQUEST URI : /nasz/admin/index.php?route=catalog/product/update&amp;token=3b5ab5ae8910a75a93081d4fd593de89&amp;product_id=97&amp;page=24
MOD DETAILS:
   modFile   : /home/demostrona/domains/demo.stronazen.pl/public_html/nasz/vqmod/xml/Auto-SEO-keywords-URL.xml
   id        : Auto SEO Keywords
   version   : 1
   vqmver    : 
   author    : Creative Ground
SEARCH NOT FOUND (ABORTING MOD): name="keyword"

----------------------------------------------------------------------


---------- Date: 2014-09-22 18:10:29 ~ IP : 87.177.162.168 ----------
REQUEST URI : /nasz/admin/index.php?route=catalog/product/update&amp;token=3b5ab5ae8910a75a93081d4fd593de89&amp;product_id=549&amp;page=24
MOD DETAILS:
   modFile   : /home/demostrona/domains/demo.stronazen.pl/public_html/nasz/vqmod/xml/Auto-SEO-keywords-URL.xml
   id        : Auto SEO Keywords
   version   : 1
   vqmver    : 
   author    : Creative Ground
SEARCH NOT FOUND (ABORTING MOD): name="keyword"

----------------------------------------------------------------------


---------- Date: 2014-09-22 18:11:39 ~ IP : 87.177.162.168 ----------
REQUEST URI : /nasz/admin/index.php?route=catalog/product/update&amp;token=3b5ab5ae8910a75a93081d4fd593de89&amp;product_id=550&amp;page=24
MOD DETAILS:
   modFile   : /home/demostrona/domains/demo.stronazen.pl/public_html/nasz/vqmod/xml/Auto-SEO-keywords-URL.xml
   id        : Auto SEO Keywords
   version   : 1
   vqmver    : 
   author    : Creative Ground
SEARCH NOT FOUND (ABORTING MOD): name="keyword"

----------------------------------------------------------------------


---------- Date: 2014-09-22 18:12:24 ~ IP : 87.177.162.168 ----------
REQUEST URI : /nasz/admin/index.php?route=catalog/product/update&amp;token=3b5ab5ae8910a75a93081d4fd593de89&amp;product_id=110&amp;page=24
MOD DETAILS:
   modFile   : /home/demostrona/domains/demo.stronazen.pl/public_html/nasz/vqmod/xml/Auto-SEO-keywords-URL.xml
   id        : Auto SEO Keywords
   version   : 1
   vqmver    : 
   author    : Creative Ground
SEARCH NOT FOUND (ABORTING MOD): name="keyword"

----------------------------------------------------------------------


---------- Date: 2014-09-22 18:12:57 ~ IP : 87.177.162.168 ----------
REQUEST URI : /nasz/admin/index.php?route=catalog/product/update&amp;token=3b5ab5ae8910a75a93081d4fd593de89&amp;product_id=671&amp;page=24
MOD DETAILS:
   modFile   : /home/demostrona/domains/demo.stronazen.pl/public_html/nasz/vqmod/xml/Auto-SEO-keywords-URL.xml
   id        : Auto SEO Keywords
   version   : 1
   vqmver    : 
   author    : Creative Ground
SEARCH NOT FOUND (ABORTING MOD): name="keyword"

----------------------------------------------------------------------


---------- Date: 2014-09-22 18:13:32 ~ IP : 87.177.162.168 ----------
REQUEST URI : /nasz/admin/index.php?route=catalog/product/update&amp;token=3b5ab5ae8910a75a93081d4fd593de89&amp;product_id=25&amp;page=24
MOD DETAILS:
   modFile   : /home/demostrona/domains/demo.stronazen.pl/public_html/nasz/vqmod/xml/Auto-SEO-keywords-URL.xml
   id        : Auto SEO Keywords
   version   : 1
   vqmver    : 
   author    : Creative Ground
SEARCH NOT FOUND (ABORTING MOD): name="keyword"

----------------------------------------------------------------------


---------- Date: 2014-09-22 18:14:04 ~ IP : 87.177.162.168 ----------
REQUEST URI : /nasz/admin/index.php?route=catalog/product/update&amp;token=3b5ab5ae8910a75a93081d4fd593de89&amp;product_id=33&amp;page=24
MOD DETAILS:
   modFile   : /home/demostrona/domains/demo.stronazen.pl/public_html/nasz/vqmod/xml/Auto-SEO-keywords-URL.xml
   id        : Auto SEO Keywords
   version   : 1
   vqmver    : 
   author    : Creative Ground
SEARCH NOT FOUND (ABORTING MOD): name="keyword"

----------------------------------------------------------------------


---------- Date: 2014-09-22 18:14:55 ~ IP : 87.177.162.168 ----------
REQUEST URI : /nasz/admin/index.php?route=catalog/product/update&amp;token=3b5ab5ae8910a75a93081d4fd593de89&amp;product_id=31&amp;page=24
MOD DETAILS:
   modFile   : /home/demostrona/domains/demo.stronazen.pl/public_html/nasz/vqmod/xml/Auto-SEO-keywords-URL.xml
   id        : Auto SEO Keywords
   version   : 1
   vqmver    : 
   author    : Creative Ground
SEARCH NOT FOUND (ABORTING MOD): name="keyword"

----------------------------------------------------------------------


---------- Date: 2014-09-22 18:16:03 ~ IP : 87.177.162.168 ----------
REQUEST URI : /nasz/admin/index.php?route=catalog/product/update&amp;token=3b5ab5ae8910a75a93081d4fd593de89&amp;product_id=35&amp;page=24
MOD DETAILS:
   modFile   : /home/demostrona/domains/demo.stronazen.pl/public_html/nasz/vqmod/xml/Auto-SEO-keywords-URL.xml
   id        : Auto SEO Keywords
   version   : 1
   vqmver    : 
   author    : Creative Ground
SEARCH NOT FOUND (ABORTING MOD): name="keyword"

----------------------------------------------------------------------


---------- Date: 2014-09-22 18:17:56 ~ IP : 87.177.162.168 ----------
REQUEST URI : /nasz/admin/index.php?route=catalog/product/update&amp;token=3b5ab5ae8910a75a93081d4fd593de89&amp;product_id=23&amp;page=24
MOD DETAILS:
   modFile   : /home/demostrona/domains/demo.stronazen.pl/public_html/nasz/vqmod/xml/Auto-SEO-keywords-URL.xml
   id        : Auto SEO Keywords
   version   : 1
   vqmver    : 
   author    : Creative Ground
SEARCH NOT FOUND (ABORTING MOD): name="keyword"

----------------------------------------------------------------------


---------- Date: 2014-09-22 18:18:25 ~ IP : 87.177.162.168 ----------
REQUEST URI : /nasz/admin/index.php?route=catalog/product/update&amp;token=3b5ab5ae8910a75a93081d4fd593de89&amp;product_id=27&amp;page=24
MOD DETAILS:
   modFile   : /home/demostrona/domains/demo.stronazen.pl/public_html/nasz/vqmod/xml/Auto-SEO-keywords-URL.xml
   id        : Auto SEO Keywords
   version   : 1
   vqmver    : 
   author    : Creative Ground
SEARCH NOT FOUND (ABORTING MOD): name="keyword"

----------------------------------------------------------------------


---------- Date: 2014-09-22 18:19:24 ~ IP : 87.177.162.168 ----------
REQUEST URI : /nasz/admin/index.php?route=catalog/product/update&amp;token=3b5ab5ae8910a75a93081d4fd593de89&amp;product_id=2&amp;page=24
MOD DETAILS:
   modFile   : /home/demostrona/domains/demo.stronazen.pl/public_html/nasz/vqmod/xml/Auto-SEO-keywords-URL.xml
   id        : Auto SEO Keywords
   version   : 1
   vqmver    : 
   author    : Creative Ground
SEARCH NOT FOUND (ABORTING MOD): name="keyword"

----------------------------------------------------------------------


---------- Date: 2014-09-22 18:21:38 ~ IP : 87.177.162.168 ----------
REQUEST URI : /nasz/admin/index.php?route=catalog/product/update&amp;token=3b5ab5ae8910a75a93081d4fd593de89&amp;product_id=20&amp;page=24
MOD DETAILS:
   modFile   : /home/demostrona/domains/demo.stronazen.pl/public_html/nasz/vqmod/xml/Auto-SEO-keywords-URL.xml
   id        : Auto SEO Keywords
   version   : 1
   vqmver    : 
   author    : Creative Ground
SEARCH NOT FOUND (ABORTING MOD): name="keyword"

----------------------------------------------------------------------


---------- Date: 2014-09-22 18:22:31 ~ IP : 87.177.162.168 ----------
REQUEST URI : /nasz/admin/index.php?route=catalog/product/update&amp;token=3b5ab5ae8910a75a93081d4fd593de89&amp;product_id=29&amp;page=24
MOD DETAILS:
   modFile   : /home/demostrona/domains/demo.stronazen.pl/public_html/nasz/vqmod/xml/Auto-SEO-keywords-URL.xml
   id        : Auto SEO Keywords
   version   : 1
   vqmver    : 
   author    : Creative Ground
SEARCH NOT FOUND (ABORTING MOD): name="keyword"

----------------------------------------------------------------------


---------- Date: 2014-09-22 18:23:00 ~ IP : 87.177.162.168 ----------
REQUEST URI : /nasz/admin/index.php?route=catalog/product/update&amp;token=3b5ab5ae8910a75a93081d4fd593de89&amp;product_id=230&amp;page=24
MOD DETAILS:
   modFile   : /home/demostrona/domains/demo.stronazen.pl/public_html/nasz/vqmod/xml/Auto-SEO-keywords-URL.xml
   id        : Auto SEO Keywords
   version   : 1
   vqmver    : 
   author    : Creative Ground
SEARCH NOT FOUND (ABORTING MOD): name="keyword"

----------------------------------------------------------------------


---------- Date: 2014-09-22 18:23:28 ~ IP : 87.177.162.168 ----------
REQUEST URI : /nasz/admin/index.php?route=catalog/product/update&amp;token=3b5ab5ae8910a75a93081d4fd593de89&amp;product_id=746&amp;page=24
MOD DETAILS:
   modFile   : /home/demostrona/domains/demo.stronazen.pl/public_html/nasz/vqmod/xml/Auto-SEO-keywords-URL.xml
   id        : Auto SEO Keywords
   version   : 1
   vqmver    : 
   author    : Creative Ground
SEARCH NOT FOUND (ABORTING MOD): name="keyword"

----------------------------------------------------------------------


---------- Date: 2014-09-22 18:29:10 ~ IP : 87.177.162.168 ----------
REQUEST URI : /nasz/admin/index.php?route=catalog/product/update&amp;token=3b5ab5ae8910a75a93081d4fd593de89&amp;product_id=585&amp;page=25
MOD DETAILS:
   modFile   : /home/demostrona/domains/demo.stronazen.pl/public_html/nasz/vqmod/xml/Auto-SEO-keywords-URL.xml
   id        : Auto SEO Keywords
   version   : 1
   vqmver    : 
   author    : Creative Ground
SEARCH NOT FOUND (ABORTING MOD): name="keyword"

----------------------------------------------------------------------


---------- Date: 2014-09-22 18:29:50 ~ IP : 87.177.162.168 ----------
REQUEST URI : /nasz/admin/index.php?route=catalog/product/update&amp;token=3b5ab5ae8910a75a93081d4fd593de89&amp;product_id=165&amp;page=25
MOD DETAILS:
   modFile   : /home/demostrona/domains/demo.stronazen.pl/public_html/nasz/vqmod/xml/Auto-SEO-keywords-URL.xml
   id        : Auto SEO Keywords
   version   : 1
   vqmver    : 
   author    : Creative Ground
SEARCH NOT FOUND (ABORTING MOD): name="keyword"

----------------------------------------------------------------------


---------- Date: 2014-09-22 18:30:18 ~ IP : 87.177.162.168 ----------
REQUEST URI : /nasz/admin/index.php?route=catalog/product/update&amp;token=3b5ab5ae8910a75a93081d4fd593de89&amp;product_id=168&amp;page=25
MOD DETAILS:
   modFile   : /home/demostrona/domains/demo.stronazen.pl/public_html/nasz/vqmod/xml/Auto-SEO-keywords-URL.xml
   id        : Auto SEO Keywords
   version   : 1
   vqmver    : 
   author    : Creative Ground
SEARCH NOT FOUND (ABORTING MOD): name="keyword"

----------------------------------------------------------------------


---------- Date: 2014-09-22 18:31:00 ~ IP : 87.177.162.168 ----------
REQUEST URI : /nasz/admin/index.php?route=catalog/product/update&amp;token=3b5ab5ae8910a75a93081d4fd593de89&amp;product_id=169&amp;page=25
MOD DETAILS:
   modFile   : /home/demostrona/domains/demo.stronazen.pl/public_html/nasz/vqmod/xml/Auto-SEO-keywords-URL.xml
   id        : Auto SEO Keywords
   version   : 1
   vqmver    : 
   author    : Creative Ground
SEARCH NOT FOUND (ABORTING MOD): name="keyword"

----------------------------------------------------------------------


---------- Date: 2014-09-22 18:31:41 ~ IP : 87.177.162.168 ----------
REQUEST URI : /nasz/admin/index.php?route=catalog/product/update&amp;token=3b5ab5ae8910a75a93081d4fd593de89&amp;product_id=170&amp;page=25
MOD DETAILS:
   modFile   : /home/demostrona/domains/demo.stronazen.pl/public_html/nasz/vqmod/xml/Auto-SEO-keywords-URL.xml
   id        : Auto SEO Keywords
   version   : 1
   vqmver    : 
   author    : Creative Ground
SEARCH NOT FOUND (ABORTING MOD): name="keyword"

----------------------------------------------------------------------


---------- Date: 2014-09-22 18:32:34 ~ IP : 87.177.162.168 ----------
REQUEST URI : /nasz/admin/index.php?route=catalog/product/update&amp;token=3b5ab5ae8910a75a93081d4fd593de89&amp;product_id=187&amp;page=25
MOD DETAILS:
   modFile   : /home/demostrona/domains/demo.stronazen.pl/public_html/nasz/vqmod/xml/Auto-SEO-keywords-URL.xml
   id        : Auto SEO Keywords
   version   : 1
   vqmver    : 
   author    : Creative Ground
SEARCH NOT FOUND (ABORTING MOD): name="keyword"

----------------------------------------------------------------------


---------- Date: 2014-09-22 18:33:06 ~ IP : 87.177.162.168 ----------
REQUEST URI : /nasz/admin/index.php?route=catalog/product/update&amp;token=3b5ab5ae8910a75a93081d4fd593de89&amp;product_id=194&amp;page=25
MOD DETAILS:
   modFile   : /home/demostrona/domains/demo.stronazen.pl/public_html/nasz/vqmod/xml/Auto-SEO-keywords-URL.xml
   id        : Auto SEO Keywords
   version   : 1
   vqmver    : 
   author    : Creative Ground
SEARCH NOT FOUND (ABORTING MOD): name="keyword"

----------------------------------------------------------------------


---------- Date: 2014-09-22 18:33:38 ~ IP : 87.177.162.168 ----------
REQUEST URI : /nasz/admin/index.php?route=catalog/product/update&amp;token=3b5ab5ae8910a75a93081d4fd593de89&amp;product_id=198&amp;page=25
MOD DETAILS:
   modFile   : /home/demostrona/domains/demo.stronazen.pl/public_html/nasz/vqmod/xml/Auto-SEO-keywords-URL.xml
   id        : Auto SEO Keywords
   version   : 1
   vqmver    : 
   author    : Creative Ground
SEARCH NOT FOUND (ABORTING MOD): name="keyword"

----------------------------------------------------------------------


---------- Date: 2014-09-22 18:33:48 ~ IP : 87.177.162.168 ----------
REQUEST URI : /nasz/admin/index.php?route=catalog/product/update&amp;token=3b5ab5ae8910a75a93081d4fd593de89&amp;product_id=205&amp;page=25
MOD DETAILS:
   modFile   : /home/demostrona/domains/demo.stronazen.pl/public_html/nasz/vqmod/xml/Auto-SEO-keywords-URL.xml
   id        : Auto SEO Keywords
   version   : 1
   vqmver    : 
   author    : Creative Ground
SEARCH NOT FOUND (ABORTING MOD): name="keyword"

----------------------------------------------------------------------


---------- Date: 2014-09-22 18:35:26 ~ IP : 87.177.162.168 ----------
REQUEST URI : /nasz/admin/index.php?route=catalog/product/update&amp;token=3b5ab5ae8910a75a93081d4fd593de89&amp;product_id=206&amp;page=25
MOD DETAILS:
   modFile   : /home/demostrona/domains/demo.stronazen.pl/public_html/nasz/vqmod/xml/Auto-SEO-keywords-URL.xml
   id        : Auto SEO Keywords
   version   : 1
   vqmver    : 
   author    : Creative Ground
SEARCH NOT FOUND (ABORTING MOD): name="keyword"

----------------------------------------------------------------------


