---------- Date: 2014-09-13 16:36:39 ~ IP : 46.175.230.17 ----------
REQUEST URI : /nasz/admin/index.php?route=catalog/product/update&amp;token=7f8b26ee239b6bec782fdd8a99ca0cb7&amp;product_id=754&amp;filter_model=R91740.04&amp;filter_status=1&amp;filter_status=1
MOD DETAILS:
   modFile   : /home/demostrona/domains/demo.stronazen.pl/public_html/nasz/vqmod/xml/Auto-SEO-keywords-URL.xml
   id        : Auto SEO Keywords
   version   : 1
   vqmver    : 
   author    : Creative Ground
SEARCH NOT FOUND (ABORTING MOD): name="keyword"

----------------------------------------------------------------------


---------- Date: 2014-09-13 16:40:00 ~ IP : 46.175.230.17 ----------
REQUEST URI : /nasz/admin/index.php?route=catalog/product/update&amp;token=7f8b26ee239b6bec782fdd8a99ca0cb7&amp;product_id=754&amp;filter_model=R91740.04&amp;filter_status=1&amp;filter_status=1
MOD DETAILS:
   modFile   : /home/demostrona/domains/demo.stronazen.pl/public_html/nasz/vqmod/xml/Auto-SEO-keywords-URL.xml
   id        : Auto SEO Keywords
   version   : 1
   vqmver    : 
   author    : Creative Ground
SEARCH NOT FOUND (ABORTING MOD): name="keyword"

----------------------------------------------------------------------


---------- Date: 2014-09-13 16:41:26 ~ IP : 46.175.230.17 ----------
REQUEST URI : /nasz/admin/index.php?route=catalog/product/update&amp;token=7f8b26ee239b6bec782fdd8a99ca0cb7&amp;product_id=754&amp;filter_model=R91740.04&amp;filter_status=1&amp;filter_status=1
MOD DETAILS:
   modFile   : /home/demostrona/domains/demo.stronazen.pl/public_html/nasz/vqmod/xml/Auto-SEO-keywords-URL.xml
   id        : Auto SEO Keywords
   version   : 1
   vqmver    : 
   author    : Creative Ground
SEARCH NOT FOUND (ABORTING MOD): name="keyword"

----------------------------------------------------------------------


