---------- Date: 2014-08-31 10:15:28 ~ IP : 178.3.244.246 ----------
REQUEST URI : /nasz/admin/index.php?route=catalog/product/update&amp;token=ea93fc1406af28c11274b6ad382bd2d2&amp;product_id=761&amp;page=32
MOD DETAILS:
   modFile   : /home/demostrona/domains/demo.stronazen.pl/public_html/nasz/vqmod/xml/Auto-SEO-keywords-URL.xml
   id        : Auto SEO Keywords
   version   : 1
   vqmver    : 
   author    : Creative Ground
SEARCH NOT FOUND (ABORTING MOD): name="keyword"

----------------------------------------------------------------------


---------- Date: 2014-08-31 10:15:36 ~ IP : 178.3.244.246 ----------
REQUEST URI : /nasz/admin/index.php?route=catalog/product/update&amp;token=ea93fc1406af28c11274b6ad382bd2d2&amp;product_id=757&amp;page=32
MOD DETAILS:
   modFile   : /home/demostrona/domains/demo.stronazen.pl/public_html/nasz/vqmod/xml/Auto-SEO-keywords-URL.xml
   id        : Auto SEO Keywords
   version   : 1
   vqmver    : 
   author    : Creative Ground
SEARCH NOT FOUND (ABORTING MOD): name="keyword"

----------------------------------------------------------------------


---------- Date: 2014-08-31 10:15:42 ~ IP : 178.3.244.246 ----------
REQUEST URI : /nasz/admin/index.php?route=catalog/product/update&amp;token=ea93fc1406af28c11274b6ad382bd2d2&amp;product_id=759&amp;page=32
MOD DETAILS:
   modFile   : /home/demostrona/domains/demo.stronazen.pl/public_html/nasz/vqmod/xml/Auto-SEO-keywords-URL.xml
   id        : Auto SEO Keywords
   version   : 1
   vqmver    : 
   author    : Creative Ground
SEARCH NOT FOUND (ABORTING MOD): name="keyword"

----------------------------------------------------------------------


---------- Date: 2014-08-31 10:15:53 ~ IP : 178.3.244.246 ----------
REQUEST URI : /nasz/admin/index.php?route=catalog/product/update&amp;token=ea93fc1406af28c11274b6ad382bd2d2&amp;product_id=768&amp;page=32
MOD DETAILS:
   modFile   : /home/demostrona/domains/demo.stronazen.pl/public_html/nasz/vqmod/xml/Auto-SEO-keywords-URL.xml
   id        : Auto SEO Keywords
   version   : 1
   vqmver    : 
   author    : Creative Ground
SEARCH NOT FOUND (ABORTING MOD): name="keyword"

----------------------------------------------------------------------


---------- Date: 2014-08-31 10:16:11 ~ IP : 178.3.244.246 ----------
REQUEST URI : /nasz/admin/index.php?route=catalog/product/update&amp;token=ea93fc1406af28c11274b6ad382bd2d2&amp;product_id=768&amp;page=32
MOD DETAILS:
   modFile   : /home/demostrona/domains/demo.stronazen.pl/public_html/nasz/vqmod/xml/Auto-SEO-keywords-URL.xml
   id        : Auto SEO Keywords
   version   : 1
   vqmver    : 
   author    : Creative Ground
SEARCH NOT FOUND (ABORTING MOD): name="keyword"

----------------------------------------------------------------------


---------- Date: 2014-08-31 10:18:48 ~ IP : 178.3.244.246 ----------
REQUEST URI : /nasz/admin/index.php?route=catalog/product/update&amp;token=ea93fc1406af28c11274b6ad382bd2d2&amp;product_id=765&amp;page=32
MOD DETAILS:
   modFile   : /home/demostrona/domains/demo.stronazen.pl/public_html/nasz/vqmod/xml/Auto-SEO-keywords-URL.xml
   id        : Auto SEO Keywords
   version   : 1
   vqmver    : 
   author    : Creative Ground
SEARCH NOT FOUND (ABORTING MOD): name="keyword"

----------------------------------------------------------------------


---------- Date: 2014-08-31 10:18:49 ~ IP : 178.3.244.246 ----------
REQUEST URI : /nasz/admin/index.php?route=catalog/product/update&amp;token=ea93fc1406af28c11274b6ad382bd2d2&amp;product_id=770&amp;page=32
MOD DETAILS:
   modFile   : /home/demostrona/domains/demo.stronazen.pl/public_html/nasz/vqmod/xml/Auto-SEO-keywords-URL.xml
   id        : Auto SEO Keywords
   version   : 1
   vqmver    : 
   author    : Creative Ground
SEARCH NOT FOUND (ABORTING MOD): name="keyword"

----------------------------------------------------------------------


---------- Date: 2014-08-31 10:18:52 ~ IP : 178.3.244.246 ----------
REQUEST URI : /nasz/admin/index.php?route=catalog/product/update&amp;token=ea93fc1406af28c11274b6ad382bd2d2&amp;product_id=758&amp;page=32
MOD DETAILS:
   modFile   : /home/demostrona/domains/demo.stronazen.pl/public_html/nasz/vqmod/xml/Auto-SEO-keywords-URL.xml
   id        : Auto SEO Keywords
   version   : 1
   vqmver    : 
   author    : Creative Ground
SEARCH NOT FOUND (ABORTING MOD): name="keyword"

----------------------------------------------------------------------


---------- Date: 2014-08-31 10:18:53 ~ IP : 178.3.244.246 ----------
REQUEST URI : /nasz/admin/index.php?route=catalog/product/update&amp;token=ea93fc1406af28c11274b6ad382bd2d2&amp;product_id=759&amp;page=32
MOD DETAILS:
   modFile   : /home/demostrona/domains/demo.stronazen.pl/public_html/nasz/vqmod/xml/Auto-SEO-keywords-URL.xml
   id        : Auto SEO Keywords
   version   : 1
   vqmver    : 
   author    : Creative Ground
SEARCH NOT FOUND (ABORTING MOD): name="keyword"

----------------------------------------------------------------------


---------- Date: 2014-08-31 10:18:54 ~ IP : 178.3.244.246 ----------
REQUEST URI : /nasz/admin/index.php?route=catalog/product/update&amp;token=ea93fc1406af28c11274b6ad382bd2d2&amp;product_id=183&amp;page=32
MOD DETAILS:
   modFile   : /home/demostrona/domains/demo.stronazen.pl/public_html/nasz/vqmod/xml/Auto-SEO-keywords-URL.xml
   id        : Auto SEO Keywords
   version   : 1
   vqmver    : 
   author    : Creative Ground
SEARCH NOT FOUND (ABORTING MOD): name="keyword"

----------------------------------------------------------------------


---------- Date: 2014-08-31 10:36:45 ~ IP : 178.3.244.246 ----------
REQUEST URI : /nasz/admin/index.php?route=catalog/product/update&amp;token=ea93fc1406af28c11274b6ad382bd2d2&amp;product_id=756&amp;page=32
MOD DETAILS:
   modFile   : /home/demostrona/domains/demo.stronazen.pl/public_html/nasz/vqmod/xml/Auto-SEO-keywords-URL.xml
   id        : Auto SEO Keywords
   version   : 1
   vqmver    : 
   author    : Creative Ground
SEARCH NOT FOUND (ABORTING MOD): name="keyword"

----------------------------------------------------------------------


---------- Date: 2014-08-31 10:36:46 ~ IP : 178.3.244.246 ----------
REQUEST URI : /nasz/admin/index.php?route=catalog/product/update&amp;token=ea93fc1406af28c11274b6ad382bd2d2&amp;product_id=757&amp;page=32
MOD DETAILS:
   modFile   : /home/demostrona/domains/demo.stronazen.pl/public_html/nasz/vqmod/xml/Auto-SEO-keywords-URL.xml
   id        : Auto SEO Keywords
   version   : 1
   vqmver    : 
   author    : Creative Ground
SEARCH NOT FOUND (ABORTING MOD): name="keyword"

----------------------------------------------------------------------


---------- Date: 2014-08-31 10:36:47 ~ IP : 178.3.244.246 ----------
REQUEST URI : /nasz/admin/index.php?route=catalog/product/update&amp;token=ea93fc1406af28c11274b6ad382bd2d2&amp;product_id=760&amp;page=32
MOD DETAILS:
   modFile   : /home/demostrona/domains/demo.stronazen.pl/public_html/nasz/vqmod/xml/Auto-SEO-keywords-URL.xml
   id        : Auto SEO Keywords
   version   : 1
   vqmver    : 
   author    : Creative Ground
SEARCH NOT FOUND (ABORTING MOD): name="keyword"

----------------------------------------------------------------------


---------- Date: 2014-08-31 10:36:48 ~ IP : 178.3.244.246 ----------
REQUEST URI : /nasz/admin/index.php?route=catalog/product/update&amp;token=ea93fc1406af28c11274b6ad382bd2d2&amp;product_id=761&amp;page=32
MOD DETAILS:
   modFile   : /home/demostrona/domains/demo.stronazen.pl/public_html/nasz/vqmod/xml/Auto-SEO-keywords-URL.xml
   id        : Auto SEO Keywords
   version   : 1
   vqmver    : 
   author    : Creative Ground
SEARCH NOT FOUND (ABORTING MOD): name="keyword"

----------------------------------------------------------------------


---------- Date: 2014-08-31 10:36:50 ~ IP : 178.3.244.246 ----------
REQUEST URI : /nasz/admin/index.php?route=catalog/product/update&amp;token=ea93fc1406af28c11274b6ad382bd2d2&amp;product_id=367&amp;page=32
MOD DETAILS:
   modFile   : /home/demostrona/domains/demo.stronazen.pl/public_html/nasz/vqmod/xml/Auto-SEO-keywords-URL.xml
   id        : Auto SEO Keywords
   version   : 1
   vqmver    : 
   author    : Creative Ground
SEARCH NOT FOUND (ABORTING MOD): name="keyword"

----------------------------------------------------------------------


---------- Date: 2014-08-31 10:47:10 ~ IP : 178.3.244.246 ----------
REQUEST URI : /nasz/admin/index.php?route=catalog/product/update&amp;token=ea93fc1406af28c11274b6ad382bd2d2&amp;product_id=370&amp;page=32
MOD DETAILS:
   modFile   : /home/demostrona/domains/demo.stronazen.pl/public_html/nasz/vqmod/xml/Auto-SEO-keywords-URL.xml
   id        : Auto SEO Keywords
   version   : 1
   vqmver    : 
   author    : Creative Ground
SEARCH NOT FOUND (ABORTING MOD): name="keyword"

----------------------------------------------------------------------


---------- Date: 2014-08-31 10:47:11 ~ IP : 178.3.244.246 ----------
REQUEST URI : /nasz/admin/index.php?route=catalog/product/update&amp;token=ea93fc1406af28c11274b6ad382bd2d2&amp;product_id=368&amp;page=32
MOD DETAILS:
   modFile   : /home/demostrona/domains/demo.stronazen.pl/public_html/nasz/vqmod/xml/Auto-SEO-keywords-URL.xml
   id        : Auto SEO Keywords
   version   : 1
   vqmver    : 
   author    : Creative Ground
SEARCH NOT FOUND (ABORTING MOD): name="keyword"

----------------------------------------------------------------------


---------- Date: 2014-08-31 10:47:12 ~ IP : 178.3.244.246 ----------
REQUEST URI : /nasz/admin/index.php?route=catalog/product/update&amp;token=ea93fc1406af28c11274b6ad382bd2d2&amp;product_id=369&amp;page=32
MOD DETAILS:
   modFile   : /home/demostrona/domains/demo.stronazen.pl/public_html/nasz/vqmod/xml/Auto-SEO-keywords-URL.xml
   id        : Auto SEO Keywords
   version   : 1
   vqmver    : 
   author    : Creative Ground
SEARCH NOT FOUND (ABORTING MOD): name="keyword"

----------------------------------------------------------------------


---------- Date: 2014-08-31 10:47:13 ~ IP : 178.3.244.246 ----------
REQUEST URI : /nasz/admin/index.php?route=catalog/product/update&amp;token=ea93fc1406af28c11274b6ad382bd2d2&amp;product_id=372&amp;page=32
MOD DETAILS:
   modFile   : /home/demostrona/domains/demo.stronazen.pl/public_html/nasz/vqmod/xml/Auto-SEO-keywords-URL.xml
   id        : Auto SEO Keywords
   version   : 1
   vqmver    : 
   author    : Creative Ground
SEARCH NOT FOUND (ABORTING MOD): name="keyword"

----------------------------------------------------------------------


---------- Date: 2014-08-31 10:47:21 ~ IP : 178.3.244.246 ----------
REQUEST URI : /nasz/admin/index.php?route=catalog/product/update&amp;token=ea93fc1406af28c11274b6ad382bd2d2&amp;product_id=371&amp;page=32
MOD DETAILS:
   modFile   : /home/demostrona/domains/demo.stronazen.pl/public_html/nasz/vqmod/xml/Auto-SEO-keywords-URL.xml
   id        : Auto SEO Keywords
   version   : 1
   vqmver    : 
   author    : Creative Ground
SEARCH NOT FOUND (ABORTING MOD): name="keyword"

----------------------------------------------------------------------


---------- Date: 2014-08-31 10:55:08 ~ IP : 178.3.244.246 ----------
REQUEST URI : /nasz/admin/index.php?route=catalog/product/update&amp;token=ea93fc1406af28c11274b6ad382bd2d2&amp;product_id=371&amp;page=32
MOD DETAILS:
   modFile   : /home/demostrona/domains/demo.stronazen.pl/public_html/nasz/vqmod/xml/Auto-SEO-keywords-URL.xml
   id        : Auto SEO Keywords
   version   : 1
   vqmver    : 
   author    : Creative Ground
SEARCH NOT FOUND (ABORTING MOD): name="keyword"

----------------------------------------------------------------------


---------- Date: 2014-08-31 10:55:15 ~ IP : 178.3.244.246 ----------
REQUEST URI : /nasz/admin/index.php?route=catalog/product/update&amp;token=ea93fc1406af28c11274b6ad382bd2d2&amp;product_id=363&amp;page=32
MOD DETAILS:
   modFile   : /home/demostrona/domains/demo.stronazen.pl/public_html/nasz/vqmod/xml/Auto-SEO-keywords-URL.xml
   id        : Auto SEO Keywords
   version   : 1
   vqmver    : 
   author    : Creative Ground
SEARCH NOT FOUND (ABORTING MOD): name="keyword"

----------------------------------------------------------------------


---------- Date: 2014-08-31 10:55:15 ~ IP : 178.3.244.246 ----------
REQUEST URI : /nasz/admin/index.php?route=catalog/product/update&amp;token=ea93fc1406af28c11274b6ad382bd2d2&amp;product_id=364&amp;page=32
MOD DETAILS:
   modFile   : /home/demostrona/domains/demo.stronazen.pl/public_html/nasz/vqmod/xml/Auto-SEO-keywords-URL.xml
   id        : Auto SEO Keywords
   version   : 1
   vqmver    : 
   author    : Creative Ground
SEARCH NOT FOUND (ABORTING MOD): name="keyword"

----------------------------------------------------------------------


---------- Date: 2014-08-31 10:55:16 ~ IP : 178.3.244.246 ----------
REQUEST URI : /nasz/admin/index.php?route=catalog/product/update&amp;token=ea93fc1406af28c11274b6ad382bd2d2&amp;product_id=365&amp;page=32
MOD DETAILS:
   modFile   : /home/demostrona/domains/demo.stronazen.pl/public_html/nasz/vqmod/xml/Auto-SEO-keywords-URL.xml
   id        : Auto SEO Keywords
   version   : 1
   vqmver    : 
   author    : Creative Ground
SEARCH NOT FOUND (ABORTING MOD): name="keyword"

----------------------------------------------------------------------


---------- Date: 2014-08-31 10:55:17 ~ IP : 178.3.244.246 ----------
REQUEST URI : /nasz/admin/index.php?route=catalog/product/update&amp;token=ea93fc1406af28c11274b6ad382bd2d2&amp;product_id=155&amp;page=32
MOD DETAILS:
   modFile   : /home/demostrona/domains/demo.stronazen.pl/public_html/nasz/vqmod/xml/Auto-SEO-keywords-URL.xml
   id        : Auto SEO Keywords
   version   : 1
   vqmver    : 
   author    : Creative Ground
SEARCH NOT FOUND (ABORTING MOD): name="keyword"

----------------------------------------------------------------------


---------- Date: 2014-08-31 10:57:08 ~ IP : 178.3.244.246 ----------
REQUEST URI : /nasz/admin/index.php?route=catalog/product/update&amp;token=ea93fc1406af28c11274b6ad382bd2d2&amp;product_id=156&amp;page=33
MOD DETAILS:
   modFile   : /home/demostrona/domains/demo.stronazen.pl/public_html/nasz/vqmod/xml/Auto-SEO-keywords-URL.xml
   id        : Auto SEO Keywords
   version   : 1
   vqmver    : 
   author    : Creative Ground
SEARCH NOT FOUND (ABORTING MOD): name="keyword"

----------------------------------------------------------------------


---------- Date: 2014-08-31 10:57:09 ~ IP : 178.3.244.246 ----------
REQUEST URI : /nasz/admin/index.php?route=catalog/product/update&amp;token=ea93fc1406af28c11274b6ad382bd2d2&amp;product_id=153&amp;page=33
MOD DETAILS:
   modFile   : /home/demostrona/domains/demo.stronazen.pl/public_html/nasz/vqmod/xml/Auto-SEO-keywords-URL.xml
   id        : Auto SEO Keywords
   version   : 1
   vqmver    : 
   author    : Creative Ground
SEARCH NOT FOUND (ABORTING MOD): name="keyword"

----------------------------------------------------------------------


---------- Date: 2014-08-31 10:57:33 ~ IP : 178.3.244.246 ----------
REQUEST URI : /nasz/admin/index.php?route=catalog/product/update&amp;token=ea93fc1406af28c11274b6ad382bd2d2&amp;product_id=366&amp;page=33
MOD DETAILS:
   modFile   : /home/demostrona/domains/demo.stronazen.pl/public_html/nasz/vqmod/xml/Auto-SEO-keywords-URL.xml
   id        : Auto SEO Keywords
   version   : 1
   vqmver    : 
   author    : Creative Ground
SEARCH NOT FOUND (ABORTING MOD): name="keyword"

----------------------------------------------------------------------


---------- Date: 2014-08-31 10:57:34 ~ IP : 178.3.244.246 ----------
REQUEST URI : /nasz/admin/index.php?route=catalog/product/update&amp;token=ea93fc1406af28c11274b6ad382bd2d2&amp;product_id=160&amp;page=33
MOD DETAILS:
   modFile   : /home/demostrona/domains/demo.stronazen.pl/public_html/nasz/vqmod/xml/Auto-SEO-keywords-URL.xml
   id        : Auto SEO Keywords
   version   : 1
   vqmver    : 
   author    : Creative Ground
SEARCH NOT FOUND (ABORTING MOD): name="keyword"

----------------------------------------------------------------------


---------- Date: 2014-08-31 10:57:35 ~ IP : 178.3.244.246 ----------
REQUEST URI : /nasz/admin/index.php?route=catalog/product/update&amp;token=ea93fc1406af28c11274b6ad382bd2d2&amp;product_id=161&amp;page=33
MOD DETAILS:
   modFile   : /home/demostrona/domains/demo.stronazen.pl/public_html/nasz/vqmod/xml/Auto-SEO-keywords-URL.xml
   id        : Auto SEO Keywords
   version   : 1
   vqmver    : 
   author    : Creative Ground
SEARCH NOT FOUND (ABORTING MOD): name="keyword"

----------------------------------------------------------------------


---------- Date: 2014-08-31 10:57:37 ~ IP : 178.3.244.246 ----------
REQUEST URI : /nasz/admin/index.php?route=catalog/product/update&amp;token=ea93fc1406af28c11274b6ad382bd2d2&amp;product_id=182&amp;page=33
MOD DETAILS:
   modFile   : /home/demostrona/domains/demo.stronazen.pl/public_html/nasz/vqmod/xml/Auto-SEO-keywords-URL.xml
   id        : Auto SEO Keywords
   version   : 1
   vqmver    : 
   author    : Creative Ground
SEARCH NOT FOUND (ABORTING MOD): name="keyword"

----------------------------------------------------------------------


---------- Date: 2014-08-31 10:57:38 ~ IP : 178.3.244.246 ----------
REQUEST URI : /nasz/admin/index.php?route=catalog/product/update&amp;token=ea93fc1406af28c11274b6ad382bd2d2&amp;product_id=184&amp;page=33
MOD DETAILS:
   modFile   : /home/demostrona/domains/demo.stronazen.pl/public_html/nasz/vqmod/xml/Auto-SEO-keywords-URL.xml
   id        : Auto SEO Keywords
   version   : 1
   vqmver    : 
   author    : Creative Ground
SEARCH NOT FOUND (ABORTING MOD): name="keyword"

----------------------------------------------------------------------


---------- Date: 2014-08-31 10:57:38 ~ IP : 178.3.244.246 ----------
REQUEST URI : /nasz/admin/index.php?route=catalog/product/update&amp;token=ea93fc1406af28c11274b6ad382bd2d2&amp;product_id=207&amp;page=33
MOD DETAILS:
   modFile   : /home/demostrona/domains/demo.stronazen.pl/public_html/nasz/vqmod/xml/Auto-SEO-keywords-URL.xml
   id        : Auto SEO Keywords
   version   : 1
   vqmver    : 
   author    : Creative Ground
SEARCH NOT FOUND (ABORTING MOD): name="keyword"

----------------------------------------------------------------------


---------- Date: 2014-08-31 10:57:40 ~ IP : 178.3.244.246 ----------
REQUEST URI : /nasz/admin/index.php?route=catalog/product/update&amp;token=ea93fc1406af28c11274b6ad382bd2d2&amp;product_id=162&amp;page=33
MOD DETAILS:
   modFile   : /home/demostrona/domains/demo.stronazen.pl/public_html/nasz/vqmod/xml/Auto-SEO-keywords-URL.xml
   id        : Auto SEO Keywords
   version   : 1
   vqmver    : 
   author    : Creative Ground
SEARCH NOT FOUND (ABORTING MOD): name="keyword"

----------------------------------------------------------------------


---------- Date: 2014-08-31 11:10:51 ~ IP : 178.3.244.246 ----------
REQUEST URI : /nasz/admin/index.php?route=catalog/product/update&amp;token=ea93fc1406af28c11274b6ad382bd2d2&amp;product_id=185&amp;page=33
MOD DETAILS:
   modFile   : /home/demostrona/domains/demo.stronazen.pl/public_html/nasz/vqmod/xml/Auto-SEO-keywords-URL.xml
   id        : Auto SEO Keywords
   version   : 1
   vqmver    : 
   author    : Creative Ground
SEARCH NOT FOUND (ABORTING MOD): name="keyword"

----------------------------------------------------------------------


---------- Date: 2014-08-31 11:10:52 ~ IP : 178.3.244.246 ----------
REQUEST URI : /nasz/admin/index.php?route=catalog/product/update&amp;token=ea93fc1406af28c11274b6ad382bd2d2&amp;product_id=159&amp;page=33
MOD DETAILS:
   modFile   : /home/demostrona/domains/demo.stronazen.pl/public_html/nasz/vqmod/xml/Auto-SEO-keywords-URL.xml
   id        : Auto SEO Keywords
   version   : 1
   vqmver    : 
   author    : Creative Ground
SEARCH NOT FOUND (ABORTING MOD): name="keyword"

----------------------------------------------------------------------


---------- Date: 2014-08-31 11:10:53 ~ IP : 178.3.244.246 ----------
REQUEST URI : /nasz/admin/index.php?route=catalog/product/update&amp;token=ea93fc1406af28c11274b6ad382bd2d2&amp;product_id=163&amp;page=33
MOD DETAILS:
   modFile   : /home/demostrona/domains/demo.stronazen.pl/public_html/nasz/vqmod/xml/Auto-SEO-keywords-URL.xml
   id        : Auto SEO Keywords
   version   : 1
   vqmver    : 
   author    : Creative Ground
SEARCH NOT FOUND (ABORTING MOD): name="keyword"

----------------------------------------------------------------------


---------- Date: 2014-08-31 11:10:54 ~ IP : 178.3.244.246 ----------
REQUEST URI : /nasz/admin/index.php?route=catalog/product/update&amp;token=ea93fc1406af28c11274b6ad382bd2d2&amp;product_id=164&amp;page=33
MOD DETAILS:
   modFile   : /home/demostrona/domains/demo.stronazen.pl/public_html/nasz/vqmod/xml/Auto-SEO-keywords-URL.xml
   id        : Auto SEO Keywords
   version   : 1
   vqmver    : 
   author    : Creative Ground
SEARCH NOT FOUND (ABORTING MOD): name="keyword"

----------------------------------------------------------------------


---------- Date: 2014-08-31 11:10:55 ~ IP : 178.3.244.246 ----------
REQUEST URI : /nasz/admin/index.php?route=catalog/product/update&amp;token=ea93fc1406af28c11274b6ad382bd2d2&amp;product_id=186&amp;page=33
MOD DETAILS:
   modFile   : /home/demostrona/domains/demo.stronazen.pl/public_html/nasz/vqmod/xml/Auto-SEO-keywords-URL.xml
   id        : Auto SEO Keywords
   version   : 1
   vqmver    : 
   author    : Creative Ground
SEARCH NOT FOUND (ABORTING MOD): name="keyword"

----------------------------------------------------------------------


---------- Date: 2014-08-31 11:10:57 ~ IP : 178.3.244.246 ----------
REQUEST URI : /nasz/admin/index.php?route=catalog/product/update&amp;token=ea93fc1406af28c11274b6ad382bd2d2&amp;product_id=208&amp;page=33
MOD DETAILS:
   modFile   : /home/demostrona/domains/demo.stronazen.pl/public_html/nasz/vqmod/xml/Auto-SEO-keywords-URL.xml
   id        : Auto SEO Keywords
   version   : 1
   vqmver    : 
   author    : Creative Ground
SEARCH NOT FOUND (ABORTING MOD): name="keyword"

----------------------------------------------------------------------


---------- Date: 2014-08-31 11:11:00 ~ IP : 178.3.244.246 ----------
REQUEST URI : /nasz/admin/index.php?route=catalog/product/update&amp;token=ea93fc1406af28c11274b6ad382bd2d2&amp;product_id=209&amp;page=33
MOD DETAILS:
   modFile   : /home/demostrona/domains/demo.stronazen.pl/public_html/nasz/vqmod/xml/Auto-SEO-keywords-URL.xml
   id        : Auto SEO Keywords
   version   : 1
   vqmver    : 
   author    : Creative Ground
SEARCH NOT FOUND (ABORTING MOD): name="keyword"

----------------------------------------------------------------------


---------- Date: 2014-08-31 11:11:01 ~ IP : 178.3.244.246 ----------
REQUEST URI : /nasz/admin/index.php?route=catalog/product/update&amp;token=ea93fc1406af28c11274b6ad382bd2d2&amp;product_id=465&amp;page=33
MOD DETAILS:
   modFile   : /home/demostrona/domains/demo.stronazen.pl/public_html/nasz/vqmod/xml/Auto-SEO-keywords-URL.xml
   id        : Auto SEO Keywords
   version   : 1
   vqmver    : 
   author    : Creative Ground
SEARCH NOT FOUND (ABORTING MOD): name="keyword"

----------------------------------------------------------------------


---------- Date: 2014-08-31 11:11:02 ~ IP : 178.3.244.246 ----------
REQUEST URI : /nasz/admin/index.php?route=catalog/product/update&amp;token=ea93fc1406af28c11274b6ad382bd2d2&amp;product_id=335&amp;page=33
MOD DETAILS:
   modFile   : /home/demostrona/domains/demo.stronazen.pl/public_html/nasz/vqmod/xml/Auto-SEO-keywords-URL.xml
   id        : Auto SEO Keywords
   version   : 1
   vqmver    : 
   author    : Creative Ground
SEARCH NOT FOUND (ABORTING MOD): name="keyword"

----------------------------------------------------------------------


---------- Date: 2014-08-31 11:36:14 ~ IP : 178.3.244.246 ----------
REQUEST URI : /nasz/admin/index.php?route=catalog/product/update&amp;token=ea93fc1406af28c11274b6ad382bd2d2&amp;product_id=333&amp;page=34
MOD DETAILS:
   modFile   : /home/demostrona/domains/demo.stronazen.pl/public_html/nasz/vqmod/xml/Auto-SEO-keywords-URL.xml
   id        : Auto SEO Keywords
   version   : 1
   vqmver    : 
   author    : Creative Ground
SEARCH NOT FOUND (ABORTING MOD): name="keyword"

----------------------------------------------------------------------


---------- Date: 2014-08-31 11:36:16 ~ IP : 178.3.244.246 ----------
REQUEST URI : /nasz/admin/index.php?route=catalog/product/update&amp;token=ea93fc1406af28c11274b6ad382bd2d2&amp;product_id=336&amp;page=34
MOD DETAILS:
   modFile   : /home/demostrona/domains/demo.stronazen.pl/public_html/nasz/vqmod/xml/Auto-SEO-keywords-URL.xml
   id        : Auto SEO Keywords
   version   : 1
   vqmver    : 
   author    : Creative Ground
SEARCH NOT FOUND (ABORTING MOD): name="keyword"

----------------------------------------------------------------------


---------- Date: 2014-08-31 11:36:17 ~ IP : 178.3.244.246 ----------
REQUEST URI : /nasz/admin/index.php?route=catalog/product/update&amp;token=ea93fc1406af28c11274b6ad382bd2d2&amp;product_id=334&amp;page=34
MOD DETAILS:
   modFile   : /home/demostrona/domains/demo.stronazen.pl/public_html/nasz/vqmod/xml/Auto-SEO-keywords-URL.xml
   id        : Auto SEO Keywords
   version   : 1
   vqmver    : 
   author    : Creative Ground
SEARCH NOT FOUND (ABORTING MOD): name="keyword"

----------------------------------------------------------------------


---------- Date: 2014-08-31 11:36:18 ~ IP : 178.3.244.246 ----------
REQUEST URI : /nasz/admin/index.php?route=catalog/product/update&amp;token=ea93fc1406af28c11274b6ad382bd2d2&amp;product_id=245&amp;page=34
MOD DETAILS:
   modFile   : /home/demostrona/domains/demo.stronazen.pl/public_html/nasz/vqmod/xml/Auto-SEO-keywords-URL.xml
   id        : Auto SEO Keywords
   version   : 1
   vqmver    : 
   author    : Creative Ground
SEARCH NOT FOUND (ABORTING MOD): name="keyword"

----------------------------------------------------------------------


---------- Date: 2014-08-31 11:36:19 ~ IP : 178.3.244.246 ----------
REQUEST URI : /nasz/admin/index.php?route=catalog/product/update&amp;token=ea93fc1406af28c11274b6ad382bd2d2&amp;product_id=241&amp;page=34
MOD DETAILS:
   modFile   : /home/demostrona/domains/demo.stronazen.pl/public_html/nasz/vqmod/xml/Auto-SEO-keywords-URL.xml
   id        : Auto SEO Keywords
   version   : 1
   vqmver    : 
   author    : Creative Ground
SEARCH NOT FOUND (ABORTING MOD): name="keyword"

----------------------------------------------------------------------


---------- Date: 2014-08-31 11:55:47 ~ IP : 178.3.244.246 ----------
REQUEST URI : /nasz/admin/index.php?route=catalog/product/update&amp;token=ea93fc1406af28c11274b6ad382bd2d2&amp;product_id=242&amp;page=34
MOD DETAILS:
   modFile   : /home/demostrona/domains/demo.stronazen.pl/public_html/nasz/vqmod/xml/Auto-SEO-keywords-URL.xml
   id        : Auto SEO Keywords
   version   : 1
   vqmver    : 
   author    : Creative Ground
SEARCH NOT FOUND (ABORTING MOD): name="keyword"

----------------------------------------------------------------------


---------- Date: 2014-08-31 11:55:48 ~ IP : 178.3.244.246 ----------
REQUEST URI : /nasz/admin/index.php?route=catalog/product/update&amp;token=ea93fc1406af28c11274b6ad382bd2d2&amp;product_id=237&amp;page=34
MOD DETAILS:
   modFile   : /home/demostrona/domains/demo.stronazen.pl/public_html/nasz/vqmod/xml/Auto-SEO-keywords-URL.xml
   id        : Auto SEO Keywords
   version   : 1
   vqmver    : 
   author    : Creative Ground
SEARCH NOT FOUND (ABORTING MOD): name="keyword"

----------------------------------------------------------------------


---------- Date: 2014-08-31 11:55:49 ~ IP : 178.3.244.246 ----------
REQUEST URI : /nasz/admin/index.php?route=catalog/product/update&amp;token=ea93fc1406af28c11274b6ad382bd2d2&amp;product_id=238&amp;page=34
MOD DETAILS:
   modFile   : /home/demostrona/domains/demo.stronazen.pl/public_html/nasz/vqmod/xml/Auto-SEO-keywords-URL.xml
   id        : Auto SEO Keywords
   version   : 1
   vqmver    : 
   author    : Creative Ground
SEARCH NOT FOUND (ABORTING MOD): name="keyword"

----------------------------------------------------------------------


---------- Date: 2014-08-31 11:55:50 ~ IP : 178.3.244.246 ----------
REQUEST URI : /nasz/admin/index.php?route=catalog/product/update&amp;token=ea93fc1406af28c11274b6ad382bd2d2&amp;product_id=45&amp;page=34
MOD DETAILS:
   modFile   : /home/demostrona/domains/demo.stronazen.pl/public_html/nasz/vqmod/xml/Auto-SEO-keywords-URL.xml
   id        : Auto SEO Keywords
   version   : 1
   vqmver    : 
   author    : Creative Ground
SEARCH NOT FOUND (ABORTING MOD): name="keyword"

----------------------------------------------------------------------


---------- Date: 2014-08-31 11:55:51 ~ IP : 178.3.244.246 ----------
REQUEST URI : /nasz/admin/index.php?route=catalog/product/update&amp;token=ea93fc1406af28c11274b6ad382bd2d2&amp;product_id=235&amp;page=34
MOD DETAILS:
   modFile   : /home/demostrona/domains/demo.stronazen.pl/public_html/nasz/vqmod/xml/Auto-SEO-keywords-URL.xml
   id        : Auto SEO Keywords
   version   : 1
   vqmver    : 
   author    : Creative Ground
SEARCH NOT FOUND (ABORTING MOD): name="keyword"

----------------------------------------------------------------------


---------- Date: 2014-08-31 12:02:11 ~ IP : 178.3.244.246 ----------
REQUEST URI : /nasz/admin/index.php?route=catalog/product/update&amp;token=ea93fc1406af28c11274b6ad382bd2d2&amp;product_id=605&amp;page=34
MOD DETAILS:
   modFile   : /home/demostrona/domains/demo.stronazen.pl/public_html/nasz/vqmod/xml/Auto-SEO-keywords-URL.xml
   id        : Auto SEO Keywords
   version   : 1
   vqmver    : 
   author    : Creative Ground
SEARCH NOT FOUND (ABORTING MOD): name="keyword"

----------------------------------------------------------------------


---------- Date: 2014-08-31 12:02:12 ~ IP : 178.3.244.246 ----------
REQUEST URI : /nasz/admin/index.php?route=catalog/product/update&amp;token=ea93fc1406af28c11274b6ad382bd2d2&amp;product_id=67&amp;page=34
MOD DETAILS:
   modFile   : /home/demostrona/domains/demo.stronazen.pl/public_html/nasz/vqmod/xml/Auto-SEO-keywords-URL.xml
   id        : Auto SEO Keywords
   version   : 1
   vqmver    : 
   author    : Creative Ground
SEARCH NOT FOUND (ABORTING MOD): name="keyword"

----------------------------------------------------------------------


---------- Date: 2014-08-31 12:02:13 ~ IP : 178.3.244.246 ----------
REQUEST URI : /nasz/admin/index.php?route=catalog/product/update&amp;token=ea93fc1406af28c11274b6ad382bd2d2&amp;product_id=69&amp;page=34
MOD DETAILS:
   modFile   : /home/demostrona/domains/demo.stronazen.pl/public_html/nasz/vqmod/xml/Auto-SEO-keywords-URL.xml
   id        : Auto SEO Keywords
   version   : 1
   vqmver    : 
   author    : Creative Ground
SEARCH NOT FOUND (ABORTING MOD): name="keyword"

----------------------------------------------------------------------


---------- Date: 2014-08-31 12:02:14 ~ IP : 178.3.244.246 ----------
REQUEST URI : /nasz/admin/index.php?route=catalog/product/update&amp;token=ea93fc1406af28c11274b6ad382bd2d2&amp;product_id=413&amp;page=34
MOD DETAILS:
   modFile   : /home/demostrona/domains/demo.stronazen.pl/public_html/nasz/vqmod/xml/Auto-SEO-keywords-URL.xml
   id        : Auto SEO Keywords
   version   : 1
   vqmver    : 
   author    : Creative Ground
SEARCH NOT FOUND (ABORTING MOD): name="keyword"

----------------------------------------------------------------------


---------- Date: 2014-08-31 12:02:16 ~ IP : 178.3.244.246 ----------
REQUEST URI : /nasz/admin/index.php?route=catalog/product/update&amp;token=ea93fc1406af28c11274b6ad382bd2d2&amp;product_id=427&amp;page=34
MOD DETAILS:
   modFile   : /home/demostrona/domains/demo.stronazen.pl/public_html/nasz/vqmod/xml/Auto-SEO-keywords-URL.xml
   id        : Auto SEO Keywords
   version   : 1
   vqmver    : 
   author    : Creative Ground
SEARCH NOT FOUND (ABORTING MOD): name="keyword"

----------------------------------------------------------------------


---------- Date: 2014-08-31 12:06:30 ~ IP : 178.3.244.246 ----------
REQUEST URI : /nasz/admin/index.php?route=catalog/product/update&amp;token=ea93fc1406af28c11274b6ad382bd2d2&amp;product_id=595&amp;page=34
MOD DETAILS:
   modFile   : /home/demostrona/domains/demo.stronazen.pl/public_html/nasz/vqmod/xml/Auto-SEO-keywords-URL.xml
   id        : Auto SEO Keywords
   version   : 1
   vqmver    : 
   author    : Creative Ground
SEARCH NOT FOUND (ABORTING MOD): name="keyword"

----------------------------------------------------------------------


---------- Date: 2014-08-31 12:06:31 ~ IP : 178.3.244.246 ----------
REQUEST URI : /nasz/admin/index.php?route=catalog/product/update&amp;token=ea93fc1406af28c11274b6ad382bd2d2&amp;product_id=414&amp;page=34
MOD DETAILS:
   modFile   : /home/demostrona/domains/demo.stronazen.pl/public_html/nasz/vqmod/xml/Auto-SEO-keywords-URL.xml
   id        : Auto SEO Keywords
   version   : 1
   vqmver    : 
   author    : Creative Ground
SEARCH NOT FOUND (ABORTING MOD): name="keyword"

----------------------------------------------------------------------


---------- Date: 2014-08-31 12:06:32 ~ IP : 178.3.244.246 ----------
REQUEST URI : /nasz/admin/index.php?route=catalog/product/update&amp;token=ea93fc1406af28c11274b6ad382bd2d2&amp;product_id=62&amp;page=34
MOD DETAILS:
   modFile   : /home/demostrona/domains/demo.stronazen.pl/public_html/nasz/vqmod/xml/Auto-SEO-keywords-URL.xml
   id        : Auto SEO Keywords
   version   : 1
   vqmver    : 
   author    : Creative Ground
SEARCH NOT FOUND (ABORTING MOD): name="keyword"

----------------------------------------------------------------------


---------- Date: 2014-08-31 12:06:33 ~ IP : 178.3.244.246 ----------
REQUEST URI : /nasz/admin/index.php?route=catalog/product/update&amp;token=ea93fc1406af28c11274b6ad382bd2d2&amp;product_id=68&amp;page=34
MOD DETAILS:
   modFile   : /home/demostrona/domains/demo.stronazen.pl/public_html/nasz/vqmod/xml/Auto-SEO-keywords-URL.xml
   id        : Auto SEO Keywords
   version   : 1
   vqmver    : 
   author    : Creative Ground
SEARCH NOT FOUND (ABORTING MOD): name="keyword"

----------------------------------------------------------------------


---------- Date: 2014-08-31 12:06:34 ~ IP : 178.3.244.246 ----------
REQUEST URI : /nasz/admin/index.php?route=catalog/product/update&amp;token=ea93fc1406af28c11274b6ad382bd2d2&amp;product_id=286&amp;page=34
MOD DETAILS:
   modFile   : /home/demostrona/domains/demo.stronazen.pl/public_html/nasz/vqmod/xml/Auto-SEO-keywords-URL.xml
   id        : Auto SEO Keywords
   version   : 1
   vqmver    : 
   author    : Creative Ground
SEARCH NOT FOUND (ABORTING MOD): name="keyword"

----------------------------------------------------------------------


---------- Date: 2014-08-31 12:12:27 ~ IP : 178.3.244.246 ----------
REQUEST URI : /nasz/admin/index.php?route=catalog/product/update&amp;token=ea93fc1406af28c11274b6ad382bd2d2&amp;product_id=362&amp;page=35
MOD DETAILS:
   modFile   : /home/demostrona/domains/demo.stronazen.pl/public_html/nasz/vqmod/xml/Auto-SEO-keywords-URL.xml
   id        : Auto SEO Keywords
   version   : 1
   vqmver    : 
   author    : Creative Ground
SEARCH NOT FOUND (ABORTING MOD): name="keyword"

----------------------------------------------------------------------


---------- Date: 2014-08-31 12:12:28 ~ IP : 178.3.244.246 ----------
REQUEST URI : /nasz/admin/index.php?route=catalog/product/update&amp;token=ea93fc1406af28c11274b6ad382bd2d2&amp;product_id=357&amp;page=35
MOD DETAILS:
   modFile   : /home/demostrona/domains/demo.stronazen.pl/public_html/nasz/vqmod/xml/Auto-SEO-keywords-URL.xml
   id        : Auto SEO Keywords
   version   : 1
   vqmver    : 
   author    : Creative Ground
SEARCH NOT FOUND (ABORTING MOD): name="keyword"

----------------------------------------------------------------------


---------- Date: 2014-08-31 12:12:30 ~ IP : 178.3.244.246 ----------
REQUEST URI : /nasz/admin/index.php?route=catalog/product/update&amp;token=ea93fc1406af28c11274b6ad382bd2d2&amp;product_id=359&amp;page=35
MOD DETAILS:
   modFile   : /home/demostrona/domains/demo.stronazen.pl/public_html/nasz/vqmod/xml/Auto-SEO-keywords-URL.xml
   id        : Auto SEO Keywords
   version   : 1
   vqmver    : 
   author    : Creative Ground
SEARCH NOT FOUND (ABORTING MOD): name="keyword"

----------------------------------------------------------------------


---------- Date: 2014-08-31 12:12:31 ~ IP : 178.3.244.246 ----------
REQUEST URI : /nasz/admin/index.php?route=catalog/product/update&amp;token=ea93fc1406af28c11274b6ad382bd2d2&amp;product_id=361&amp;page=35
MOD DETAILS:
   modFile   : /home/demostrona/domains/demo.stronazen.pl/public_html/nasz/vqmod/xml/Auto-SEO-keywords-URL.xml
   id        : Auto SEO Keywords
   version   : 1
   vqmver    : 
   author    : Creative Ground
SEARCH NOT FOUND (ABORTING MOD): name="keyword"

----------------------------------------------------------------------


---------- Date: 2014-08-31 12:12:32 ~ IP : 178.3.244.246 ----------
REQUEST URI : /nasz/admin/index.php?route=catalog/product/update&amp;token=ea93fc1406af28c11274b6ad382bd2d2&amp;product_id=358&amp;page=35
MOD DETAILS:
   modFile   : /home/demostrona/domains/demo.stronazen.pl/public_html/nasz/vqmod/xml/Auto-SEO-keywords-URL.xml
   id        : Auto SEO Keywords
   version   : 1
   vqmver    : 
   author    : Creative Ground
SEARCH NOT FOUND (ABORTING MOD): name="keyword"

----------------------------------------------------------------------


---------- Date: 2014-08-31 12:12:35 ~ IP : 178.3.244.246 ----------
REQUEST URI : /nasz/admin/index.php?route=catalog/product/update&amp;token=ea93fc1406af28c11274b6ad382bd2d2&amp;product_id=360&amp;page=35
MOD DETAILS:
   modFile   : /home/demostrona/domains/demo.stronazen.pl/public_html/nasz/vqmod/xml/Auto-SEO-keywords-URL.xml
   id        : Auto SEO Keywords
   version   : 1
   vqmver    : 
   author    : Creative Ground
SEARCH NOT FOUND (ABORTING MOD): name="keyword"

----------------------------------------------------------------------


---------- Date: 2014-08-31 12:12:39 ~ IP : 178.3.244.246 ----------
REQUEST URI : /nasz/admin/index.php?route=catalog/product/update&amp;token=ea93fc1406af28c11274b6ad382bd2d2&amp;product_id=745&amp;page=35
MOD DETAILS:
   modFile   : /home/demostrona/domains/demo.stronazen.pl/public_html/nasz/vqmod/xml/Auto-SEO-keywords-URL.xml
   id        : Auto SEO Keywords
   version   : 1
   vqmver    : 
   author    : Creative Ground
SEARCH NOT FOUND (ABORTING MOD): name="keyword"

----------------------------------------------------------------------


---------- Date: 2014-08-31 12:16:23 ~ IP : 178.3.244.246 ----------
REQUEST URI : /nasz/admin/index.php?route=catalog/product/update&amp;token=ea93fc1406af28c11274b6ad382bd2d2&amp;product_id=727&amp;page=35
MOD DETAILS:
   modFile   : /home/demostrona/domains/demo.stronazen.pl/public_html/nasz/vqmod/xml/Auto-SEO-keywords-URL.xml
   id        : Auto SEO Keywords
   version   : 1
   vqmver    : 
   author    : Creative Ground
SEARCH NOT FOUND (ABORTING MOD): name="keyword"

----------------------------------------------------------------------


---------- Date: 2014-08-31 12:16:24 ~ IP : 178.3.244.246 ----------
REQUEST URI : /nasz/admin/index.php?route=catalog/product/update&amp;token=ea93fc1406af28c11274b6ad382bd2d2&amp;product_id=728&amp;page=35
MOD DETAILS:
   modFile   : /home/demostrona/domains/demo.stronazen.pl/public_html/nasz/vqmod/xml/Auto-SEO-keywords-URL.xml
   id        : Auto SEO Keywords
   version   : 1
   vqmver    : 
   author    : Creative Ground
SEARCH NOT FOUND (ABORTING MOD): name="keyword"

----------------------------------------------------------------------


---------- Date: 2014-08-31 12:16:25 ~ IP : 178.3.244.246 ----------
REQUEST URI : /nasz/admin/index.php?route=catalog/product/update&amp;token=ea93fc1406af28c11274b6ad382bd2d2&amp;product_id=729&amp;page=35
MOD DETAILS:
   modFile   : /home/demostrona/domains/demo.stronazen.pl/public_html/nasz/vqmod/xml/Auto-SEO-keywords-URL.xml
   id        : Auto SEO Keywords
   version   : 1
   vqmver    : 
   author    : Creative Ground
SEARCH NOT FOUND (ABORTING MOD): name="keyword"

----------------------------------------------------------------------


---------- Date: 2014-08-31 12:16:27 ~ IP : 178.3.244.246 ----------
REQUEST URI : /nasz/admin/index.php?route=catalog/product/update&amp;token=ea93fc1406af28c11274b6ad382bd2d2&amp;product_id=730&amp;page=35
MOD DETAILS:
   modFile   : /home/demostrona/domains/demo.stronazen.pl/public_html/nasz/vqmod/xml/Auto-SEO-keywords-URL.xml
   id        : Auto SEO Keywords
   version   : 1
   vqmver    : 
   author    : Creative Ground
SEARCH NOT FOUND (ABORTING MOD): name="keyword"

----------------------------------------------------------------------


---------- Date: 2014-08-31 12:16:29 ~ IP : 178.3.244.246 ----------
REQUEST URI : /nasz/admin/index.php?route=catalog/product/update&amp;token=ea93fc1406af28c11274b6ad382bd2d2&amp;product_id=731&amp;page=35
MOD DETAILS:
   modFile   : /home/demostrona/domains/demo.stronazen.pl/public_html/nasz/vqmod/xml/Auto-SEO-keywords-URL.xml
   id        : Auto SEO Keywords
   version   : 1
   vqmver    : 
   author    : Creative Ground
SEARCH NOT FOUND (ABORTING MOD): name="keyword"

----------------------------------------------------------------------


---------- Date: 2014-08-31 12:16:30 ~ IP : 178.3.244.246 ----------
REQUEST URI : /nasz/admin/index.php?route=catalog/product/update&amp;token=ea93fc1406af28c11274b6ad382bd2d2&amp;product_id=732&amp;page=35
MOD DETAILS:
   modFile   : /home/demostrona/domains/demo.stronazen.pl/public_html/nasz/vqmod/xml/Auto-SEO-keywords-URL.xml
   id        : Auto SEO Keywords
   version   : 1
   vqmver    : 
   author    : Creative Ground
SEARCH NOT FOUND (ABORTING MOD): name="keyword"

----------------------------------------------------------------------


---------- Date: 2014-08-31 12:16:41 ~ IP : 178.3.244.246 ----------
REQUEST URI : /nasz/admin/index.php?route=catalog/product/update&amp;token=ea93fc1406af28c11274b6ad382bd2d2&amp;product_id=739&amp;page=35
MOD DETAILS:
   modFile   : /home/demostrona/domains/demo.stronazen.pl/public_html/nasz/vqmod/xml/Auto-SEO-keywords-URL.xml
   id        : Auto SEO Keywords
   version   : 1
   vqmver    : 
   author    : Creative Ground
SEARCH NOT FOUND (ABORTING MOD): name="keyword"

----------------------------------------------------------------------


---------- Date: 2014-08-31 12:16:43 ~ IP : 178.3.244.246 ----------
REQUEST URI : /nasz/admin/index.php?route=catalog/product/update&amp;token=ea93fc1406af28c11274b6ad382bd2d2&amp;product_id=740&amp;page=35
MOD DETAILS:
   modFile   : /home/demostrona/domains/demo.stronazen.pl/public_html/nasz/vqmod/xml/Auto-SEO-keywords-URL.xml
   id        : Auto SEO Keywords
   version   : 1
   vqmver    : 
   author    : Creative Ground
SEARCH NOT FOUND (ABORTING MOD): name="keyword"

----------------------------------------------------------------------


---------- Date: 2014-08-31 12:22:56 ~ IP : 178.3.244.246 ----------
REQUEST URI : /nasz/admin/index.php?route=catalog/product/update&amp;token=ea93fc1406af28c11274b6ad382bd2d2&amp;product_id=728&amp;page=35
MOD DETAILS:
   modFile   : /home/demostrona/domains/demo.stronazen.pl/public_html/nasz/vqmod/xml/Auto-SEO-keywords-URL.xml
   id        : Auto SEO Keywords
   version   : 1
   vqmver    : 
   author    : Creative Ground
SEARCH NOT FOUND (ABORTING MOD): name="keyword"

----------------------------------------------------------------------


---------- Date: 2014-08-31 12:30:49 ~ IP : 178.3.244.246 ----------
REQUEST URI : /nasz/admin/index.php?route=catalog/product/update&amp;token=ea93fc1406af28c11274b6ad382bd2d2&amp;product_id=446&amp;page=35
MOD DETAILS:
   modFile   : /home/demostrona/domains/demo.stronazen.pl/public_html/nasz/vqmod/xml/Auto-SEO-keywords-URL.xml
   id        : Auto SEO Keywords
   version   : 1
   vqmver    : 
   author    : Creative Ground
SEARCH NOT FOUND (ABORTING MOD): name="keyword"

----------------------------------------------------------------------


---------- Date: 2014-08-31 12:30:50 ~ IP : 178.3.244.246 ----------
REQUEST URI : /nasz/admin/index.php?route=catalog/product/update&amp;token=ea93fc1406af28c11274b6ad382bd2d2&amp;product_id=342&amp;page=35
MOD DETAILS:
   modFile   : /home/demostrona/domains/demo.stronazen.pl/public_html/nasz/vqmod/xml/Auto-SEO-keywords-URL.xml
   id        : Auto SEO Keywords
   version   : 1
   vqmver    : 
   author    : Creative Ground
SEARCH NOT FOUND (ABORTING MOD): name="keyword"

----------------------------------------------------------------------


---------- Date: 2014-08-31 12:30:51 ~ IP : 178.3.244.246 ----------
REQUEST URI : /nasz/admin/index.php?route=catalog/product/update&amp;token=ea93fc1406af28c11274b6ad382bd2d2&amp;product_id=339&amp;page=35
MOD DETAILS:
   modFile   : /home/demostrona/domains/demo.stronazen.pl/public_html/nasz/vqmod/xml/Auto-SEO-keywords-URL.xml
   id        : Auto SEO Keywords
   version   : 1
   vqmver    : 
   author    : Creative Ground
SEARCH NOT FOUND (ABORTING MOD): name="keyword"

----------------------------------------------------------------------


---------- Date: 2014-08-31 12:30:52 ~ IP : 178.3.244.246 ----------
REQUEST URI : /nasz/admin/index.php?route=catalog/product/update&amp;token=ea93fc1406af28c11274b6ad382bd2d2&amp;product_id=341&amp;page=35
MOD DETAILS:
   modFile   : /home/demostrona/domains/demo.stronazen.pl/public_html/nasz/vqmod/xml/Auto-SEO-keywords-URL.xml
   id        : Auto SEO Keywords
   version   : 1
   vqmver    : 
   author    : Creative Ground
SEARCH NOT FOUND (ABORTING MOD): name="keyword"

----------------------------------------------------------------------


---------- Date: 2014-08-31 12:30:53 ~ IP : 178.3.244.246 ----------
REQUEST URI : /nasz/admin/index.php?route=catalog/product/update&amp;token=ea93fc1406af28c11274b6ad382bd2d2&amp;product_id=340&amp;page=35
MOD DETAILS:
   modFile   : /home/demostrona/domains/demo.stronazen.pl/public_html/nasz/vqmod/xml/Auto-SEO-keywords-URL.xml
   id        : Auto SEO Keywords
   version   : 1
   vqmver    : 
   author    : Creative Ground
SEARCH NOT FOUND (ABORTING MOD): name="keyword"

----------------------------------------------------------------------


---------- Date: 2014-08-31 12:34:52 ~ IP : 178.3.244.246 ----------
REQUEST URI : /nasz/admin/index.php?route=catalog/product/update&amp;token=ea93fc1406af28c11274b6ad382bd2d2&amp;product_id=449&amp;page=36
MOD DETAILS:
   modFile   : /home/demostrona/domains/demo.stronazen.pl/public_html/nasz/vqmod/xml/Auto-SEO-keywords-URL.xml
   id        : Auto SEO Keywords
   version   : 1
   vqmver    : 
   author    : Creative Ground
SEARCH NOT FOUND (ABORTING MOD): name="keyword"

----------------------------------------------------------------------


---------- Date: 2014-08-31 12:34:53 ~ IP : 178.3.244.246 ----------
REQUEST URI : /nasz/admin/index.php?route=catalog/product/update&amp;token=ea93fc1406af28c11274b6ad382bd2d2&amp;product_id=451&amp;page=36
MOD DETAILS:
   modFile   : /home/demostrona/domains/demo.stronazen.pl/public_html/nasz/vqmod/xml/Auto-SEO-keywords-URL.xml
   id        : Auto SEO Keywords
   version   : 1
   vqmver    : 
   author    : Creative Ground
SEARCH NOT FOUND (ABORTING MOD): name="keyword"

----------------------------------------------------------------------


---------- Date: 2014-08-31 12:34:54 ~ IP : 178.3.244.246 ----------
REQUEST URI : /nasz/admin/index.php?route=catalog/product/update&amp;token=ea93fc1406af28c11274b6ad382bd2d2&amp;product_id=447&amp;page=36
MOD DETAILS:
   modFile   : /home/demostrona/domains/demo.stronazen.pl/public_html/nasz/vqmod/xml/Auto-SEO-keywords-URL.xml
   id        : Auto SEO Keywords
   version   : 1
   vqmver    : 
   author    : Creative Ground
SEARCH NOT FOUND (ABORTING MOD): name="keyword"

----------------------------------------------------------------------


---------- Date: 2014-08-31 12:34:55 ~ IP : 178.3.244.246 ----------
REQUEST URI : /nasz/admin/index.php?route=catalog/product/update&amp;token=ea93fc1406af28c11274b6ad382bd2d2&amp;product_id=448&amp;page=36
MOD DETAILS:
   modFile   : /home/demostrona/domains/demo.stronazen.pl/public_html/nasz/vqmod/xml/Auto-SEO-keywords-URL.xml
   id        : Auto SEO Keywords
   version   : 1
   vqmver    : 
   author    : Creative Ground
SEARCH NOT FOUND (ABORTING MOD): name="keyword"

----------------------------------------------------------------------


---------- Date: 2014-08-31 12:35:04 ~ IP : 178.3.244.246 ----------
REQUEST URI : /nasz/admin/index.php?route=catalog/product/update&amp;token=ea93fc1406af28c11274b6ad382bd2d2&amp;product_id=453&amp;page=36
MOD DETAILS:
   modFile   : /home/demostrona/domains/demo.stronazen.pl/public_html/nasz/vqmod/xml/Auto-SEO-keywords-URL.xml
   id        : Auto SEO Keywords
   version   : 1
   vqmver    : 
   author    : Creative Ground
SEARCH NOT FOUND (ABORTING MOD): name="keyword"

----------------------------------------------------------------------


---------- Date: 2014-08-31 12:38:22 ~ IP : 178.3.244.246 ----------
REQUEST URI : /nasz/admin/index.php?route=catalog/product/update&amp;token=ea93fc1406af28c11274b6ad382bd2d2&amp;product_id=450&amp;page=36
MOD DETAILS:
   modFile   : /home/demostrona/domains/demo.stronazen.pl/public_html/nasz/vqmod/xml/Auto-SEO-keywords-URL.xml
   id        : Auto SEO Keywords
   version   : 1
   vqmver    : 
   author    : Creative Ground
SEARCH NOT FOUND (ABORTING MOD): name="keyword"

----------------------------------------------------------------------


---------- Date: 2014-08-31 12:38:23 ~ IP : 178.3.244.246 ----------
REQUEST URI : /nasz/admin/index.php?route=catalog/product/update&amp;token=ea93fc1406af28c11274b6ad382bd2d2&amp;product_id=454&amp;page=36
MOD DETAILS:
   modFile   : /home/demostrona/domains/demo.stronazen.pl/public_html/nasz/vqmod/xml/Auto-SEO-keywords-URL.xml
   id        : Auto SEO Keywords
   version   : 1
   vqmver    : 
   author    : Creative Ground
SEARCH NOT FOUND (ABORTING MOD): name="keyword"

----------------------------------------------------------------------


---------- Date: 2014-08-31 12:38:24 ~ IP : 178.3.244.246 ----------
REQUEST URI : /nasz/admin/index.php?route=catalog/product/update&amp;token=ea93fc1406af28c11274b6ad382bd2d2&amp;product_id=452&amp;page=36
MOD DETAILS:
   modFile   : /home/demostrona/domains/demo.stronazen.pl/public_html/nasz/vqmod/xml/Auto-SEO-keywords-URL.xml
   id        : Auto SEO Keywords
   version   : 1
   vqmver    : 
   author    : Creative Ground
SEARCH NOT FOUND (ABORTING MOD): name="keyword"

----------------------------------------------------------------------


---------- Date: 2014-08-31 12:38:27 ~ IP : 178.3.244.246 ----------
REQUEST URI : /nasz/admin/index.php?route=catalog/product/update&amp;token=ea93fc1406af28c11274b6ad382bd2d2&amp;product_id=338&amp;page=36
MOD DETAILS:
   modFile   : /home/demostrona/domains/demo.stronazen.pl/public_html/nasz/vqmod/xml/Auto-SEO-keywords-URL.xml
   id        : Auto SEO Keywords
   version   : 1
   vqmver    : 
   author    : Creative Ground
SEARCH NOT FOUND (ABORTING MOD): name="keyword"

----------------------------------------------------------------------


---------- Date: 2014-08-31 12:38:28 ~ IP : 178.3.244.246 ----------
REQUEST URI : /nasz/admin/index.php?route=catalog/product/update&amp;token=ea93fc1406af28c11274b6ad382bd2d2&amp;product_id=337&amp;page=36
MOD DETAILS:
   modFile   : /home/demostrona/domains/demo.stronazen.pl/public_html/nasz/vqmod/xml/Auto-SEO-keywords-URL.xml
   id        : Auto SEO Keywords
   version   : 1
   vqmver    : 
   author    : Creative Ground
SEARCH NOT FOUND (ABORTING MOD): name="keyword"

----------------------------------------------------------------------


---------- Date: 2014-08-31 12:40:17 ~ IP : 178.3.244.246 ----------
REQUEST URI : /nasz/admin/index.php?route=catalog/product/update&amp;token=ea93fc1406af28c11274b6ad382bd2d2&amp;product_id=634&amp;page=36
MOD DETAILS:
   modFile   : /home/demostrona/domains/demo.stronazen.pl/public_html/nasz/vqmod/xml/Auto-SEO-keywords-URL.xml
   id        : Auto SEO Keywords
   version   : 1
   vqmver    : 
   author    : Creative Ground
SEARCH NOT FOUND (ABORTING MOD): name="keyword"

----------------------------------------------------------------------


---------- Date: 2014-08-31 12:40:18 ~ IP : 178.3.244.246 ----------
REQUEST URI : /nasz/admin/index.php?route=catalog/product/update&amp;token=ea93fc1406af28c11274b6ad382bd2d2&amp;product_id=636&amp;page=36
MOD DETAILS:
   modFile   : /home/demostrona/domains/demo.stronazen.pl/public_html/nasz/vqmod/xml/Auto-SEO-keywords-URL.xml
   id        : Auto SEO Keywords
   version   : 1
   vqmver    : 
   author    : Creative Ground
SEARCH NOT FOUND (ABORTING MOD): name="keyword"

----------------------------------------------------------------------


---------- Date: 2014-08-31 12:40:19 ~ IP : 178.3.244.246 ----------
REQUEST URI : /nasz/admin/index.php?route=catalog/product/update&amp;token=ea93fc1406af28c11274b6ad382bd2d2&amp;product_id=240&amp;page=36
MOD DETAILS:
   modFile   : /home/demostrona/domains/demo.stronazen.pl/public_html/nasz/vqmod/xml/Auto-SEO-keywords-URL.xml
   id        : Auto SEO Keywords
   version   : 1
   vqmver    : 
   author    : Creative Ground
SEARCH NOT FOUND (ABORTING MOD): name="keyword"

----------------------------------------------------------------------


---------- Date: 2014-08-31 12:40:21 ~ IP : 178.3.244.246 ----------
REQUEST URI : /nasz/admin/index.php?route=catalog/product/update&amp;token=ea93fc1406af28c11274b6ad382bd2d2&amp;product_id=637&amp;page=36
MOD DETAILS:
   modFile   : /home/demostrona/domains/demo.stronazen.pl/public_html/nasz/vqmod/xml/Auto-SEO-keywords-URL.xml
   id        : Auto SEO Keywords
   version   : 1
   vqmver    : 
   author    : Creative Ground
SEARCH NOT FOUND (ABORTING MOD): name="keyword"

----------------------------------------------------------------------


---------- Date: 2014-08-31 12:40:21 ~ IP : 178.3.244.246 ----------
REQUEST URI : /nasz/admin/index.php?route=catalog/product/update&amp;token=ea93fc1406af28c11274b6ad382bd2d2&amp;product_id=350&amp;page=36
MOD DETAILS:
   modFile   : /home/demostrona/domains/demo.stronazen.pl/public_html/nasz/vqmod/xml/Auto-SEO-keywords-URL.xml
   id        : Auto SEO Keywords
   version   : 1
   vqmver    : 
   author    : Creative Ground
SEARCH NOT FOUND (ABORTING MOD): name="keyword"

----------------------------------------------------------------------


---------- Date: 2014-08-31 12:43:57 ~ IP : 178.3.244.246 ----------
REQUEST URI : /nasz/admin/index.php?route=catalog/product/update&amp;token=ea93fc1406af28c11274b6ad382bd2d2&amp;product_id=354&amp;page=36
MOD DETAILS:
   modFile   : /home/demostrona/domains/demo.stronazen.pl/public_html/nasz/vqmod/xml/Auto-SEO-keywords-URL.xml
   id        : Auto SEO Keywords
   version   : 1
   vqmver    : 
   author    : Creative Ground
SEARCH NOT FOUND (ABORTING MOD): name="keyword"

----------------------------------------------------------------------


---------- Date: 2014-08-31 12:43:58 ~ IP : 178.3.244.246 ----------
REQUEST URI : /nasz/admin/index.php?route=catalog/product/update&amp;token=ea93fc1406af28c11274b6ad382bd2d2&amp;product_id=614&amp;page=36
MOD DETAILS:
   modFile   : /home/demostrona/domains/demo.stronazen.pl/public_html/nasz/vqmod/xml/Auto-SEO-keywords-URL.xml
   id        : Auto SEO Keywords
   version   : 1
   vqmver    : 
   author    : Creative Ground
SEARCH NOT FOUND (ABORTING MOD): name="keyword"

----------------------------------------------------------------------


---------- Date: 2014-08-31 12:43:58 ~ IP : 178.3.244.246 ----------
REQUEST URI : /nasz/admin/index.php?route=catalog/product/update&amp;token=ea93fc1406af28c11274b6ad382bd2d2&amp;product_id=438&amp;page=36
MOD DETAILS:
   modFile   : /home/demostrona/domains/demo.stronazen.pl/public_html/nasz/vqmod/xml/Auto-SEO-keywords-URL.xml
   id        : Auto SEO Keywords
   version   : 1
   vqmver    : 
   author    : Creative Ground
SEARCH NOT FOUND (ABORTING MOD): name="keyword"

----------------------------------------------------------------------


---------- Date: 2014-08-31 12:44:02 ~ IP : 178.3.244.246 ----------
REQUEST URI : /nasz/admin/index.php?route=catalog/product/update&amp;token=ea93fc1406af28c11274b6ad382bd2d2&amp;product_id=439&amp;page=36
MOD DETAILS:
   modFile   : /home/demostrona/domains/demo.stronazen.pl/public_html/nasz/vqmod/xml/Auto-SEO-keywords-URL.xml
   id        : Auto SEO Keywords
   version   : 1
   vqmver    : 
   author    : Creative Ground
SEARCH NOT FOUND (ABORTING MOD): name="keyword"

----------------------------------------------------------------------


---------- Date: 2014-08-31 12:44:02 ~ IP : 178.3.244.246 ----------
REQUEST URI : /nasz/admin/index.php?route=catalog/product/update&amp;token=ea93fc1406af28c11274b6ad382bd2d2&amp;product_id=621&amp;page=36
MOD DETAILS:
   modFile   : /home/demostrona/domains/demo.stronazen.pl/public_html/nasz/vqmod/xml/Auto-SEO-keywords-URL.xml
   id        : Auto SEO Keywords
   version   : 1
   vqmver    : 
   author    : Creative Ground
SEARCH NOT FOUND (ABORTING MOD): name="keyword"

----------------------------------------------------------------------


---------- Date: 2014-08-31 13:24:48 ~ IP : 108.59.8.217 ----------
REQUEST URI : /nasz/admin/index.php?route=catalog/product/update&amp;token=a19f2f8370196a2ac1a6617d8084dcd3&amp;product_id=650&amp;page=37
MOD DETAILS:
   modFile   : /home/demostrona/domains/demo.stronazen.pl/public_html/nasz/vqmod/xml/Auto-SEO-keywords-URL.xml
   id        : Auto SEO Keywords
   version   : 1
   vqmver    : 
   author    : Creative Ground
SEARCH NOT FOUND (ABORTING MOD): name="keyword"

----------------------------------------------------------------------


---------- Date: 2014-08-31 13:25:00 ~ IP : 108.59.8.217 ----------
REQUEST URI : /nasz/admin/index.php?route=catalog/product/update&amp;token=a19f2f8370196a2ac1a6617d8084dcd3&amp;product_id=650&amp;page=37
MOD DETAILS:
   modFile   : /home/demostrona/domains/demo.stronazen.pl/public_html/nasz/vqmod/xml/Auto-SEO-keywords-URL.xml
   id        : Auto SEO Keywords
   version   : 1
   vqmver    : 
   author    : Creative Ground
SEARCH NOT FOUND (ABORTING MOD): name="keyword"

----------------------------------------------------------------------


---------- Date: 2014-08-31 13:30:23 ~ IP : 108.59.8.217 ----------
REQUEST URI : /nasz/admin/index.php?route=catalog/product/update&amp;token=a19f2f8370196a2ac1a6617d8084dcd3&amp;product_id=633&amp;page=37
MOD DETAILS:
   modFile   : /home/demostrona/domains/demo.stronazen.pl/public_html/nasz/vqmod/xml/Auto-SEO-keywords-URL.xml
   id        : Auto SEO Keywords
   version   : 1
   vqmver    : 
   author    : Creative Ground
SEARCH NOT FOUND (ABORTING MOD): name="keyword"

----------------------------------------------------------------------


---------- Date: 2014-08-31 13:35:48 ~ IP : 108.59.8.217 ----------
REQUEST URI : /nasz/admin/index.php?route=catalog/product/update&amp;token=a19f2f8370196a2ac1a6617d8084dcd3&amp;product_id=635&amp;page=37
MOD DETAILS:
   modFile   : /home/demostrona/domains/demo.stronazen.pl/public_html/nasz/vqmod/xml/Auto-SEO-keywords-URL.xml
   id        : Auto SEO Keywords
   version   : 1
   vqmver    : 
   author    : Creative Ground
SEARCH NOT FOUND (ABORTING MOD): name="keyword"

----------------------------------------------------------------------


---------- Date: 2014-08-31 13:40:16 ~ IP : 207.244.77.7 ----------
REQUEST URI : /nasz/admin/index.php?route=catalog/product/update&amp;token=a19f2f8370196a2ac1a6617d8084dcd3&amp;product_id=606&amp;page=37
MOD DETAILS:
   modFile   : /home/demostrona/domains/demo.stronazen.pl/public_html/nasz/vqmod/xml/Auto-SEO-keywords-URL.xml
   id        : Auto SEO Keywords
   version   : 1
   vqmver    : 
   author    : Creative Ground
SEARCH NOT FOUND (ABORTING MOD): name="keyword"

----------------------------------------------------------------------


---------- Date: 2014-08-31 13:46:16 ~ IP : 207.244.77.7 ----------
REQUEST URI : /nasz/admin/index.php?route=catalog/product/update&amp;token=a19f2f8370196a2ac1a6617d8084dcd3&amp;product_id=254&amp;page=37
MOD DETAILS:
   modFile   : /home/demostrona/domains/demo.stronazen.pl/public_html/nasz/vqmod/xml/Auto-SEO-keywords-URL.xml
   id        : Auto SEO Keywords
   version   : 1
   vqmver    : 
   author    : Creative Ground
SEARCH NOT FOUND (ABORTING MOD): name="keyword"

----------------------------------------------------------------------


---------- Date: 2014-08-31 13:49:39 ~ IP : 207.244.77.7 ----------
REQUEST URI : /nasz/admin/index.php?route=catalog/product/update&amp;token=a19f2f8370196a2ac1a6617d8084dcd3&amp;product_id=603&amp;page=37
MOD DETAILS:
   modFile   : /home/demostrona/domains/demo.stronazen.pl/public_html/nasz/vqmod/xml/Auto-SEO-keywords-URL.xml
   id        : Auto SEO Keywords
   version   : 1
   vqmver    : 
   author    : Creative Ground
SEARCH NOT FOUND (ABORTING MOD): name="keyword"

----------------------------------------------------------------------


---------- Date: 2014-08-31 13:51:49 ~ IP : 207.244.77.7 ----------
REQUEST URI : /nasz/admin/index.php?route=catalog/product/update&amp;token=a19f2f8370196a2ac1a6617d8084dcd3&amp;product_id=345&amp;page=37
MOD DETAILS:
   modFile   : /home/demostrona/domains/demo.stronazen.pl/public_html/nasz/vqmod/xml/Auto-SEO-keywords-URL.xml
   id        : Auto SEO Keywords
   version   : 1
   vqmver    : 
   author    : Creative Ground
SEARCH NOT FOUND (ABORTING MOD): name="keyword"

----------------------------------------------------------------------


---------- Date: 2014-08-31 13:53:56 ~ IP : 207.244.77.7 ----------
REQUEST URI : /nasz/admin/index.php?route=catalog/product/update&amp;token=a19f2f8370196a2ac1a6617d8084dcd3&amp;product_id=346&amp;page=37
MOD DETAILS:
   modFile   : /home/demostrona/domains/demo.stronazen.pl/public_html/nasz/vqmod/xml/Auto-SEO-keywords-URL.xml
   id        : Auto SEO Keywords
   version   : 1
   vqmver    : 
   author    : Creative Ground
SEARCH NOT FOUND (ABORTING MOD): name="keyword"

----------------------------------------------------------------------


---------- Date: 2014-08-31 13:55:42 ~ IP : 207.244.77.7 ----------
REQUEST URI : /nasz/admin/index.php?route=catalog/product/update&amp;token=a19f2f8370196a2ac1a6617d8084dcd3&amp;product_id=347&amp;page=37
MOD DETAILS:
   modFile   : /home/demostrona/domains/demo.stronazen.pl/public_html/nasz/vqmod/xml/Auto-SEO-keywords-URL.xml
   id        : Auto SEO Keywords
   version   : 1
   vqmver    : 
   author    : Creative Ground
SEARCH NOT FOUND (ABORTING MOD): name="keyword"

----------------------------------------------------------------------


---------- Date: 2014-08-31 13:58:25 ~ IP : 207.244.76.210 ----------
REQUEST URI : /nasz/admin/index.php?route=catalog/product/update&amp;token=a19f2f8370196a2ac1a6617d8084dcd3&amp;product_id=344&amp;page=37
MOD DETAILS:
   modFile   : /home/demostrona/domains/demo.stronazen.pl/public_html/nasz/vqmod/xml/Auto-SEO-keywords-URL.xml
   id        : Auto SEO Keywords
   version   : 1
   vqmver    : 
   author    : Creative Ground
SEARCH NOT FOUND (ABORTING MOD): name="keyword"

----------------------------------------------------------------------


---------- Date: 2014-08-31 13:59:56 ~ IP : 207.244.76.210 ----------
REQUEST URI : /nasz/admin/index.php?route=catalog/product/update&amp;token=a19f2f8370196a2ac1a6617d8084dcd3&amp;product_id=348&amp;page=37
MOD DETAILS:
   modFile   : /home/demostrona/domains/demo.stronazen.pl/public_html/nasz/vqmod/xml/Auto-SEO-keywords-URL.xml
   id        : Auto SEO Keywords
   version   : 1
   vqmver    : 
   author    : Creative Ground
SEARCH NOT FOUND (ABORTING MOD): name="keyword"

----------------------------------------------------------------------


---------- Date: 2014-08-31 14:02:21 ~ IP : 207.244.76.210 ----------
REQUEST URI : /nasz/admin/index.php?route=catalog/product/update&amp;token=a19f2f8370196a2ac1a6617d8084dcd3&amp;product_id=77&amp;page=37
MOD DETAILS:
   modFile   : /home/demostrona/domains/demo.stronazen.pl/public_html/nasz/vqmod/xml/Auto-SEO-keywords-URL.xml
   id        : Auto SEO Keywords
   version   : 1
   vqmver    : 
   author    : Creative Ground
SEARCH NOT FOUND (ABORTING MOD): name="keyword"

----------------------------------------------------------------------


---------- Date: 2014-08-31 14:04:12 ~ IP : 207.244.76.210 ----------
REQUEST URI : /nasz/admin/index.php?route=catalog/product/update&amp;token=a19f2f8370196a2ac1a6617d8084dcd3&amp;product_id=70&amp;page=37
MOD DETAILS:
   modFile   : /home/demostrona/domains/demo.stronazen.pl/public_html/nasz/vqmod/xml/Auto-SEO-keywords-URL.xml
   id        : Auto SEO Keywords
   version   : 1
   vqmver    : 
   author    : Creative Ground
SEARCH NOT FOUND (ABORTING MOD): name="keyword"

----------------------------------------------------------------------


---------- Date: 2014-08-31 14:09:02 ~ IP : 207.244.76.210 ----------
REQUEST URI : /nasz/admin/index.php?route=catalog/product/update&amp;token=a19f2f8370196a2ac1a6617d8084dcd3&amp;product_id=71&amp;page=37
MOD DETAILS:
   modFile   : /home/demostrona/domains/demo.stronazen.pl/public_html/nasz/vqmod/xml/Auto-SEO-keywords-URL.xml
   id        : Auto SEO Keywords
   version   : 1
   vqmver    : 
   author    : Creative Ground
SEARCH NOT FOUND (ABORTING MOD): name="keyword"

----------------------------------------------------------------------


---------- Date: 2014-08-31 14:10:52 ~ IP : 207.244.76.210 ----------
REQUEST URI : /nasz/admin/index.php?route=catalog/product/update&amp;token=a19f2f8370196a2ac1a6617d8084dcd3&amp;product_id=73&amp;page=37
MOD DETAILS:
   modFile   : /home/demostrona/domains/demo.stronazen.pl/public_html/nasz/vqmod/xml/Auto-SEO-keywords-URL.xml
   id        : Auto SEO Keywords
   version   : 1
   vqmver    : 
   author    : Creative Ground
SEARCH NOT FOUND (ABORTING MOD): name="keyword"

----------------------------------------------------------------------


---------- Date: 2014-08-31 14:12:25 ~ IP : 207.244.76.210 ----------
REQUEST URI : /nasz/admin/index.php?route=catalog/product/update&amp;token=a19f2f8370196a2ac1a6617d8084dcd3&amp;product_id=72&amp;page=37
MOD DETAILS:
   modFile   : /home/demostrona/domains/demo.stronazen.pl/public_html/nasz/vqmod/xml/Auto-SEO-keywords-URL.xml
   id        : Auto SEO Keywords
   version   : 1
   vqmver    : 
   author    : Creative Ground
SEARCH NOT FOUND (ABORTING MOD): name="keyword"

----------------------------------------------------------------------


---------- Date: 2014-08-31 14:14:02 ~ IP : 207.244.76.210 ----------
REQUEST URI : /nasz/admin/index.php?route=catalog/product/update&amp;token=a19f2f8370196a2ac1a6617d8084dcd3&amp;product_id=66&amp;page=37
MOD DETAILS:
   modFile   : /home/demostrona/domains/demo.stronazen.pl/public_html/nasz/vqmod/xml/Auto-SEO-keywords-URL.xml
   id        : Auto SEO Keywords
   version   : 1
   vqmver    : 
   author    : Creative Ground
SEARCH NOT FOUND (ABORTING MOD): name="keyword"

----------------------------------------------------------------------


---------- Date: 2014-08-31 14:15:34 ~ IP : 207.244.76.210 ----------
REQUEST URI : /nasz/admin/index.php?route=catalog/product/update&amp;token=a19f2f8370196a2ac1a6617d8084dcd3&amp;product_id=280&amp;page=37
MOD DETAILS:
   modFile   : /home/demostrona/domains/demo.stronazen.pl/public_html/nasz/vqmod/xml/Auto-SEO-keywords-URL.xml
   id        : Auto SEO Keywords
   version   : 1
   vqmver    : 
   author    : Creative Ground
SEARCH NOT FOUND (ABORTING MOD): name="keyword"

----------------------------------------------------------------------


---------- Date: 2014-08-31 14:19:47 ~ IP : 207.244.77.23 ----------
REQUEST URI : /nasz/admin/index.php?route=catalog/product/update&amp;token=a19f2f8370196a2ac1a6617d8084dcd3&amp;product_id=109&amp;page=37
MOD DETAILS:
   modFile   : /home/demostrona/domains/demo.stronazen.pl/public_html/nasz/vqmod/xml/Auto-SEO-keywords-URL.xml
   id        : Auto SEO Keywords
   version   : 1
   vqmver    : 
   author    : Creative Ground
SEARCH NOT FOUND (ABORTING MOD): name="keyword"

----------------------------------------------------------------------


---------- Date: 2014-08-31 14:21:52 ~ IP : 207.244.77.23 ----------
REQUEST URI : /nasz/admin/index.php?route=catalog/product/update&amp;token=a19f2f8370196a2ac1a6617d8084dcd3&amp;product_id=629&amp;page=37
MOD DETAILS:
   modFile   : /home/demostrona/domains/demo.stronazen.pl/public_html/nasz/vqmod/xml/Auto-SEO-keywords-URL.xml
   id        : Auto SEO Keywords
   version   : 1
   vqmver    : 
   author    : Creative Ground
SEARCH NOT FOUND (ABORTING MOD): name="keyword"

----------------------------------------------------------------------


---------- Date: 2014-08-31 14:26:42 ~ IP : 207.244.77.23 ----------
REQUEST URI : /nasz/admin/index.php?route=catalog/product/update&amp;token=a19f2f8370196a2ac1a6617d8084dcd3&amp;product_id=631&amp;page=38
MOD DETAILS:
   modFile   : /home/demostrona/domains/demo.stronazen.pl/public_html/nasz/vqmod/xml/Auto-SEO-keywords-URL.xml
   id        : Auto SEO Keywords
   version   : 1
   vqmver    : 
   author    : Creative Ground
SEARCH NOT FOUND (ABORTING MOD): name="keyword"

----------------------------------------------------------------------


---------- Date: 2014-08-31 14:27:36 ~ IP : 207.244.77.23 ----------
REQUEST URI : /nasz/admin/index.php?route=catalog/product/update&amp;token=a19f2f8370196a2ac1a6617d8084dcd3&amp;product_id=630&amp;page=38
MOD DETAILS:
   modFile   : /home/demostrona/domains/demo.stronazen.pl/public_html/nasz/vqmod/xml/Auto-SEO-keywords-URL.xml
   id        : Auto SEO Keywords
   version   : 1
   vqmver    : 
   author    : Creative Ground
SEARCH NOT FOUND (ABORTING MOD): name="keyword"

----------------------------------------------------------------------


---------- Date: 2014-08-31 14:29:49 ~ IP : 207.244.77.23 ----------
REQUEST URI : /nasz/admin/index.php?route=catalog/product/update&amp;token=a19f2f8370196a2ac1a6617d8084dcd3&amp;product_id=632&amp;page=38
MOD DETAILS:
   modFile   : /home/demostrona/domains/demo.stronazen.pl/public_html/nasz/vqmod/xml/Auto-SEO-keywords-URL.xml
   id        : Auto SEO Keywords
   version   : 1
   vqmver    : 
   author    : Creative Ground
SEARCH NOT FOUND (ABORTING MOD): name="keyword"

----------------------------------------------------------------------


---------- Date: 2014-08-31 14:31:01 ~ IP : 207.244.77.23 ----------
REQUEST URI : /nasz/admin/index.php?route=catalog/product/update&amp;token=a19f2f8370196a2ac1a6617d8084dcd3&amp;product_id=259&amp;page=38
MOD DETAILS:
   modFile   : /home/demostrona/domains/demo.stronazen.pl/public_html/nasz/vqmod/xml/Auto-SEO-keywords-URL.xml
   id        : Auto SEO Keywords
   version   : 1
   vqmver    : 
   author    : Creative Ground
SEARCH NOT FOUND (ABORTING MOD): name="keyword"

----------------------------------------------------------------------


---------- Date: 2014-08-31 14:33:14 ~ IP : 207.244.77.23 ----------
REQUEST URI : /nasz/admin/index.php?route=catalog/product/update&amp;token=a19f2f8370196a2ac1a6617d8084dcd3&amp;product_id=329&amp;page=38
MOD DETAILS:
   modFile   : /home/demostrona/domains/demo.stronazen.pl/public_html/nasz/vqmod/xml/Auto-SEO-keywords-URL.xml
   id        : Auto SEO Keywords
   version   : 1
   vqmver    : 
   author    : Creative Ground
SEARCH NOT FOUND (ABORTING MOD): name="keyword"

----------------------------------------------------------------------


---------- Date: 2014-08-31 14:34:43 ~ IP : 207.244.77.23 ----------
REQUEST URI : /nasz/admin/index.php?route=catalog/product/update&amp;token=a19f2f8370196a2ac1a6617d8084dcd3&amp;product_id=615&amp;page=38
MOD DETAILS:
   modFile   : /home/demostrona/domains/demo.stronazen.pl/public_html/nasz/vqmod/xml/Auto-SEO-keywords-URL.xml
   id        : Auto SEO Keywords
   version   : 1
   vqmver    : 
   author    : Creative Ground
SEARCH NOT FOUND (ABORTING MOD): name="keyword"

----------------------------------------------------------------------


---------- Date: 2014-08-31 14:36:00 ~ IP : 207.244.77.23 ----------
REQUEST URI : /nasz/admin/index.php?route=catalog/product/update&amp;token=a19f2f8370196a2ac1a6617d8084dcd3&amp;product_id=644&amp;page=38
MOD DETAILS:
   modFile   : /home/demostrona/domains/demo.stronazen.pl/public_html/nasz/vqmod/xml/Auto-SEO-keywords-URL.xml
   id        : Auto SEO Keywords
   version   : 1
   vqmver    : 
   author    : Creative Ground
SEARCH NOT FOUND (ABORTING MOD): name="keyword"

----------------------------------------------------------------------


---------- Date: 2014-08-31 14:40:39 ~ IP : 207.244.77.6 ----------
REQUEST URI : /nasz/admin/index.php?route=catalog/product/update&amp;token=a19f2f8370196a2ac1a6617d8084dcd3&amp;product_id=651&amp;page=38
MOD DETAILS:
   modFile   : /home/demostrona/domains/demo.stronazen.pl/public_html/nasz/vqmod/xml/Auto-SEO-keywords-URL.xml
   id        : Auto SEO Keywords
   version   : 1
   vqmver    : 
   author    : Creative Ground
SEARCH NOT FOUND (ABORTING MOD): name="keyword"

----------------------------------------------------------------------


---------- Date: 2014-08-31 14:42:33 ~ IP : 207.244.77.6 ----------
REQUEST URI : /nasz/admin/index.php?route=catalog/product/update&amp;token=a19f2f8370196a2ac1a6617d8084dcd3&amp;product_id=652&amp;page=38
MOD DETAILS:
   modFile   : /home/demostrona/domains/demo.stronazen.pl/public_html/nasz/vqmod/xml/Auto-SEO-keywords-URL.xml
   id        : Auto SEO Keywords
   version   : 1
   vqmver    : 
   author    : Creative Ground
SEARCH NOT FOUND (ABORTING MOD): name="keyword"

----------------------------------------------------------------------


---------- Date: 2014-08-31 14:44:55 ~ IP : 207.244.77.6 ----------
REQUEST URI : /nasz/admin/index.php?route=catalog/product/update&amp;token=a19f2f8370196a2ac1a6617d8084dcd3&amp;product_id=653&amp;page=38
MOD DETAILS:
   modFile   : /home/demostrona/domains/demo.stronazen.pl/public_html/nasz/vqmod/xml/Auto-SEO-keywords-URL.xml
   id        : Auto SEO Keywords
   version   : 1
   vqmver    : 
   author    : Creative Ground
SEARCH NOT FOUND (ABORTING MOD): name="keyword"

----------------------------------------------------------------------


---------- Date: 2014-08-31 14:47:13 ~ IP : 207.244.77.6 ----------
REQUEST URI : /nasz/admin/index.php?route=catalog/product/update&amp;token=a19f2f8370196a2ac1a6617d8084dcd3&amp;product_id=613&amp;page=38
MOD DETAILS:
   modFile   : /home/demostrona/domains/demo.stronazen.pl/public_html/nasz/vqmod/xml/Auto-SEO-keywords-URL.xml
   id        : Auto SEO Keywords
   version   : 1
   vqmver    : 
   author    : Creative Ground
SEARCH NOT FOUND (ABORTING MOD): name="keyword"

----------------------------------------------------------------------


---------- Date: 2014-08-31 14:48:56 ~ IP : 207.244.77.6 ----------
REQUEST URI : /nasz/admin/index.php?route=catalog/product/update&amp;token=a19f2f8370196a2ac1a6617d8084dcd3&amp;product_id=246&amp;page=38
MOD DETAILS:
   modFile   : /home/demostrona/domains/demo.stronazen.pl/public_html/nasz/vqmod/xml/Auto-SEO-keywords-URL.xml
   id        : Auto SEO Keywords
   version   : 1
   vqmver    : 
   author    : Creative Ground
SEARCH NOT FOUND (ABORTING MOD): name="keyword"

----------------------------------------------------------------------


---------- Date: 2014-08-31 14:51:31 ~ IP : 207.244.77.6 ----------
REQUEST URI : /nasz/admin/index.php?route=catalog/product/update&amp;token=a19f2f8370196a2ac1a6617d8084dcd3&amp;product_id=314&amp;page=38
MOD DETAILS:
   modFile   : /home/demostrona/domains/demo.stronazen.pl/public_html/nasz/vqmod/xml/Auto-SEO-keywords-URL.xml
   id        : Auto SEO Keywords
   version   : 1
   vqmver    : 
   author    : Creative Ground
SEARCH NOT FOUND (ABORTING MOD): name="keyword"

----------------------------------------------------------------------


---------- Date: 2014-08-31 14:53:16 ~ IP : 207.244.77.6 ----------
REQUEST URI : /nasz/admin/index.php?route=catalog/product/update&amp;token=a19f2f8370196a2ac1a6617d8084dcd3&amp;product_id=315&amp;page=38
MOD DETAILS:
   modFile   : /home/demostrona/domains/demo.stronazen.pl/public_html/nasz/vqmod/xml/Auto-SEO-keywords-URL.xml
   id        : Auto SEO Keywords
   version   : 1
   vqmver    : 
   author    : Creative Ground
SEARCH NOT FOUND (ABORTING MOD): name="keyword"

----------------------------------------------------------------------


---------- Date: 2014-08-31 14:55:39 ~ IP : 207.244.77.6 ----------
REQUEST URI : /nasz/admin/index.php?route=catalog/product/update&amp;token=a19f2f8370196a2ac1a6617d8084dcd3&amp;product_id=308&amp;page=38
MOD DETAILS:
   modFile   : /home/demostrona/domains/demo.stronazen.pl/public_html/nasz/vqmod/xml/Auto-SEO-keywords-URL.xml
   id        : Auto SEO Keywords
   version   : 1
   vqmver    : 
   author    : Creative Ground
SEARCH NOT FOUND (ABORTING MOD): name="keyword"

----------------------------------------------------------------------


---------- Date: 2014-08-31 14:58:16 ~ IP : 207.244.78.9 ----------
REQUEST URI : /nasz/admin/index.php?route=catalog/product/update&amp;token=a19f2f8370196a2ac1a6617d8084dcd3&amp;product_id=312&amp;page=38
MOD DETAILS:
   modFile   : /home/demostrona/domains/demo.stronazen.pl/public_html/nasz/vqmod/xml/Auto-SEO-keywords-URL.xml
   id        : Auto SEO Keywords
   version   : 1
   vqmver    : 
   author    : Creative Ground
SEARCH NOT FOUND (ABORTING MOD): name="keyword"

----------------------------------------------------------------------


---------- Date: 2014-08-31 15:00:31 ~ IP : 207.244.78.9 ----------
REQUEST URI : /nasz/admin/index.php?route=catalog/product/update&amp;token=a19f2f8370196a2ac1a6617d8084dcd3&amp;product_id=256&amp;page=38
MOD DETAILS:
   modFile   : /home/demostrona/domains/demo.stronazen.pl/public_html/nasz/vqmod/xml/Auto-SEO-keywords-URL.xml
   id        : Auto SEO Keywords
   version   : 1
   vqmver    : 
   author    : Creative Ground
SEARCH NOT FOUND (ABORTING MOD): name="keyword"

----------------------------------------------------------------------


---------- Date: 2014-08-31 15:03:12 ~ IP : 207.244.78.9 ----------
REQUEST URI : /nasz/admin/index.php?route=catalog/product/update&amp;token=a19f2f8370196a2ac1a6617d8084dcd3&amp;product_id=297&amp;page=38
MOD DETAILS:
   modFile   : /home/demostrona/domains/demo.stronazen.pl/public_html/nasz/vqmod/xml/Auto-SEO-keywords-URL.xml
   id        : Auto SEO Keywords
   version   : 1
   vqmver    : 
   author    : Creative Ground
SEARCH NOT FOUND (ABORTING MOD): name="keyword"

----------------------------------------------------------------------


---------- Date: 2014-08-31 15:06:31 ~ IP : 207.244.78.9 ----------
REQUEST URI : /nasz/admin/index.php?route=catalog/product/update&amp;token=a19f2f8370196a2ac1a6617d8084dcd3&amp;product_id=260&amp;page=39
MOD DETAILS:
   modFile   : /home/demostrona/domains/demo.stronazen.pl/public_html/nasz/vqmod/xml/Auto-SEO-keywords-URL.xml
   id        : Auto SEO Keywords
   version   : 1
   vqmver    : 
   author    : Creative Ground
SEARCH NOT FOUND (ABORTING MOD): name="keyword"

----------------------------------------------------------------------


---------- Date: 2014-08-31 15:10:19 ~ IP : 207.244.78.9 ----------
REQUEST URI : /nasz/admin/index.php?route=catalog/product/update&amp;token=a19f2f8370196a2ac1a6617d8084dcd3&amp;product_id=247&amp;page=39
MOD DETAILS:
   modFile   : /home/demostrona/domains/demo.stronazen.pl/public_html/nasz/vqmod/xml/Auto-SEO-keywords-URL.xml
   id        : Auto SEO Keywords
   version   : 1
   vqmver    : 
   author    : Creative Ground
SEARCH NOT FOUND (ABORTING MOD): name="keyword"

----------------------------------------------------------------------


---------- Date: 2014-08-31 15:12:26 ~ IP : 207.244.78.9 ----------
REQUEST URI : /nasz/admin/index.php?route=catalog/product/update&amp;token=a19f2f8370196a2ac1a6617d8084dcd3&amp;product_id=247&amp;page=39
MOD DETAILS:
   modFile   : /home/demostrona/domains/demo.stronazen.pl/public_html/nasz/vqmod/xml/Auto-SEO-keywords-URL.xml
   id        : Auto SEO Keywords
   version   : 1
   vqmver    : 
   author    : Creative Ground
SEARCH NOT FOUND (ABORTING MOD): name="keyword"

----------------------------------------------------------------------


---------- Date: 2014-08-31 15:15:26 ~ IP : 207.244.78.9 ----------
REQUEST URI : /nasz/admin/index.php?route=catalog/product/update&amp;token=a19f2f8370196a2ac1a6617d8084dcd3&amp;product_id=248&amp;page=39
MOD DETAILS:
   modFile   : /home/demostrona/domains/demo.stronazen.pl/public_html/nasz/vqmod/xml/Auto-SEO-keywords-URL.xml
   id        : Auto SEO Keywords
   version   : 1
   vqmver    : 
   author    : Creative Ground
SEARCH NOT FOUND (ABORTING MOD): name="keyword"

----------------------------------------------------------------------


---------- Date: 2014-08-31 15:20:47 ~ IP : 207.244.77.14 ----------
REQUEST URI : /nasz/admin/index.php?route=catalog/product/update&amp;token=a19f2f8370196a2ac1a6617d8084dcd3&amp;product_id=249&amp;page=39
MOD DETAILS:
   modFile   : /home/demostrona/domains/demo.stronazen.pl/public_html/nasz/vqmod/xml/Auto-SEO-keywords-URL.xml
   id        : Auto SEO Keywords
   version   : 1
   vqmver    : 
   author    : Creative Ground
SEARCH NOT FOUND (ABORTING MOD): name="keyword"

----------------------------------------------------------------------


---------- Date: 2014-08-31 15:35:56 ~ IP : 207.244.77.14 ----------
REQUEST URI : /nasz/admin/index.php?route=catalog/product/update&amp;token=a19f2f8370196a2ac1a6617d8084dcd3&amp;product_id=251&amp;page=39
MOD DETAILS:
   modFile   : /home/demostrona/domains/demo.stronazen.pl/public_html/nasz/vqmod/xml/Auto-SEO-keywords-URL.xml
   id        : Auto SEO Keywords
   version   : 1
   vqmver    : 
   author    : Creative Ground
SEARCH NOT FOUND (ABORTING MOD): name="keyword"

----------------------------------------------------------------------


---------- Date: 2014-08-31 15:40:00 ~ IP : 207.244.72.201 ----------
REQUEST URI : /nasz/admin/index.php?route=catalog/product/update&amp;token=a19f2f8370196a2ac1a6617d8084dcd3&amp;product_id=252&amp;page=39
MOD DETAILS:
   modFile   : /home/demostrona/domains/demo.stronazen.pl/public_html/nasz/vqmod/xml/Auto-SEO-keywords-URL.xml
   id        : Auto SEO Keywords
   version   : 1
   vqmver    : 
   author    : Creative Ground
SEARCH NOT FOUND (ABORTING MOD): name="keyword"

----------------------------------------------------------------------


---------- Date: 2014-08-31 15:41:34 ~ IP : 207.244.72.201 ----------
REQUEST URI : /nasz/admin/index.php?route=catalog/product/update&amp;token=a19f2f8370196a2ac1a6617d8084dcd3&amp;product_id=253&amp;page=39
MOD DETAILS:
   modFile   : /home/demostrona/domains/demo.stronazen.pl/public_html/nasz/vqmod/xml/Auto-SEO-keywords-URL.xml
   id        : Auto SEO Keywords
   version   : 1
   vqmver    : 
   author    : Creative Ground
SEARCH NOT FOUND (ABORTING MOD): name="keyword"

----------------------------------------------------------------------


---------- Date: 2014-08-31 15:43:41 ~ IP : 207.244.72.201 ----------
REQUEST URI : /nasz/admin/index.php?route=catalog/product/update&amp;token=a19f2f8370196a2ac1a6617d8084dcd3&amp;product_id=255&amp;page=39
MOD DETAILS:
   modFile   : /home/demostrona/domains/demo.stronazen.pl/public_html/nasz/vqmod/xml/Auto-SEO-keywords-URL.xml
   id        : Auto SEO Keywords
   version   : 1
   vqmver    : 
   author    : Creative Ground
SEARCH NOT FOUND (ABORTING MOD): name="keyword"

----------------------------------------------------------------------


---------- Date: 2014-08-31 15:47:07 ~ IP : 207.244.72.201 ----------
REQUEST URI : /nasz/admin/index.php?route=catalog/product/update&amp;token=a19f2f8370196a2ac1a6617d8084dcd3&amp;product_id=264&amp;page=39
MOD DETAILS:
   modFile   : /home/demostrona/domains/demo.stronazen.pl/public_html/nasz/vqmod/xml/Auto-SEO-keywords-URL.xml
   id        : Auto SEO Keywords
   version   : 1
   vqmver    : 
   author    : Creative Ground
SEARCH NOT FOUND (ABORTING MOD): name="keyword"

----------------------------------------------------------------------


---------- Date: 2014-08-31 15:49:34 ~ IP : 207.244.72.201 ----------
REQUEST URI : /nasz/admin/index.php?route=catalog/product/update&amp;token=a19f2f8370196a2ac1a6617d8084dcd3&amp;product_id=349&amp;page=39
MOD DETAILS:
   modFile   : /home/demostrona/domains/demo.stronazen.pl/public_html/nasz/vqmod/xml/Auto-SEO-keywords-URL.xml
   id        : Auto SEO Keywords
   version   : 1
   vqmver    : 
   author    : Creative Ground
SEARCH NOT FOUND (ABORTING MOD): name="keyword"

----------------------------------------------------------------------


---------- Date: 2014-08-31 15:54:15 ~ IP : 207.244.72.201 ----------
REQUEST URI : /nasz/admin/index.php?route=catalog/product/update&amp;token=a19f2f8370196a2ac1a6617d8084dcd3&amp;product_id=623&amp;page=39
MOD DETAILS:
   modFile   : /home/demostrona/domains/demo.stronazen.pl/public_html/nasz/vqmod/xml/Auto-SEO-keywords-URL.xml
   id        : Auto SEO Keywords
   version   : 1
   vqmver    : 
   author    : Creative Ground
SEARCH NOT FOUND (ABORTING MOD): name="keyword"

----------------------------------------------------------------------


---------- Date: 2014-08-31 15:56:21 ~ IP : 207.244.72.201 ----------
REQUEST URI : /nasz/admin/index.php?route=catalog/product/update&amp;token=a19f2f8370196a2ac1a6617d8084dcd3&amp;product_id=261&amp;page=39
MOD DETAILS:
   modFile   : /home/demostrona/domains/demo.stronazen.pl/public_html/nasz/vqmod/xml/Auto-SEO-keywords-URL.xml
   id        : Auto SEO Keywords
   version   : 1
   vqmver    : 
   author    : Creative Ground
SEARCH NOT FOUND (ABORTING MOD): name="keyword"

----------------------------------------------------------------------


---------- Date: 2014-08-31 15:59:13 ~ IP : 207.244.77.140 ----------
REQUEST URI : /nasz/admin/index.php?route=catalog/product/update&amp;token=a19f2f8370196a2ac1a6617d8084dcd3&amp;product_id=262&amp;page=39
MOD DETAILS:
   modFile   : /home/demostrona/domains/demo.stronazen.pl/public_html/nasz/vqmod/xml/Auto-SEO-keywords-URL.xml
   id        : Auto SEO Keywords
   version   : 1
   vqmver    : 
   author    : Creative Ground
SEARCH NOT FOUND (ABORTING MOD): name="keyword"

----------------------------------------------------------------------


---------- Date: 2014-08-31 16:00:30 ~ IP : 207.244.77.140 ----------
REQUEST URI : /nasz/admin/index.php?route=catalog/product/update&amp;token=a19f2f8370196a2ac1a6617d8084dcd3&amp;product_id=21&amp;page=39
MOD DETAILS:
   modFile   : /home/demostrona/domains/demo.stronazen.pl/public_html/nasz/vqmod/xml/Auto-SEO-keywords-URL.xml
   id        : Auto SEO Keywords
   version   : 1
   vqmver    : 
   author    : Creative Ground
SEARCH NOT FOUND (ABORTING MOD): name="keyword"

----------------------------------------------------------------------


