---------- Date: 2014-10-09 11:28:24 ~ IP : 46.175.230.17 ----------
REQUEST URI : /rowery2/admin/index.php?route=catalog/product/update&amp;token=7c6d654246acb587ff44bbb49b62c12f&amp;product_id=776
MOD DETAILS:
   modFile   : /home/demostrona/domains/demo.stronazen.pl/public_html/rowery2/vqmod/xml/Auto-SEO-keywords-URL.xml
   id        : Auto SEO Keywords
   version   : 1
   vqmver    : 
   author    : Creative Ground
SEARCH NOT FOUND (ABORTING MOD): name="keyword"

----------------------------------------------------------------------


---------- Date: 2014-10-09 11:28:26 ~ IP : 46.175.230.17 ----------
REQUEST URI : /rowery2/admin/index.php?route=catalog/product/update&amp;token=7c6d654246acb587ff44bbb49b62c12f&amp;product_id=777
MOD DETAILS:
   modFile   : /home/demostrona/domains/demo.stronazen.pl/public_html/rowery2/vqmod/xml/Auto-SEO-keywords-URL.xml
   id        : Auto SEO Keywords
   version   : 1
   vqmver    : 
   author    : Creative Ground
SEARCH NOT FOUND (ABORTING MOD): name="keyword"

----------------------------------------------------------------------


---------- Date: 2014-10-09 11:28:27 ~ IP : 46.175.230.17 ----------
REQUEST URI : /rowery2/admin/index.php?route=catalog/product/update&amp;token=7c6d654246acb587ff44bbb49b62c12f&amp;product_id=778
MOD DETAILS:
   modFile   : /home/demostrona/domains/demo.stronazen.pl/public_html/rowery2/vqmod/xml/Auto-SEO-keywords-URL.xml
   id        : Auto SEO Keywords
   version   : 1
   vqmver    : 
   author    : Creative Ground
SEARCH NOT FOUND (ABORTING MOD): name="keyword"

----------------------------------------------------------------------


---------- Date: 2014-10-09 11:28:28 ~ IP : 46.175.230.17 ----------
REQUEST URI : /rowery2/admin/index.php?route=catalog/product/update&amp;token=7c6d654246acb587ff44bbb49b62c12f&amp;product_id=780
MOD DETAILS:
   modFile   : /home/demostrona/domains/demo.stronazen.pl/public_html/rowery2/vqmod/xml/Auto-SEO-keywords-URL.xml
   id        : Auto SEO Keywords
   version   : 1
   vqmver    : 
   author    : Creative Ground
SEARCH NOT FOUND (ABORTING MOD): name="keyword"

----------------------------------------------------------------------


---------- Date: 2014-10-09 11:28:28 ~ IP : 46.175.230.17 ----------
REQUEST URI : /rowery2/admin/index.php?route=catalog/product/update&amp;token=7c6d654246acb587ff44bbb49b62c12f&amp;product_id=779
MOD DETAILS:
   modFile   : /home/demostrona/domains/demo.stronazen.pl/public_html/rowery2/vqmod/xml/Auto-SEO-keywords-URL.xml
   id        : Auto SEO Keywords
   version   : 1
   vqmver    : 
   author    : Creative Ground
SEARCH NOT FOUND (ABORTING MOD): name="keyword"

----------------------------------------------------------------------


---------- Date: 2014-10-09 11:28:29 ~ IP : 46.175.230.17 ----------
REQUEST URI : /rowery2/admin/index.php?route=catalog/product/update&amp;token=7c6d654246acb587ff44bbb49b62c12f&amp;product_id=781
MOD DETAILS:
   modFile   : /home/demostrona/domains/demo.stronazen.pl/public_html/rowery2/vqmod/xml/Auto-SEO-keywords-URL.xml
   id        : Auto SEO Keywords
   version   : 1
   vqmver    : 
   author    : Creative Ground
SEARCH NOT FOUND (ABORTING MOD): name="keyword"

----------------------------------------------------------------------


---------- Date: 2014-10-09 11:28:30 ~ IP : 46.175.230.17 ----------
REQUEST URI : /rowery2/admin/index.php?route=catalog/product/update&amp;token=7c6d654246acb587ff44bbb49b62c12f&amp;product_id=782
MOD DETAILS:
   modFile   : /home/demostrona/domains/demo.stronazen.pl/public_html/rowery2/vqmod/xml/Auto-SEO-keywords-URL.xml
   id        : Auto SEO Keywords
   version   : 1
   vqmver    : 
   author    : Creative Ground
SEARCH NOT FOUND (ABORTING MOD): name="keyword"

----------------------------------------------------------------------


