---------- Date: 2014-09-23 08:59:30 ~ IP : 46.175.230.17 ----------
REQUEST URI : /nasz/admin/index.php?route=catalog/category/update&amp;token=1da9103bdeb0aa6e44382e48c96cbfb4&amp;category_id=6
MOD DETAILS:
   modFile   : /home/demostrona/domains/demo.stronazen.pl/public_html/nasz/vqmod/xml/vqmod_profiler.xml
   id        : OpenCart profiler
   version   : 1.0
   vqmver    : 1
   author    : Alexander Toporkov (toporchillo@gmail.com)
SEARCH NOT FOUND (ABORTING MOD): $controller->$method($args);

MOD DETAILS:
   modFile   : /home/demostrona/domains/demo.stronazen.pl/public_html/nasz/vqmod/xml/Auto-SEO-keywords-URL.xml
   id        : Auto SEO Keywords
   version   : 1
   vqmver    : 
   author    : Creative Ground
SEARCH NOT FOUND (ABORTING MOD): name="keyword"

----------------------------------------------------------------------


---------- Date: 2014-09-23 09:00:16 ~ IP : 46.175.230.17 ----------
REQUEST URI : /nasz/admin/index.php?route=catalog/category/update&amp;token=1da9103bdeb0aa6e44382e48c96cbfb4&amp;category_id=7
MOD DETAILS:
   modFile   : /home/demostrona/domains/demo.stronazen.pl/public_html/nasz/vqmod/xml/Auto-SEO-keywords-URL.xml
   id        : Auto SEO Keywords
   version   : 1
   vqmver    : 
   author    : Creative Ground
SEARCH NOT FOUND (ABORTING MOD): name="keyword"

----------------------------------------------------------------------


---------- Date: 2014-09-23 09:00:28 ~ IP : 46.175.230.17 ----------
REQUEST URI : /nasz/admin/index.php?route=catalog/category/update&amp;token=1da9103bdeb0aa6e44382e48c96cbfb4&amp;category_id=10&amp;page=3
MOD DETAILS:
   modFile   : /home/demostrona/domains/demo.stronazen.pl/public_html/nasz/vqmod/xml/Auto-SEO-keywords-URL.xml
   id        : Auto SEO Keywords
   version   : 1
   vqmver    : 
   author    : Creative Ground
SEARCH NOT FOUND (ABORTING MOD): name="keyword"

----------------------------------------------------------------------


---------- Date: 2014-09-23 09:00:37 ~ IP : 46.175.230.17 ----------
REQUEST URI : /nasz/admin/index.php?route=catalog/category/update&amp;token=1da9103bdeb0aa6e44382e48c96cbfb4&amp;category_id=43
MOD DETAILS:
   modFile   : /home/demostrona/domains/demo.stronazen.pl/public_html/nasz/vqmod/xml/Auto-SEO-keywords-URL.xml
   id        : Auto SEO Keywords
   version   : 1
   vqmver    : 
   author    : Creative Ground
SEARCH NOT FOUND (ABORTING MOD): name="keyword"

----------------------------------------------------------------------


---------- Date: 2014-09-23 09:00:42 ~ IP : 46.175.230.17 ----------
REQUEST URI : /nasz/admin/index.php?route=catalog/category/update&amp;token=1da9103bdeb0aa6e44382e48c96cbfb4&amp;category_id=6
MOD DETAILS:
   modFile   : /home/demostrona/domains/demo.stronazen.pl/public_html/nasz/vqmod/xml/Auto-SEO-keywords-URL.xml
   id        : Auto SEO Keywords
   version   : 1
   vqmver    : 
   author    : Creative Ground
SEARCH NOT FOUND (ABORTING MOD): name="keyword"

----------------------------------------------------------------------


---------- Date: 2014-09-23 09:01:41 ~ IP : 46.175.230.17 ----------
REQUEST URI : /nasz/admin/index.php?route=catalog/category/update&amp;token=1da9103bdeb0aa6e44382e48c96cbfb4&amp;category_id=45&amp;page=1
MOD DETAILS:
   modFile   : /home/demostrona/domains/demo.stronazen.pl/public_html/nasz/vqmod/xml/Auto-SEO-keywords-URL.xml
   id        : Auto SEO Keywords
   version   : 1
   vqmver    : 
   author    : Creative Ground
SEARCH NOT FOUND (ABORTING MOD): name="keyword"

----------------------------------------------------------------------


---------- Date: 2014-09-23 09:01:47 ~ IP : 46.175.230.17 ----------
REQUEST URI : /nasz/admin/index.php?route=catalog/category/update&amp;token=1da9103bdeb0aa6e44382e48c96cbfb4&amp;category_id=47&amp;page=1
MOD DETAILS:
   modFile   : /home/demostrona/domains/demo.stronazen.pl/public_html/nasz/vqmod/xml/Auto-SEO-keywords-URL.xml
   id        : Auto SEO Keywords
   version   : 1
   vqmver    : 
   author    : Creative Ground
SEARCH NOT FOUND (ABORTING MOD): name="keyword"

----------------------------------------------------------------------


---------- Date: 2014-09-23 09:01:54 ~ IP : 46.175.230.17 ----------
REQUEST URI : /nasz/admin/index.php?route=catalog/category/update&amp;token=1da9103bdeb0aa6e44382e48c96cbfb4&amp;category_id=23&amp;page=1
MOD DETAILS:
   modFile   : /home/demostrona/domains/demo.stronazen.pl/public_html/nasz/vqmod/xml/Auto-SEO-keywords-URL.xml
   id        : Auto SEO Keywords
   version   : 1
   vqmver    : 
   author    : Creative Ground
SEARCH NOT FOUND (ABORTING MOD): name="keyword"

----------------------------------------------------------------------


---------- Date: 2014-09-23 09:02:14 ~ IP : 46.175.230.17 ----------
REQUEST URI : /nasz/admin/index.php?route=catalog/category/update&amp;token=1da9103bdeb0aa6e44382e48c96cbfb4&amp;category_id=31
MOD DETAILS:
   modFile   : /home/demostrona/domains/demo.stronazen.pl/public_html/nasz/vqmod/xml/Auto-SEO-keywords-URL.xml
   id        : Auto SEO Keywords
   version   : 1
   vqmver    : 
   author    : Creative Ground
SEARCH NOT FOUND (ABORTING MOD): name="keyword"

----------------------------------------------------------------------


---------- Date: 2014-09-23 09:02:24 ~ IP : 46.175.230.17 ----------
REQUEST URI : /nasz/admin/index.php?route=catalog/category/update&amp;token=1da9103bdeb0aa6e44382e48c96cbfb4&amp;category_id=43
MOD DETAILS:
   modFile   : /home/demostrona/domains/demo.stronazen.pl/public_html/nasz/vqmod/xml/Auto-SEO-keywords-URL.xml
   id        : Auto SEO Keywords
   version   : 1
   vqmver    : 
   author    : Creative Ground
SEARCH NOT FOUND (ABORTING MOD): name="keyword"

----------------------------------------------------------------------


---------- Date: 2014-09-23 09:02:45 ~ IP : 46.175.230.17 ----------
REQUEST URI : /nasz/admin/index.php?route=catalog/category/update&amp;token=1da9103bdeb0aa6e44382e48c96cbfb4&amp;category_id=20
MOD DETAILS:
   modFile   : /home/demostrona/domains/demo.stronazen.pl/public_html/nasz/vqmod/xml/Auto-SEO-keywords-URL.xml
   id        : Auto SEO Keywords
   version   : 1
   vqmver    : 
   author    : Creative Ground
SEARCH NOT FOUND (ABORTING MOD): name="keyword"

----------------------------------------------------------------------


---------- Date: 2014-09-23 09:03:02 ~ IP : 46.175.230.17 ----------
REQUEST URI : /nasz/admin/index.php?route=catalog/category/update&amp;token=1da9103bdeb0aa6e44382e48c96cbfb4&amp;category_id=50&amp;page=2
MOD DETAILS:
   modFile   : /home/demostrona/domains/demo.stronazen.pl/public_html/nasz/vqmod/xml/Auto-SEO-keywords-URL.xml
   id        : Auto SEO Keywords
   version   : 1
   vqmver    : 
   author    : Creative Ground
SEARCH NOT FOUND (ABORTING MOD): name="keyword"

----------------------------------------------------------------------


---------- Date: 2014-09-23 09:03:08 ~ IP : 46.175.230.17 ----------
REQUEST URI : /nasz/admin/index.php?route=catalog/category/update&amp;token=1da9103bdeb0aa6e44382e48c96cbfb4&amp;category_id=27&amp;page=2
MOD DETAILS:
   modFile   : /home/demostrona/domains/demo.stronazen.pl/public_html/nasz/vqmod/xml/Auto-SEO-keywords-URL.xml
   id        : Auto SEO Keywords
   version   : 1
   vqmver    : 
   author    : Creative Ground
SEARCH NOT FOUND (ABORTING MOD): name="keyword"

----------------------------------------------------------------------


---------- Date: 2014-09-23 09:03:34 ~ IP : 46.175.230.17 ----------
REQUEST URI : /nasz/admin/index.php?route=catalog/category/update&amp;token=1da9103bdeb0aa6e44382e48c96cbfb4&amp;category_id=27&amp;page=2
MOD DETAILS:
   modFile   : /home/demostrona/domains/demo.stronazen.pl/public_html/nasz/vqmod/xml/Auto-SEO-keywords-URL.xml
   id        : Auto SEO Keywords
   version   : 1
   vqmver    : 
   author    : Creative Ground
SEARCH NOT FOUND (ABORTING MOD): name="keyword"

----------------------------------------------------------------------


---------- Date: 2014-09-23 09:03:43 ~ IP : 46.175.230.17 ----------
REQUEST URI : /nasz/admin/index.php?route=catalog/category/update&amp;token=1da9103bdeb0aa6e44382e48c96cbfb4&amp;category_id=1&amp;page=2
MOD DETAILS:
   modFile   : /home/demostrona/domains/demo.stronazen.pl/public_html/nasz/vqmod/xml/Auto-SEO-keywords-URL.xml
   id        : Auto SEO Keywords
   version   : 1
   vqmver    : 
   author    : Creative Ground
SEARCH NOT FOUND (ABORTING MOD): name="keyword"

----------------------------------------------------------------------


---------- Date: 2014-09-23 09:03:56 ~ IP : 46.175.230.17 ----------
REQUEST URI : /nasz/admin/index.php?route=catalog/category/update&amp;token=1da9103bdeb0aa6e44382e48c96cbfb4&amp;category_id=43
MOD DETAILS:
   modFile   : /home/demostrona/domains/demo.stronazen.pl/public_html/nasz/vqmod/xml/Auto-SEO-keywords-URL.xml
   id        : Auto SEO Keywords
   version   : 1
   vqmver    : 
   author    : Creative Ground
SEARCH NOT FOUND (ABORTING MOD): name="keyword"

----------------------------------------------------------------------


---------- Date: 2014-09-23 09:04:08 ~ IP : 46.175.230.17 ----------
REQUEST URI : /nasz/admin/index.php?route=catalog/category/update&amp;token=1da9103bdeb0aa6e44382e48c96cbfb4&amp;category_id=1&amp;page=2
MOD DETAILS:
   modFile   : /home/demostrona/domains/demo.stronazen.pl/public_html/nasz/vqmod/xml/Auto-SEO-keywords-URL.xml
   id        : Auto SEO Keywords
   version   : 1
   vqmver    : 
   author    : Creative Ground
SEARCH NOT FOUND (ABORTING MOD): name="keyword"

----------------------------------------------------------------------


---------- Date: 2014-09-23 09:04:15 ~ IP : 46.175.230.17 ----------
REQUEST URI : /nasz/admin/index.php?route=catalog/category/update&amp;token=1da9103bdeb0aa6e44382e48c96cbfb4&amp;category_id=9&amp;page=2
MOD DETAILS:
   modFile   : /home/demostrona/domains/demo.stronazen.pl/public_html/nasz/vqmod/xml/Auto-SEO-keywords-URL.xml
   id        : Auto SEO Keywords
   version   : 1
   vqmver    : 
   author    : Creative Ground
SEARCH NOT FOUND (ABORTING MOD): name="keyword"

----------------------------------------------------------------------


---------- Date: 2014-09-23 09:04:31 ~ IP : 46.175.230.17 ----------
REQUEST URI : /nasz/admin/index.php?route=catalog/category/update&amp;token=1da9103bdeb0aa6e44382e48c96cbfb4&amp;category_id=9&amp;page=2
MOD DETAILS:
   modFile   : /home/demostrona/domains/demo.stronazen.pl/public_html/nasz/vqmod/xml/Auto-SEO-keywords-URL.xml
   id        : Auto SEO Keywords
   version   : 1
   vqmver    : 
   author    : Creative Ground
SEARCH NOT FOUND (ABORTING MOD): name="keyword"

----------------------------------------------------------------------


---------- Date: 2014-09-23 09:04:35 ~ IP : 46.175.230.17 ----------
REQUEST URI : /nasz/admin/index.php?route=catalog/category/update&amp;token=1da9103bdeb0aa6e44382e48c96cbfb4&amp;category_id=9&amp;page=2
MOD DETAILS:
   modFile   : /home/demostrona/domains/demo.stronazen.pl/public_html/nasz/vqmod/xml/Auto-SEO-keywords-URL.xml
   id        : Auto SEO Keywords
   version   : 1
   vqmver    : 
   author    : Creative Ground
SEARCH NOT FOUND (ABORTING MOD): name="keyword"

----------------------------------------------------------------------


---------- Date: 2014-09-23 09:04:43 ~ IP : 46.175.230.17 ----------
REQUEST URI : /nasz/admin/index.php?route=catalog/category/update&amp;token=1da9103bdeb0aa6e44382e48c96cbfb4&amp;category_id=39&amp;page=3
MOD DETAILS:
   modFile   : /home/demostrona/domains/demo.stronazen.pl/public_html/nasz/vqmod/xml/Auto-SEO-keywords-URL.xml
   id        : Auto SEO Keywords
   version   : 1
   vqmver    : 
   author    : Creative Ground
SEARCH NOT FOUND (ABORTING MOD): name="keyword"

----------------------------------------------------------------------


---------- Date: 2014-09-23 09:05:35 ~ IP : 46.175.230.17 ----------
REQUEST URI : /nasz/admin/index.php?route=catalog/category/update&amp;token=1da9103bdeb0aa6e44382e48c96cbfb4&amp;category_id=39&amp;page=3
MOD DETAILS:
   modFile   : /home/demostrona/domains/demo.stronazen.pl/public_html/nasz/vqmod/xml/Auto-SEO-keywords-URL.xml
   id        : Auto SEO Keywords
   version   : 1
   vqmver    : 
   author    : Creative Ground
SEARCH NOT FOUND (ABORTING MOD): name="keyword"

----------------------------------------------------------------------


---------- Date: 2014-09-23 09:05:42 ~ IP : 46.175.230.17 ----------
REQUEST URI : /nasz/admin/index.php?route=catalog/category/update&amp;token=1da9103bdeb0aa6e44382e48c96cbfb4&amp;category_id=6
MOD DETAILS:
   modFile   : /home/demostrona/domains/demo.stronazen.pl/public_html/nasz/vqmod/xml/Auto-SEO-keywords-URL.xml
   id        : Auto SEO Keywords
   version   : 1
   vqmver    : 
   author    : Creative Ground
SEARCH NOT FOUND (ABORTING MOD): name="keyword"

----------------------------------------------------------------------


---------- Date: 2014-09-23 09:05:52 ~ IP : 46.175.230.17 ----------
REQUEST URI : /nasz/admin/index.php?route=catalog/category/update&amp;token=1da9103bdeb0aa6e44382e48c96cbfb4&amp;category_id=39&amp;page=3
MOD DETAILS:
   modFile   : /home/demostrona/domains/demo.stronazen.pl/public_html/nasz/vqmod/xml/Auto-SEO-keywords-URL.xml
   id        : Auto SEO Keywords
   version   : 1
   vqmver    : 
   author    : Creative Ground
SEARCH NOT FOUND (ABORTING MOD): name="keyword"

----------------------------------------------------------------------


---------- Date: 2014-09-23 09:06:10 ~ IP : 46.175.230.17 ----------
REQUEST URI : /nasz/admin/index.php?route=catalog/category/update&amp;token=1da9103bdeb0aa6e44382e48c96cbfb4&amp;category_id=9&amp;page=2
MOD DETAILS:
   modFile   : /home/demostrona/domains/demo.stronazen.pl/public_html/nasz/vqmod/xml/Auto-SEO-keywords-URL.xml
   id        : Auto SEO Keywords
   version   : 1
   vqmver    : 
   author    : Creative Ground
SEARCH NOT FOUND (ABORTING MOD): name="keyword"

----------------------------------------------------------------------


---------- Date: 2014-09-23 09:06:34 ~ IP : 46.175.230.17 ----------
REQUEST URI : /nasz/admin/index.php?route=catalog/category/update&amp;token=1da9103bdeb0aa6e44382e48c96cbfb4&amp;category_id=1&amp;page=2
MOD DETAILS:
   modFile   : /home/demostrona/domains/demo.stronazen.pl/public_html/nasz/vqmod/xml/Auto-SEO-keywords-URL.xml
   id        : Auto SEO Keywords
   version   : 1
   vqmver    : 
   author    : Creative Ground
SEARCH NOT FOUND (ABORTING MOD): name="keyword"

----------------------------------------------------------------------


---------- Date: 2014-09-23 09:06:52 ~ IP : 46.175.230.17 ----------
REQUEST URI : /nasz/admin/index.php?route=catalog/category/update&amp;token=1da9103bdeb0aa6e44382e48c96cbfb4&amp;category_id=27&amp;page=2
MOD DETAILS:
   modFile   : /home/demostrona/domains/demo.stronazen.pl/public_html/nasz/vqmod/xml/Auto-SEO-keywords-URL.xml
   id        : Auto SEO Keywords
   version   : 1
   vqmver    : 
   author    : Creative Ground
SEARCH NOT FOUND (ABORTING MOD): name="keyword"

----------------------------------------------------------------------


---------- Date: 2014-09-23 09:07:15 ~ IP : 46.175.230.17 ----------
REQUEST URI : /nasz/admin/index.php?route=catalog/category/update&amp;token=1da9103bdeb0aa6e44382e48c96cbfb4&amp;category_id=20&amp;page=1
MOD DETAILS:
   modFile   : /home/demostrona/domains/demo.stronazen.pl/public_html/nasz/vqmod/xml/Auto-SEO-keywords-URL.xml
   id        : Auto SEO Keywords
   version   : 1
   vqmver    : 
   author    : Creative Ground
SEARCH NOT FOUND (ABORTING MOD): name="keyword"

----------------------------------------------------------------------


---------- Date: 2014-09-23 09:07:30 ~ IP : 46.175.230.17 ----------
REQUEST URI : /nasz/admin/index.php?route=catalog/category/update&amp;token=1da9103bdeb0aa6e44382e48c96cbfb4&amp;category_id=43
MOD DETAILS:
   modFile   : /home/demostrona/domains/demo.stronazen.pl/public_html/nasz/vqmod/xml/Auto-SEO-keywords-URL.xml
   id        : Auto SEO Keywords
   version   : 1
   vqmver    : 
   author    : Creative Ground
SEARCH NOT FOUND (ABORTING MOD): name="keyword"

----------------------------------------------------------------------


---------- Date: 2014-09-23 09:07:46 ~ IP : 46.175.230.17 ----------
REQUEST URI : /nasz/admin/index.php?route=catalog/category/update&amp;token=1da9103bdeb0aa6e44382e48c96cbfb4&amp;category_id=23
MOD DETAILS:
   modFile   : /home/demostrona/domains/demo.stronazen.pl/public_html/nasz/vqmod/xml/Auto-SEO-keywords-URL.xml
   id        : Auto SEO Keywords
   version   : 1
   vqmver    : 
   author    : Creative Ground
SEARCH NOT FOUND (ABORTING MOD): name="keyword"

----------------------------------------------------------------------


---------- Date: 2014-09-23 09:07:59 ~ IP : 46.175.230.17 ----------
REQUEST URI : /nasz/admin/index.php?route=catalog/category/update&amp;token=1da9103bdeb0aa6e44382e48c96cbfb4&amp;category_id=6
MOD DETAILS:
   modFile   : /home/demostrona/domains/demo.stronazen.pl/public_html/nasz/vqmod/xml/Auto-SEO-keywords-URL.xml
   id        : Auto SEO Keywords
   version   : 1
   vqmver    : 
   author    : Creative Ground
SEARCH NOT FOUND (ABORTING MOD): name="keyword"

----------------------------------------------------------------------


---------- Date: 2014-09-23 09:17:33 ~ IP : 217.91.165.165 ----------
REQUEST URI : /nasz/admin/index.php?route=catalog/product/update&amp;token=f6e8ac764060eeb349881ff4f5ccacd1&amp;product_id=191&amp;page=25
MOD DETAILS:
   modFile   : /home/demostrona/domains/demo.stronazen.pl/public_html/nasz/vqmod/xml/Auto-SEO-keywords-URL.xml
   id        : Auto SEO Keywords
   version   : 1
   vqmver    : 
   author    : Creative Ground
SEARCH NOT FOUND (ABORTING MOD): name="keyword"

----------------------------------------------------------------------


---------- Date: 2014-09-23 09:17:48 ~ IP : 217.91.165.165 ----------
REQUEST URI : /nasz/admin/index.php?route=catalog/product/update&amp;token=f6e8ac764060eeb349881ff4f5ccacd1&amp;product_id=204&amp;page=25
MOD DETAILS:
   modFile   : /home/demostrona/domains/demo.stronazen.pl/public_html/nasz/vqmod/xml/Auto-SEO-keywords-URL.xml
   id        : Auto SEO Keywords
   version   : 1
   vqmver    : 
   author    : Creative Ground
SEARCH NOT FOUND (ABORTING MOD): name="keyword"

----------------------------------------------------------------------


---------- Date: 2014-09-23 09:18:01 ~ IP : 217.91.165.165 ----------
REQUEST URI : /nasz/admin/index.php?route=catalog/product/update&amp;token=f6e8ac764060eeb349881ff4f5ccacd1&amp;product_id=205&amp;page=25
MOD DETAILS:
   modFile   : /home/demostrona/domains/demo.stronazen.pl/public_html/nasz/vqmod/xml/Auto-SEO-keywords-URL.xml
   id        : Auto SEO Keywords
   version   : 1
   vqmver    : 
   author    : Creative Ground
SEARCH NOT FOUND (ABORTING MOD): name="keyword"

----------------------------------------------------------------------


---------- Date: 2014-09-23 09:18:20 ~ IP : 217.91.165.165 ----------
REQUEST URI : /nasz/admin/index.php?route=catalog/product/update&amp;token=f6e8ac764060eeb349881ff4f5ccacd1&amp;product_id=206&amp;page=25
MOD DETAILS:
   modFile   : /home/demostrona/domains/demo.stronazen.pl/public_html/nasz/vqmod/xml/Auto-SEO-keywords-URL.xml
   id        : Auto SEO Keywords
   version   : 1
   vqmver    : 
   author    : Creative Ground
SEARCH NOT FOUND (ABORTING MOD): name="keyword"

----------------------------------------------------------------------


---------- Date: 2014-09-23 09:22:25 ~ IP : 217.91.165.165 ----------
REQUEST URI : /nasz/admin/index.php?route=catalog/product/update&amp;token=e1b78e4b3c989c8edc75b343165d85bd&amp;product_id=206&amp;page=25
MOD DETAILS:
   modFile   : /home/demostrona/domains/demo.stronazen.pl/public_html/nasz/vqmod/xml/Auto-SEO-keywords-URL.xml
   id        : Auto SEO Keywords
   version   : 1
   vqmver    : 
   author    : Creative Ground
SEARCH NOT FOUND (ABORTING MOD): name="keyword"

----------------------------------------------------------------------


---------- Date: 2014-09-23 09:23:01 ~ IP : 217.91.165.165 ----------
REQUEST URI : /nasz/admin/index.php?route=catalog/product/update&amp;token=e1b78e4b3c989c8edc75b343165d85bd&amp;product_id=206&amp;page=25
MOD DETAILS:
   modFile   : /home/demostrona/domains/demo.stronazen.pl/public_html/nasz/vqmod/xml/Auto-SEO-keywords-URL.xml
   id        : Auto SEO Keywords
   version   : 1
   vqmver    : 
   author    : Creative Ground
SEARCH NOT FOUND (ABORTING MOD): name="keyword"

----------------------------------------------------------------------


---------- Date: 2014-09-23 09:24:17 ~ IP : 217.91.165.165 ----------
REQUEST URI : /nasz/admin/index.php?route=catalog/product/update&amp;token=e1b78e4b3c989c8edc75b343165d85bd&amp;product_id=204&amp;page=25
MOD DETAILS:
   modFile   : /home/demostrona/domains/demo.stronazen.pl/public_html/nasz/vqmod/xml/Auto-SEO-keywords-URL.xml
   id        : Auto SEO Keywords
   version   : 1
   vqmver    : 
   author    : Creative Ground
SEARCH NOT FOUND (ABORTING MOD): name="keyword"

----------------------------------------------------------------------


---------- Date: 2014-09-23 09:25:32 ~ IP : 217.91.165.165 ----------
REQUEST URI : /nasz/admin/index.php?route=catalog/product/update&amp;token=e1b78e4b3c989c8edc75b343165d85bd&amp;product_id=191&amp;page=25
MOD DETAILS:
   modFile   : /home/demostrona/domains/demo.stronazen.pl/public_html/nasz/vqmod/xml/Auto-SEO-keywords-URL.xml
   id        : Auto SEO Keywords
   version   : 1
   vqmver    : 
   author    : Creative Ground
SEARCH NOT FOUND (ABORTING MOD): name="keyword"

----------------------------------------------------------------------


---------- Date: 2014-09-23 09:26:14 ~ IP : 217.91.165.165 ----------
REQUEST URI : /nasz/admin/index.php?route=catalog/product/update&amp;token=e1b78e4b3c989c8edc75b343165d85bd&amp;product_id=190&amp;page=25
MOD DETAILS:
   modFile   : /home/demostrona/domains/demo.stronazen.pl/public_html/nasz/vqmod/xml/Auto-SEO-keywords-URL.xml
   id        : Auto SEO Keywords
   version   : 1
   vqmver    : 
   author    : Creative Ground
SEARCH NOT FOUND (ABORTING MOD): name="keyword"

----------------------------------------------------------------------


---------- Date: 2014-09-23 09:26:36 ~ IP : 217.91.165.165 ----------
REQUEST URI : /nasz/admin/index.php?route=catalog/product/update&amp;token=e1b78e4b3c989c8edc75b343165d85bd&amp;product_id=131&amp;page=25
MOD DETAILS:
   modFile   : /home/demostrona/domains/demo.stronazen.pl/public_html/nasz/vqmod/xml/Auto-SEO-keywords-URL.xml
   id        : Auto SEO Keywords
   version   : 1
   vqmver    : 
   author    : Creative Ground
SEARCH NOT FOUND (ABORTING MOD): name="keyword"

----------------------------------------------------------------------


---------- Date: 2014-09-23 09:27:10 ~ IP : 217.91.165.165 ----------
REQUEST URI : /nasz/admin/index.php?route=catalog/product/update&amp;token=e1b78e4b3c989c8edc75b343165d85bd&amp;product_id=181&amp;page=25
MOD DETAILS:
   modFile   : /home/demostrona/domains/demo.stronazen.pl/public_html/nasz/vqmod/xml/Auto-SEO-keywords-URL.xml
   id        : Auto SEO Keywords
   version   : 1
   vqmver    : 
   author    : Creative Ground
SEARCH NOT FOUND (ABORTING MOD): name="keyword"

----------------------------------------------------------------------


---------- Date: 2014-09-23 09:27:51 ~ IP : 217.91.165.165 ----------
REQUEST URI : /nasz/admin/index.php?route=catalog/product/update&amp;token=e1b78e4b3c989c8edc75b343165d85bd&amp;product_id=166&amp;page=25
MOD DETAILS:
   modFile   : /home/demostrona/domains/demo.stronazen.pl/public_html/nasz/vqmod/xml/Auto-SEO-keywords-URL.xml
   id        : Auto SEO Keywords
   version   : 1
   vqmver    : 
   author    : Creative Ground
SEARCH NOT FOUND (ABORTING MOD): name="keyword"

----------------------------------------------------------------------


---------- Date: 2014-09-23 09:28:28 ~ IP : 217.91.165.165 ----------
REQUEST URI : /nasz/admin/index.php?route=catalog/product/update&amp;token=e1b78e4b3c989c8edc75b343165d85bd&amp;product_id=762&amp;page=25
MOD DETAILS:
   modFile   : /home/demostrona/domains/demo.stronazen.pl/public_html/nasz/vqmod/xml/Auto-SEO-keywords-URL.xml
   id        : Auto SEO Keywords
   version   : 1
   vqmver    : 
   author    : Creative Ground
SEARCH NOT FOUND (ABORTING MOD): name="keyword"

----------------------------------------------------------------------


---------- Date: 2014-09-23 09:29:00 ~ IP : 217.91.165.165 ----------
REQUEST URI : /nasz/admin/index.php?route=catalog/product/update&amp;token=e1b78e4b3c989c8edc75b343165d85bd&amp;product_id=157&amp;page=25
MOD DETAILS:
   modFile   : /home/demostrona/domains/demo.stronazen.pl/public_html/nasz/vqmod/xml/Auto-SEO-keywords-URL.xml
   id        : Auto SEO Keywords
   version   : 1
   vqmver    : 
   author    : Creative Ground
SEARCH NOT FOUND (ABORTING MOD): name="keyword"

----------------------------------------------------------------------


---------- Date: 2014-09-23 09:29:54 ~ IP : 217.91.165.165 ----------
REQUEST URI : /nasz/admin/index.php?route=catalog/product/update&amp;token=e1b78e4b3c989c8edc75b343165d85bd&amp;product_id=158&amp;page=25
MOD DETAILS:
   modFile   : /home/demostrona/domains/demo.stronazen.pl/public_html/nasz/vqmod/xml/Auto-SEO-keywords-URL.xml
   id        : Auto SEO Keywords
   version   : 1
   vqmver    : 
   author    : Creative Ground
SEARCH NOT FOUND (ABORTING MOD): name="keyword"

----------------------------------------------------------------------


---------- Date: 2014-09-23 09:30:16 ~ IP : 217.91.165.165 ----------
REQUEST URI : /nasz/admin/index.php?route=catalog/product/update&amp;token=e1b78e4b3c989c8edc75b343165d85bd&amp;product_id=210&amp;page=25
MOD DETAILS:
   modFile   : /home/demostrona/domains/demo.stronazen.pl/public_html/nasz/vqmod/xml/Auto-SEO-keywords-URL.xml
   id        : Auto SEO Keywords
   version   : 1
   vqmver    : 
   author    : Creative Ground
SEARCH NOT FOUND (ABORTING MOD): name="keyword"

----------------------------------------------------------------------


---------- Date: 2014-09-23 09:31:08 ~ IP : 217.91.165.165 ----------
REQUEST URI : /nasz/admin/index.php?route=catalog/product/update&amp;token=e1b78e4b3c989c8edc75b343165d85bd&amp;product_id=189&amp;page=26
MOD DETAILS:
   modFile   : /home/demostrona/domains/demo.stronazen.pl/public_html/nasz/vqmod/xml/Auto-SEO-keywords-URL.xml
   id        : Auto SEO Keywords
   version   : 1
   vqmver    : 
   author    : Creative Ground
SEARCH NOT FOUND (ABORTING MOD): name="keyword"

----------------------------------------------------------------------


---------- Date: 2014-09-23 09:31:44 ~ IP : 217.91.165.165 ----------
REQUEST URI : /nasz/admin/index.php?route=catalog/product/update&amp;token=e1b78e4b3c989c8edc75b343165d85bd&amp;product_id=195&amp;page=26
MOD DETAILS:
   modFile   : /home/demostrona/domains/demo.stronazen.pl/public_html/nasz/vqmod/xml/Auto-SEO-keywords-URL.xml
   id        : Auto SEO Keywords
   version   : 1
   vqmver    : 
   author    : Creative Ground
SEARCH NOT FOUND (ABORTING MOD): name="keyword"

----------------------------------------------------------------------


---------- Date: 2014-09-23 09:32:14 ~ IP : 217.91.165.165 ----------
REQUEST URI : /nasz/admin/index.php?route=catalog/product/update&amp;token=e1b78e4b3c989c8edc75b343165d85bd&amp;product_id=196&amp;page=26
MOD DETAILS:
   modFile   : /home/demostrona/domains/demo.stronazen.pl/public_html/nasz/vqmod/xml/Auto-SEO-keywords-URL.xml
   id        : Auto SEO Keywords
   version   : 1
   vqmver    : 
   author    : Creative Ground
SEARCH NOT FOUND (ABORTING MOD): name="keyword"

----------------------------------------------------------------------


---------- Date: 2014-09-23 09:33:09 ~ IP : 217.91.165.165 ----------
REQUEST URI : /nasz/admin/index.php?route=catalog/product/update&amp;token=e1b78e4b3c989c8edc75b343165d85bd&amp;product_id=197&amp;page=26
MOD DETAILS:
   modFile   : /home/demostrona/domains/demo.stronazen.pl/public_html/nasz/vqmod/xml/Auto-SEO-keywords-URL.xml
   id        : Auto SEO Keywords
   version   : 1
   vqmver    : 
   author    : Creative Ground
SEARCH NOT FOUND (ABORTING MOD): name="keyword"

----------------------------------------------------------------------


---------- Date: 2014-09-23 09:33:50 ~ IP : 217.91.165.165 ----------
REQUEST URI : /nasz/admin/index.php?route=catalog/product/update&amp;token=e1b78e4b3c989c8edc75b343165d85bd&amp;product_id=192&amp;page=26
MOD DETAILS:
   modFile   : /home/demostrona/domains/demo.stronazen.pl/public_html/nasz/vqmod/xml/Auto-SEO-keywords-URL.xml
   id        : Auto SEO Keywords
   version   : 1
   vqmver    : 
   author    : Creative Ground
SEARCH NOT FOUND (ABORTING MOD): name="keyword"

----------------------------------------------------------------------


---------- Date: 2014-09-23 09:34:43 ~ IP : 217.91.165.165 ----------
REQUEST URI : /nasz/admin/index.php?route=catalog/product/update&amp;token=e1b78e4b3c989c8edc75b343165d85bd&amp;product_id=202&amp;page=26
MOD DETAILS:
   modFile   : /home/demostrona/domains/demo.stronazen.pl/public_html/nasz/vqmod/xml/Auto-SEO-keywords-URL.xml
   id        : Auto SEO Keywords
   version   : 1
   vqmver    : 
   author    : Creative Ground
SEARCH NOT FOUND (ABORTING MOD): name="keyword"

----------------------------------------------------------------------


---------- Date: 2014-09-23 09:35:13 ~ IP : 217.91.165.165 ----------
REQUEST URI : /nasz/admin/index.php?route=catalog/product/update&amp;token=e1b78e4b3c989c8edc75b343165d85bd&amp;product_id=203&amp;page=26
MOD DETAILS:
   modFile   : /home/demostrona/domains/demo.stronazen.pl/public_html/nasz/vqmod/xml/Auto-SEO-keywords-URL.xml
   id        : Auto SEO Keywords
   version   : 1
   vqmver    : 
   author    : Creative Ground
SEARCH NOT FOUND (ABORTING MOD): name="keyword"

----------------------------------------------------------------------


---------- Date: 2014-09-23 09:35:37 ~ IP : 217.91.165.165 ----------
REQUEST URI : /nasz/admin/index.php?route=catalog/product/update&amp;token=e1b78e4b3c989c8edc75b343165d85bd&amp;product_id=180&amp;page=26
MOD DETAILS:
   modFile   : /home/demostrona/domains/demo.stronazen.pl/public_html/nasz/vqmod/xml/Auto-SEO-keywords-URL.xml
   id        : Auto SEO Keywords
   version   : 1
   vqmver    : 
   author    : Creative Ground
SEARCH NOT FOUND (ABORTING MOD): name="keyword"

----------------------------------------------------------------------


---------- Date: 2014-09-23 09:36:01 ~ IP : 217.91.165.165 ----------
REQUEST URI : /nasz/admin/index.php?route=catalog/product/update&amp;token=e1b78e4b3c989c8edc75b343165d85bd&amp;product_id=167&amp;page=26
MOD DETAILS:
   modFile   : /home/demostrona/domains/demo.stronazen.pl/public_html/nasz/vqmod/xml/Auto-SEO-keywords-URL.xml
   id        : Auto SEO Keywords
   version   : 1
   vqmver    : 
   author    : Creative Ground
SEARCH NOT FOUND (ABORTING MOD): name="keyword"

----------------------------------------------------------------------


---------- Date: 2014-09-23 09:36:32 ~ IP : 217.91.165.165 ----------
REQUEST URI : /nasz/admin/index.php?route=catalog/product/update&amp;token=e1b78e4b3c989c8edc75b343165d85bd&amp;product_id=763&amp;page=26
MOD DETAILS:
   modFile   : /home/demostrona/domains/demo.stronazen.pl/public_html/nasz/vqmod/xml/Auto-SEO-keywords-URL.xml
   id        : Auto SEO Keywords
   version   : 1
   vqmver    : 
   author    : Creative Ground
SEARCH NOT FOUND (ABORTING MOD): name="keyword"

----------------------------------------------------------------------


---------- Date: 2014-09-23 09:37:05 ~ IP : 217.91.165.165 ----------
REQUEST URI : /nasz/admin/index.php?route=catalog/product/update&amp;token=e1b78e4b3c989c8edc75b343165d85bd&amp;product_id=188&amp;page=26
MOD DETAILS:
   modFile   : /home/demostrona/domains/demo.stronazen.pl/public_html/nasz/vqmod/xml/Auto-SEO-keywords-URL.xml
   id        : Auto SEO Keywords
   version   : 1
   vqmver    : 
   author    : Creative Ground
SEARCH NOT FOUND (ABORTING MOD): name="keyword"

----------------------------------------------------------------------


---------- Date: 2014-09-23 09:38:12 ~ IP : 217.91.165.165 ----------
REQUEST URI : /nasz/admin/index.php?route=catalog/product/update&amp;token=e1b78e4b3c989c8edc75b343165d85bd&amp;product_id=711&amp;page=26
MOD DETAILS:
   modFile   : /home/demostrona/domains/demo.stronazen.pl/public_html/nasz/vqmod/xml/Auto-SEO-keywords-URL.xml
   id        : Auto SEO Keywords
   version   : 1
   vqmver    : 
   author    : Creative Ground
SEARCH NOT FOUND (ABORTING MOD): name="keyword"

----------------------------------------------------------------------


---------- Date: 2014-09-23 09:38:39 ~ IP : 217.91.165.165 ----------
REQUEST URI : /nasz/admin/index.php?route=catalog/product/update&amp;token=e1b78e4b3c989c8edc75b343165d85bd&amp;product_id=608&amp;page=26
MOD DETAILS:
   modFile   : /home/demostrona/domains/demo.stronazen.pl/public_html/nasz/vqmod/xml/Auto-SEO-keywords-URL.xml
   id        : Auto SEO Keywords
   version   : 1
   vqmver    : 
   author    : Creative Ground
SEARCH NOT FOUND (ABORTING MOD): name="keyword"

----------------------------------------------------------------------


---------- Date: 2014-09-23 09:39:04 ~ IP : 217.91.165.165 ----------
REQUEST URI : /nasz/admin/index.php?route=catalog/product/update&amp;token=e1b78e4b3c989c8edc75b343165d85bd&amp;product_id=443&amp;page=26
MOD DETAILS:
   modFile   : /home/demostrona/domains/demo.stronazen.pl/public_html/nasz/vqmod/xml/Auto-SEO-keywords-URL.xml
   id        : Auto SEO Keywords
   version   : 1
   vqmver    : 
   author    : Creative Ground
SEARCH NOT FOUND (ABORTING MOD): name="keyword"

----------------------------------------------------------------------


---------- Date: 2014-09-23 09:39:31 ~ IP : 217.91.165.165 ----------
REQUEST URI : /nasz/admin/index.php?route=catalog/product/update&amp;token=e1b78e4b3c989c8edc75b343165d85bd&amp;product_id=431&amp;page=26
MOD DETAILS:
   modFile   : /home/demostrona/domains/demo.stronazen.pl/public_html/nasz/vqmod/xml/Auto-SEO-keywords-URL.xml
   id        : Auto SEO Keywords
   version   : 1
   vqmver    : 
   author    : Creative Ground
SEARCH NOT FOUND (ABORTING MOD): name="keyword"

----------------------------------------------------------------------


---------- Date: 2014-09-23 09:39:57 ~ IP : 217.91.165.165 ----------
REQUEST URI : /nasz/admin/index.php?route=catalog/product/update&amp;token=e1b78e4b3c989c8edc75b343165d85bd&amp;product_id=352&amp;page=26
MOD DETAILS:
   modFile   : /home/demostrona/domains/demo.stronazen.pl/public_html/nasz/vqmod/xml/Auto-SEO-keywords-URL.xml
   id        : Auto SEO Keywords
   version   : 1
   vqmver    : 
   author    : Creative Ground
SEARCH NOT FOUND (ABORTING MOD): name="keyword"

----------------------------------------------------------------------


---------- Date: 2014-09-23 09:40:59 ~ IP : 217.91.165.165 ----------
REQUEST URI : /nasz/admin/index.php?route=catalog/product/update&amp;token=e1b78e4b3c989c8edc75b343165d85bd&amp;product_id=386&amp;page=26
MOD DETAILS:
   modFile   : /home/demostrona/domains/demo.stronazen.pl/public_html/nasz/vqmod/xml/Auto-SEO-keywords-URL.xml
   id        : Auto SEO Keywords
   version   : 1
   vqmver    : 
   author    : Creative Ground
SEARCH NOT FOUND (ABORTING MOD): name="keyword"

----------------------------------------------------------------------


---------- Date: 2014-09-23 09:41:47 ~ IP : 217.91.165.165 ----------
REQUEST URI : /nasz/admin/index.php?route=catalog/product/update&amp;token=e1b78e4b3c989c8edc75b343165d85bd&amp;product_id=43&amp;page=26
MOD DETAILS:
   modFile   : /home/demostrona/domains/demo.stronazen.pl/public_html/nasz/vqmod/xml/Auto-SEO-keywords-URL.xml
   id        : Auto SEO Keywords
   version   : 1
   vqmver    : 
   author    : Creative Ground
SEARCH NOT FOUND (ABORTING MOD): name="keyword"

----------------------------------------------------------------------


---------- Date: 2014-09-23 09:42:28 ~ IP : 217.91.165.165 ----------
REQUEST URI : /nasz/admin/index.php?route=catalog/product/update&amp;token=e1b78e4b3c989c8edc75b343165d85bd&amp;product_id=742&amp;page=26
MOD DETAILS:
   modFile   : /home/demostrona/domains/demo.stronazen.pl/public_html/nasz/vqmod/xml/Auto-SEO-keywords-URL.xml
   id        : Auto SEO Keywords
   version   : 1
   vqmver    : 
   author    : Creative Ground
SEARCH NOT FOUND (ABORTING MOD): name="keyword"

----------------------------------------------------------------------


---------- Date: 2014-09-23 09:42:43 ~ IP : 217.91.165.165 ----------
REQUEST URI : /nasz/admin/index.php?route=catalog/product/update&amp;token=e1b78e4b3c989c8edc75b343165d85bd&amp;product_id=744&amp;page=26
MOD DETAILS:
   modFile   : /home/demostrona/domains/demo.stronazen.pl/public_html/nasz/vqmod/xml/Auto-SEO-keywords-URL.xml
   id        : Auto SEO Keywords
   version   : 1
   vqmver    : 
   author    : Creative Ground
SEARCH NOT FOUND (ABORTING MOD): name="keyword"

----------------------------------------------------------------------


---------- Date: 2014-09-23 09:44:18 ~ IP : 217.91.165.165 ----------
REQUEST URI : /nasz/admin/index.php?route=catalog/product/update&amp;token=e1b78e4b3c989c8edc75b343165d85bd&amp;product_id=743&amp;page=27
MOD DETAILS:
   modFile   : /home/demostrona/domains/demo.stronazen.pl/public_html/nasz/vqmod/xml/Auto-SEO-keywords-URL.xml
   id        : Auto SEO Keywords
   version   : 1
   vqmver    : 
   author    : Creative Ground
SEARCH NOT FOUND (ABORTING MOD): name="keyword"

----------------------------------------------------------------------


---------- Date: 2014-09-23 09:44:50 ~ IP : 217.91.165.165 ----------
REQUEST URI : /nasz/admin/index.php?route=catalog/product/update&amp;token=e1b78e4b3c989c8edc75b343165d85bd&amp;product_id=467&amp;page=27
MOD DETAILS:
   modFile   : /home/demostrona/domains/demo.stronazen.pl/public_html/nasz/vqmod/xml/Auto-SEO-keywords-URL.xml
   id        : Auto SEO Keywords
   version   : 1
   vqmver    : 
   author    : Creative Ground
SEARCH NOT FOUND (ABORTING MOD): name="keyword"

----------------------------------------------------------------------


---------- Date: 2014-09-23 09:45:13 ~ IP : 217.91.165.165 ----------
REQUEST URI : /nasz/admin/index.php?route=catalog/product/update&amp;token=e1b78e4b3c989c8edc75b343165d85bd&amp;product_id=229&amp;page=27
MOD DETAILS:
   modFile   : /home/demostrona/domains/demo.stronazen.pl/public_html/nasz/vqmod/xml/Auto-SEO-keywords-URL.xml
   id        : Auto SEO Keywords
   version   : 1
   vqmver    : 
   author    : Creative Ground
SEARCH NOT FOUND (ABORTING MOD): name="keyword"

----------------------------------------------------------------------


---------- Date: 2014-09-23 09:45:40 ~ IP : 217.91.165.165 ----------
REQUEST URI : /nasz/admin/index.php?route=catalog/product/update&amp;token=e1b78e4b3c989c8edc75b343165d85bd&amp;product_id=741&amp;page=27
MOD DETAILS:
   modFile   : /home/demostrona/domains/demo.stronazen.pl/public_html/nasz/vqmod/xml/Auto-SEO-keywords-URL.xml
   id        : Auto SEO Keywords
   version   : 1
   vqmver    : 
   author    : Creative Ground
SEARCH NOT FOUND (ABORTING MOD): name="keyword"

----------------------------------------------------------------------


---------- Date: 2014-09-23 09:46:02 ~ IP : 217.91.165.165 ----------
REQUEST URI : /nasz/admin/index.php?route=catalog/product/update&amp;token=e1b78e4b3c989c8edc75b343165d85bd&amp;product_id=61&amp;page=27
MOD DETAILS:
   modFile   : /home/demostrona/domains/demo.stronazen.pl/public_html/nasz/vqmod/xml/Auto-SEO-keywords-URL.xml
   id        : Auto SEO Keywords
   version   : 1
   vqmver    : 
   author    : Creative Ground
SEARCH NOT FOUND (ABORTING MOD): name="keyword"

----------------------------------------------------------------------


---------- Date: 2014-09-23 10:27:39 ~ IP : 217.91.165.165 ----------
REQUEST URI : /nasz/admin/index.php?route=catalog/product/update&amp;product_id=399&amp;page=27&amp;token=7eb5d49750b95e5170a178a538cb84a5
MOD DETAILS:
   modFile   : /home/demostrona/domains/demo.stronazen.pl/public_html/nasz/vqmod/xml/Auto-SEO-keywords-URL.xml
   id        : Auto SEO Keywords
   version   : 1
   vqmver    : 
   author    : Creative Ground
SEARCH NOT FOUND (ABORTING MOD): name="keyword"

----------------------------------------------------------------------


---------- Date: 2014-09-23 10:27:57 ~ IP : 217.91.165.165 ----------
REQUEST URI : /nasz/admin/index.php?route=catalog/product/update&amp;token=7eb5d49750b95e5170a178a538cb84a5&amp;product_id=399&amp;page=27
MOD DETAILS:
   modFile   : /home/demostrona/domains/demo.stronazen.pl/public_html/nasz/vqmod/xml/Auto-SEO-keywords-URL.xml
   id        : Auto SEO Keywords
   version   : 1
   vqmver    : 
   author    : Creative Ground
SEARCH NOT FOUND (ABORTING MOD): name="keyword"

----------------------------------------------------------------------


---------- Date: 2014-09-23 10:28:33 ~ IP : 217.91.165.165 ----------
REQUEST URI : /nasz/admin/index.php?route=catalog/product/update&amp;token=7eb5d49750b95e5170a178a538cb84a5&amp;product_id=400&amp;page=27
MOD DETAILS:
   modFile   : /home/demostrona/domains/demo.stronazen.pl/public_html/nasz/vqmod/xml/Auto-SEO-keywords-URL.xml
   id        : Auto SEO Keywords
   version   : 1
   vqmver    : 
   author    : Creative Ground
SEARCH NOT FOUND (ABORTING MOD): name="keyword"

----------------------------------------------------------------------


---------- Date: 2014-09-23 10:29:24 ~ IP : 217.91.165.165 ----------
REQUEST URI : /nasz/admin/index.php?route=catalog/product/update&amp;token=7eb5d49750b95e5170a178a538cb84a5&amp;product_id=401&amp;page=27
MOD DETAILS:
   modFile   : /home/demostrona/domains/demo.stronazen.pl/public_html/nasz/vqmod/xml/Auto-SEO-keywords-URL.xml
   id        : Auto SEO Keywords
   version   : 1
   vqmver    : 
   author    : Creative Ground
SEARCH NOT FOUND (ABORTING MOD): name="keyword"

----------------------------------------------------------------------


---------- Date: 2014-09-23 10:31:36 ~ IP : 217.91.165.165 ----------
REQUEST URI : /nasz/admin/index.php?route=catalog/product/update&amp;token=7eb5d49750b95e5170a178a538cb84a5&amp;product_id=402&amp;page=27
MOD DETAILS:
   modFile   : /home/demostrona/domains/demo.stronazen.pl/public_html/nasz/vqmod/xml/Auto-SEO-keywords-URL.xml
   id        : Auto SEO Keywords
   version   : 1
   vqmver    : 
   author    : Creative Ground
SEARCH NOT FOUND (ABORTING MOD): name="keyword"

----------------------------------------------------------------------


---------- Date: 2014-09-23 10:31:59 ~ IP : 217.91.165.165 ----------
REQUEST URI : /nasz/admin/index.php?route=catalog/product/update&amp;token=7eb5d49750b95e5170a178a538cb84a5&amp;product_id=403&amp;page=27
MOD DETAILS:
   modFile   : /home/demostrona/domains/demo.stronazen.pl/public_html/nasz/vqmod/xml/Auto-SEO-keywords-URL.xml
   id        : Auto SEO Keywords
   version   : 1
   vqmver    : 
   author    : Creative Ground
SEARCH NOT FOUND (ABORTING MOD): name="keyword"

----------------------------------------------------------------------


---------- Date: 2014-09-23 10:32:42 ~ IP : 217.91.165.165 ----------
REQUEST URI : /nasz/admin/index.php?route=catalog/product/update&amp;token=7eb5d49750b95e5170a178a538cb84a5&amp;product_id=404&amp;page=27
MOD DETAILS:
   modFile   : /home/demostrona/domains/demo.stronazen.pl/public_html/nasz/vqmod/xml/Auto-SEO-keywords-URL.xml
   id        : Auto SEO Keywords
   version   : 1
   vqmver    : 
   author    : Creative Ground
SEARCH NOT FOUND (ABORTING MOD): name="keyword"

----------------------------------------------------------------------


---------- Date: 2014-09-23 10:33:34 ~ IP : 217.91.165.165 ----------
REQUEST URI : /nasz/admin/index.php?route=catalog/product/update&amp;token=7eb5d49750b95e5170a178a538cb84a5&amp;product_id=405&amp;page=27
MOD DETAILS:
   modFile   : /home/demostrona/domains/demo.stronazen.pl/public_html/nasz/vqmod/xml/Auto-SEO-keywords-URL.xml
   id        : Auto SEO Keywords
   version   : 1
   vqmver    : 
   author    : Creative Ground
SEARCH NOT FOUND (ABORTING MOD): name="keyword"

----------------------------------------------------------------------


---------- Date: 2014-09-23 10:36:24 ~ IP : 217.91.165.165 ----------
REQUEST URI : /nasz/admin/index.php?route=catalog/product/update&amp;token=7eb5d49750b95e5170a178a538cb84a5&amp;product_id=404&amp;page=27
MOD DETAILS:
   modFile   : /home/demostrona/domains/demo.stronazen.pl/public_html/nasz/vqmod/xml/Auto-SEO-keywords-URL.xml
   id        : Auto SEO Keywords
   version   : 1
   vqmver    : 
   author    : Creative Ground
SEARCH NOT FOUND (ABORTING MOD): name="keyword"

----------------------------------------------------------------------


---------- Date: 2014-09-23 10:36:37 ~ IP : 217.91.165.165 ----------
REQUEST URI : /nasz/admin/index.php?route=catalog/product/update&amp;token=7eb5d49750b95e5170a178a538cb84a5&amp;product_id=405&amp;page=27
MOD DETAILS:
   modFile   : /home/demostrona/domains/demo.stronazen.pl/public_html/nasz/vqmod/xml/Auto-SEO-keywords-URL.xml
   id        : Auto SEO Keywords
   version   : 1
   vqmver    : 
   author    : Creative Ground
SEARCH NOT FOUND (ABORTING MOD): name="keyword"

----------------------------------------------------------------------


---------- Date: 2014-09-23 10:36:50 ~ IP : 217.91.165.165 ----------
REQUEST URI : /nasz/admin/index.php?route=catalog/product/update&amp;token=7eb5d49750b95e5170a178a538cb84a5&amp;product_id=398&amp;page=27
MOD DETAILS:
   modFile   : /home/demostrona/domains/demo.stronazen.pl/public_html/nasz/vqmod/xml/Auto-SEO-keywords-URL.xml
   id        : Auto SEO Keywords
   version   : 1
   vqmver    : 
   author    : Creative Ground
SEARCH NOT FOUND (ABORTING MOD): name="keyword"

----------------------------------------------------------------------


---------- Date: 2014-09-23 10:37:09 ~ IP : 217.91.165.165 ----------
REQUEST URI : /nasz/admin/index.php?route=catalog/product/update&amp;token=7eb5d49750b95e5170a178a538cb84a5&amp;product_id=416&amp;page=27
MOD DETAILS:
   modFile   : /home/demostrona/domains/demo.stronazen.pl/public_html/nasz/vqmod/xml/Auto-SEO-keywords-URL.xml
   id        : Auto SEO Keywords
   version   : 1
   vqmver    : 
   author    : Creative Ground
SEARCH NOT FOUND (ABORTING MOD): name="keyword"

----------------------------------------------------------------------


---------- Date: 2014-09-23 10:38:10 ~ IP : 217.91.165.165 ----------
REQUEST URI : /nasz/admin/index.php?route=catalog/product/update&amp;token=7eb5d49750b95e5170a178a538cb84a5&amp;product_id=282&amp;page=27
MOD DETAILS:
   modFile   : /home/demostrona/domains/demo.stronazen.pl/public_html/nasz/vqmod/xml/Auto-SEO-keywords-URL.xml
   id        : Auto SEO Keywords
   version   : 1
   vqmver    : 
   author    : Creative Ground
SEARCH NOT FOUND (ABORTING MOD): name="keyword"

----------------------------------------------------------------------


---------- Date: 2014-09-23 10:38:28 ~ IP : 217.91.165.165 ----------
REQUEST URI : /nasz/admin/index.php?route=catalog/product/update&amp;token=7eb5d49750b95e5170a178a538cb84a5&amp;product_id=616&amp;page=27
MOD DETAILS:
   modFile   : /home/demostrona/domains/demo.stronazen.pl/public_html/nasz/vqmod/xml/Auto-SEO-keywords-URL.xml
   id        : Auto SEO Keywords
   version   : 1
   vqmver    : 
   author    : Creative Ground
SEARCH NOT FOUND (ABORTING MOD): name="keyword"

----------------------------------------------------------------------


---------- Date: 2014-09-23 10:39:10 ~ IP : 217.91.165.165 ----------
REQUEST URI : /nasz/admin/index.php?route=catalog/product/update&amp;token=7eb5d49750b95e5170a178a538cb84a5&amp;product_id=617&amp;page=27
MOD DETAILS:
   modFile   : /home/demostrona/domains/demo.stronazen.pl/public_html/nasz/vqmod/xml/Auto-SEO-keywords-URL.xml
   id        : Auto SEO Keywords
   version   : 1
   vqmver    : 
   author    : Creative Ground
SEARCH NOT FOUND (ABORTING MOD): name="keyword"

----------------------------------------------------------------------


---------- Date: 2014-09-23 10:39:48 ~ IP : 217.91.165.165 ----------
REQUEST URI : /nasz/admin/index.php?route=catalog/product/update&amp;token=7eb5d49750b95e5170a178a538cb84a5&amp;product_id=234&amp;page=27
MOD DETAILS:
   modFile   : /home/demostrona/domains/demo.stronazen.pl/public_html/nasz/vqmod/xml/Auto-SEO-keywords-URL.xml
   id        : Auto SEO Keywords
   version   : 1
   vqmver    : 
   author    : Creative Ground
SEARCH NOT FOUND (ABORTING MOD): name="keyword"

----------------------------------------------------------------------


---------- Date: 2014-09-23 10:40:08 ~ IP : 217.91.165.165 ----------
REQUEST URI : /nasz/admin/index.php?route=catalog/product/update&amp;token=7eb5d49750b95e5170a178a538cb84a5&amp;product_id=233&amp;page=27
MOD DETAILS:
   modFile   : /home/demostrona/domains/demo.stronazen.pl/public_html/nasz/vqmod/xml/Auto-SEO-keywords-URL.xml
   id        : Auto SEO Keywords
   version   : 1
   vqmver    : 
   author    : Creative Ground
SEARCH NOT FOUND (ABORTING MOD): name="keyword"

----------------------------------------------------------------------


---------- Date: 2014-09-23 10:40:41 ~ IP : 217.91.165.165 ----------
REQUEST URI : /nasz/admin/index.php?route=catalog/product/update&amp;token=7eb5d49750b95e5170a178a538cb84a5&amp;product_id=47&amp;page=27
MOD DETAILS:
   modFile   : /home/demostrona/domains/demo.stronazen.pl/public_html/nasz/vqmod/xml/Auto-SEO-keywords-URL.xml
   id        : Auto SEO Keywords
   version   : 1
   vqmver    : 
   author    : Creative Ground
SEARCH NOT FOUND (ABORTING MOD): name="keyword"

----------------------------------------------------------------------


---------- Date: 2014-09-23 10:41:08 ~ IP : 217.91.165.165 ----------
REQUEST URI : /nasz/admin/index.php?route=catalog/product/update&amp;token=7eb5d49750b95e5170a178a538cb84a5&amp;product_id=48&amp;page=28
MOD DETAILS:
   modFile   : /home/demostrona/domains/demo.stronazen.pl/public_html/nasz/vqmod/xml/Auto-SEO-keywords-URL.xml
   id        : Auto SEO Keywords
   version   : 1
   vqmver    : 
   author    : Creative Ground
SEARCH NOT FOUND (ABORTING MOD): name="keyword"

----------------------------------------------------------------------


---------- Date: 2014-09-23 10:41:47 ~ IP : 217.91.165.165 ----------
REQUEST URI : /nasz/admin/index.php?route=catalog/product/update&amp;token=7eb5d49750b95e5170a178a538cb84a5&amp;product_id=16&amp;page=28
MOD DETAILS:
   modFile   : /home/demostrona/domains/demo.stronazen.pl/public_html/nasz/vqmod/xml/Auto-SEO-keywords-URL.xml
   id        : Auto SEO Keywords
   version   : 1
   vqmver    : 
   author    : Creative Ground
SEARCH NOT FOUND (ABORTING MOD): name="keyword"

----------------------------------------------------------------------


---------- Date: 2014-09-23 10:42:16 ~ IP : 217.91.165.165 ----------
REQUEST URI : /nasz/admin/index.php?route=catalog/product/update&amp;token=7eb5d49750b95e5170a178a538cb84a5&amp;product_id=559&amp;page=28
MOD DETAILS:
   modFile   : /home/demostrona/domains/demo.stronazen.pl/public_html/nasz/vqmod/xml/Auto-SEO-keywords-URL.xml
   id        : Auto SEO Keywords
   version   : 1
   vqmver    : 
   author    : Creative Ground
SEARCH NOT FOUND (ABORTING MOD): name="keyword"

----------------------------------------------------------------------


---------- Date: 2014-09-23 10:43:32 ~ IP : 217.91.165.165 ----------
REQUEST URI : /nasz/admin/index.php?route=catalog/product/update&amp;token=7eb5d49750b95e5170a178a538cb84a5&amp;product_id=562&amp;page=28
MOD DETAILS:
   modFile   : /home/demostrona/domains/demo.stronazen.pl/public_html/nasz/vqmod/xml/Auto-SEO-keywords-URL.xml
   id        : Auto SEO Keywords
   version   : 1
   vqmver    : 
   author    : Creative Ground
SEARCH NOT FOUND (ABORTING MOD): name="keyword"

----------------------------------------------------------------------


---------- Date: 2014-09-23 10:55:40 ~ IP : 217.91.165.165 ----------
REQUEST URI : /nasz/admin/index.php?route=catalog/product/update&amp;token=7eb5d49750b95e5170a178a538cb84a5&amp;product_id=385&amp;page=28
MOD DETAILS:
   modFile   : /home/demostrona/domains/demo.stronazen.pl/public_html/nasz/vqmod/xml/Auto-SEO-keywords-URL.xml
   id        : Auto SEO Keywords
   version   : 1
   vqmver    : 
   author    : Creative Ground
SEARCH NOT FOUND (ABORTING MOD): name="keyword"

----------------------------------------------------------------------


---------- Date: 2014-09-23 10:56:18 ~ IP : 217.91.165.165 ----------
REQUEST URI : /nasz/admin/index.php?route=catalog/product/update&amp;token=7eb5d49750b95e5170a178a538cb84a5&amp;product_id=127&amp;page=28
MOD DETAILS:
   modFile   : /home/demostrona/domains/demo.stronazen.pl/public_html/nasz/vqmod/xml/Auto-SEO-keywords-URL.xml
   id        : Auto SEO Keywords
   version   : 1
   vqmver    : 
   author    : Creative Ground
SEARCH NOT FOUND (ABORTING MOD): name="keyword"

----------------------------------------------------------------------


---------- Date: 2014-09-23 10:56:42 ~ IP : 217.91.165.165 ----------
REQUEST URI : /nasz/admin/index.php?route=catalog/product/update&amp;token=7eb5d49750b95e5170a178a538cb84a5&amp;product_id=129&amp;page=28
MOD DETAILS:
   modFile   : /home/demostrona/domains/demo.stronazen.pl/public_html/nasz/vqmod/xml/Auto-SEO-keywords-URL.xml
   id        : Auto SEO Keywords
   version   : 1
   vqmver    : 
   author    : Creative Ground
SEARCH NOT FOUND (ABORTING MOD): name="keyword"

----------------------------------------------------------------------


---------- Date: 2014-09-23 10:57:39 ~ IP : 217.91.165.165 ----------
REQUEST URI : /nasz/admin/index.php?route=catalog/product/update&amp;token=7eb5d49750b95e5170a178a538cb84a5&amp;product_id=129&amp;page=28
MOD DETAILS:
   modFile   : /home/demostrona/domains/demo.stronazen.pl/public_html/nasz/vqmod/xml/Auto-SEO-keywords-URL.xml
   id        : Auto SEO Keywords
   version   : 1
   vqmver    : 
   author    : Creative Ground
SEARCH NOT FOUND (ABORTING MOD): name="keyword"

----------------------------------------------------------------------


---------- Date: 2014-09-23 10:57:56 ~ IP : 217.91.165.165 ----------
REQUEST URI : /nasz/admin/index.php?route=catalog/product/update&amp;token=7eb5d49750b95e5170a178a538cb84a5&amp;product_id=128&amp;page=28
MOD DETAILS:
   modFile   : /home/demostrona/domains/demo.stronazen.pl/public_html/nasz/vqmod/xml/Auto-SEO-keywords-URL.xml
   id        : Auto SEO Keywords
   version   : 1
   vqmver    : 
   author    : Creative Ground
SEARCH NOT FOUND (ABORTING MOD): name="keyword"

----------------------------------------------------------------------


---------- Date: 2014-09-23 10:58:18 ~ IP : 217.91.165.165 ----------
REQUEST URI : /nasz/admin/index.php?route=catalog/product/update&amp;token=7eb5d49750b95e5170a178a538cb84a5&amp;product_id=468&amp;page=28
MOD DETAILS:
   modFile   : /home/demostrona/domains/demo.stronazen.pl/public_html/nasz/vqmod/xml/Auto-SEO-keywords-URL.xml
   id        : Auto SEO Keywords
   version   : 1
   vqmver    : 
   author    : Creative Ground
SEARCH NOT FOUND (ABORTING MOD): name="keyword"

----------------------------------------------------------------------


---------- Date: 2014-09-23 10:58:41 ~ IP : 217.91.165.165 ----------
REQUEST URI : /nasz/admin/index.php?route=catalog/product/update&amp;token=7eb5d49750b95e5170a178a538cb84a5&amp;product_id=275&amp;page=28
MOD DETAILS:
   modFile   : /home/demostrona/domains/demo.stronazen.pl/public_html/nasz/vqmod/xml/Auto-SEO-keywords-URL.xml
   id        : Auto SEO Keywords
   version   : 1
   vqmver    : 
   author    : Creative Ground
SEARCH NOT FOUND (ABORTING MOD): name="keyword"

----------------------------------------------------------------------


---------- Date: 2014-09-23 10:59:28 ~ IP : 217.91.165.165 ----------
REQUEST URI : /nasz/admin/index.php?route=catalog/product/update&amp;token=7eb5d49750b95e5170a178a538cb84a5&amp;product_id=265&amp;page=28
MOD DETAILS:
   modFile   : /home/demostrona/domains/demo.stronazen.pl/public_html/nasz/vqmod/xml/Auto-SEO-keywords-URL.xml
   id        : Auto SEO Keywords
   version   : 1
   vqmver    : 
   author    : Creative Ground
SEARCH NOT FOUND (ABORTING MOD): name="keyword"

----------------------------------------------------------------------


---------- Date: 2014-09-23 10:59:49 ~ IP : 217.91.165.165 ----------
REQUEST URI : /nasz/admin/index.php?route=catalog/product/update&amp;token=7eb5d49750b95e5170a178a538cb84a5&amp;product_id=266&amp;page=28
MOD DETAILS:
   modFile   : /home/demostrona/domains/demo.stronazen.pl/public_html/nasz/vqmod/xml/Auto-SEO-keywords-URL.xml
   id        : Auto SEO Keywords
   version   : 1
   vqmver    : 
   author    : Creative Ground
SEARCH NOT FOUND (ABORTING MOD): name="keyword"

----------------------------------------------------------------------


---------- Date: 2014-09-23 11:00:18 ~ IP : 217.91.165.165 ----------
REQUEST URI : /nasz/admin/index.php?route=catalog/product/update&amp;token=7eb5d49750b95e5170a178a538cb84a5&amp;product_id=267&amp;page=28
MOD DETAILS:
   modFile   : /home/demostrona/domains/demo.stronazen.pl/public_html/nasz/vqmod/xml/Auto-SEO-keywords-URL.xml
   id        : Auto SEO Keywords
   version   : 1
   vqmver    : 
   author    : Creative Ground
SEARCH NOT FOUND (ABORTING MOD): name="keyword"

----------------------------------------------------------------------


---------- Date: 2014-09-23 11:00:44 ~ IP : 217.91.165.165 ----------
REQUEST URI : /nasz/admin/index.php?route=catalog/product/update&amp;token=7eb5d49750b95e5170a178a538cb84a5&amp;product_id=278&amp;page=28
MOD DETAILS:
   modFile   : /home/demostrona/domains/demo.stronazen.pl/public_html/nasz/vqmod/xml/Auto-SEO-keywords-URL.xml
   id        : Auto SEO Keywords
   version   : 1
   vqmver    : 
   author    : Creative Ground
SEARCH NOT FOUND (ABORTING MOD): name="keyword"

----------------------------------------------------------------------


---------- Date: 2014-09-23 11:01:07 ~ IP : 217.91.165.165 ----------
REQUEST URI : /nasz/admin/index.php?route=catalog/product/update&amp;token=7eb5d49750b95e5170a178a538cb84a5&amp;product_id=279&amp;page=28
MOD DETAILS:
   modFile   : /home/demostrona/domains/demo.stronazen.pl/public_html/nasz/vqmod/xml/Auto-SEO-keywords-URL.xml
   id        : Auto SEO Keywords
   version   : 1
   vqmver    : 
   author    : Creative Ground
SEARCH NOT FOUND (ABORTING MOD): name="keyword"

----------------------------------------------------------------------


---------- Date: 2014-09-23 11:01:40 ~ IP : 217.91.165.165 ----------
REQUEST URI : /nasz/admin/index.php?route=catalog/product/update&amp;token=7eb5d49750b95e5170a178a538cb84a5&amp;product_id=268&amp;page=28
MOD DETAILS:
   modFile   : /home/demostrona/domains/demo.stronazen.pl/public_html/nasz/vqmod/xml/Auto-SEO-keywords-URL.xml
   id        : Auto SEO Keywords
   version   : 1
   vqmver    : 
   author    : Creative Ground
SEARCH NOT FOUND (ABORTING MOD): name="keyword"

----------------------------------------------------------------------


---------- Date: 2014-09-23 11:02:19 ~ IP : 217.91.165.165 ----------
REQUEST URI : /nasz/admin/index.php?route=catalog/product/update&amp;token=7eb5d49750b95e5170a178a538cb84a5&amp;product_id=273&amp;page=28
MOD DETAILS:
   modFile   : /home/demostrona/domains/demo.stronazen.pl/public_html/nasz/vqmod/xml/Auto-SEO-keywords-URL.xml
   id        : Auto SEO Keywords
   version   : 1
   vqmver    : 
   author    : Creative Ground
SEARCH NOT FOUND (ABORTING MOD): name="keyword"

----------------------------------------------------------------------


---------- Date: 2014-09-23 11:02:37 ~ IP : 217.91.165.165 ----------
REQUEST URI : /nasz/admin/index.php?route=catalog/product/update&amp;token=7eb5d49750b95e5170a178a538cb84a5&amp;product_id=269&amp;page=28
MOD DETAILS:
   modFile   : /home/demostrona/domains/demo.stronazen.pl/public_html/nasz/vqmod/xml/Auto-SEO-keywords-URL.xml
   id        : Auto SEO Keywords
   version   : 1
   vqmver    : 
   author    : Creative Ground
SEARCH NOT FOUND (ABORTING MOD): name="keyword"

----------------------------------------------------------------------


---------- Date: 2014-09-23 11:02:59 ~ IP : 217.91.165.165 ----------
REQUEST URI : /nasz/admin/index.php?route=catalog/product/update&amp;token=7eb5d49750b95e5170a178a538cb84a5&amp;product_id=274&amp;page=28
MOD DETAILS:
   modFile   : /home/demostrona/domains/demo.stronazen.pl/public_html/nasz/vqmod/xml/Auto-SEO-keywords-URL.xml
   id        : Auto SEO Keywords
   version   : 1
   vqmver    : 
   author    : Creative Ground
SEARCH NOT FOUND (ABORTING MOD): name="keyword"

----------------------------------------------------------------------


---------- Date: 2014-09-23 11:03:17 ~ IP : 217.91.165.165 ----------
REQUEST URI : /nasz/admin/index.php?route=catalog/product/update&amp;token=7eb5d49750b95e5170a178a538cb84a5&amp;product_id=726&amp;page=28
MOD DETAILS:
   modFile   : /home/demostrona/domains/demo.stronazen.pl/public_html/nasz/vqmod/xml/Auto-SEO-keywords-URL.xml
   id        : Auto SEO Keywords
   version   : 1
   vqmver    : 
   author    : Creative Ground
SEARCH NOT FOUND (ABORTING MOD): name="keyword"

----------------------------------------------------------------------


---------- Date: 2014-09-23 11:04:51 ~ IP : 217.91.165.165 ----------
REQUEST URI : /nasz/admin/index.php?route=catalog/product/update&amp;token=7eb5d49750b95e5170a178a538cb84a5&amp;product_id=719&amp;page=29
MOD DETAILS:
   modFile   : /home/demostrona/domains/demo.stronazen.pl/public_html/nasz/vqmod/xml/Auto-SEO-keywords-URL.xml
   id        : Auto SEO Keywords
   version   : 1
   vqmver    : 
   author    : Creative Ground
SEARCH NOT FOUND (ABORTING MOD): name="keyword"

----------------------------------------------------------------------


---------- Date: 2014-09-23 11:05:31 ~ IP : 217.91.165.165 ----------
REQUEST URI : /nasz/admin/index.php?route=catalog/product/update&amp;token=7eb5d49750b95e5170a178a538cb84a5&amp;product_id=724&amp;page=29
MOD DETAILS:
   modFile   : /home/demostrona/domains/demo.stronazen.pl/public_html/nasz/vqmod/xml/Auto-SEO-keywords-URL.xml
   id        : Auto SEO Keywords
   version   : 1
   vqmver    : 
   author    : Creative Ground
SEARCH NOT FOUND (ABORTING MOD): name="keyword"

----------------------------------------------------------------------


---------- Date: 2014-09-23 11:05:57 ~ IP : 217.91.165.165 ----------
REQUEST URI : /nasz/admin/index.php?route=catalog/product/update&amp;token=7eb5d49750b95e5170a178a538cb84a5&amp;product_id=724&amp;page=29
MOD DETAILS:
   modFile   : /home/demostrona/domains/demo.stronazen.pl/public_html/nasz/vqmod/xml/Auto-SEO-keywords-URL.xml
   id        : Auto SEO Keywords
   version   : 1
   vqmver    : 
   author    : Creative Ground
SEARCH NOT FOUND (ABORTING MOD): name="keyword"

----------------------------------------------------------------------


---------- Date: 2014-09-23 11:06:02 ~ IP : 217.91.165.165 ----------
REQUEST URI : /nasz/admin/index.php?route=catalog/product/update&amp;token=7eb5d49750b95e5170a178a538cb84a5&amp;product_id=675&amp;page=29
MOD DETAILS:
   modFile   : /home/demostrona/domains/demo.stronazen.pl/public_html/nasz/vqmod/xml/Auto-SEO-keywords-URL.xml
   id        : Auto SEO Keywords
   version   : 1
   vqmver    : 
   author    : Creative Ground
SEARCH NOT FOUND (ABORTING MOD): name="keyword"

----------------------------------------------------------------------


---------- Date: 2014-09-23 11:19:19 ~ IP : 217.91.165.165 ----------
REQUEST URI : /nasz/admin/index.php?route=catalog/product/update&amp;token=7eb5d49750b95e5170a178a538cb84a5&amp;product_id=674&amp;page=29
MOD DETAILS:
   modFile   : /home/demostrona/domains/demo.stronazen.pl/public_html/nasz/vqmod/xml/Auto-SEO-keywords-URL.xml
   id        : Auto SEO Keywords
   version   : 1
   vqmver    : 
   author    : Creative Ground
SEARCH NOT FOUND (ABORTING MOD): name="keyword"

----------------------------------------------------------------------


---------- Date: 2014-09-23 11:20:06 ~ IP : 217.91.165.165 ----------
REQUEST URI : /nasz/admin/index.php?route=catalog/product/update&amp;token=7eb5d49750b95e5170a178a538cb84a5&amp;product_id=103&amp;page=29
MOD DETAILS:
   modFile   : /home/demostrona/domains/demo.stronazen.pl/public_html/nasz/vqmod/xml/Auto-SEO-keywords-URL.xml
   id        : Auto SEO Keywords
   version   : 1
   vqmver    : 
   author    : Creative Ground
SEARCH NOT FOUND (ABORTING MOD): name="keyword"

----------------------------------------------------------------------


---------- Date: 2014-09-23 11:20:33 ~ IP : 217.91.165.165 ----------
REQUEST URI : /nasz/admin/index.php?route=catalog/product/update&amp;token=7eb5d49750b95e5170a178a538cb84a5&amp;product_id=105&amp;page=29
MOD DETAILS:
   modFile   : /home/demostrona/domains/demo.stronazen.pl/public_html/nasz/vqmod/xml/Auto-SEO-keywords-URL.xml
   id        : Auto SEO Keywords
   version   : 1
   vqmver    : 
   author    : Creative Ground
SEARCH NOT FOUND (ABORTING MOD): name="keyword"

----------------------------------------------------------------------


---------- Date: 2014-09-23 11:21:03 ~ IP : 217.91.165.165 ----------
REQUEST URI : /nasz/admin/index.php?route=catalog/product/update&amp;token=7eb5d49750b95e5170a178a538cb84a5&amp;product_id=325&amp;page=29
MOD DETAILS:
   modFile   : /home/demostrona/domains/demo.stronazen.pl/public_html/nasz/vqmod/xml/Auto-SEO-keywords-URL.xml
   id        : Auto SEO Keywords
   version   : 1
   vqmver    : 
   author    : Creative Ground
SEARCH NOT FOUND (ABORTING MOD): name="keyword"

----------------------------------------------------------------------


---------- Date: 2014-09-23 11:22:27 ~ IP : 217.91.165.165 ----------
REQUEST URI : /nasz/admin/index.php?route=catalog/product/update&amp;token=7eb5d49750b95e5170a178a538cb84a5&amp;product_id=326&amp;page=29
MOD DETAILS:
   modFile   : /home/demostrona/domains/demo.stronazen.pl/public_html/nasz/vqmod/xml/Auto-SEO-keywords-URL.xml
   id        : Auto SEO Keywords
   version   : 1
   vqmver    : 
   author    : Creative Ground
SEARCH NOT FOUND (ABORTING MOD): name="keyword"

----------------------------------------------------------------------


---------- Date: 2014-09-23 11:22:44 ~ IP : 217.91.165.165 ----------
REQUEST URI : /nasz/admin/index.php?route=catalog/product/update&amp;token=7eb5d49750b95e5170a178a538cb84a5&amp;product_id=327&amp;page=29
MOD DETAILS:
   modFile   : /home/demostrona/domains/demo.stronazen.pl/public_html/nasz/vqmod/xml/Auto-SEO-keywords-URL.xml
   id        : Auto SEO Keywords
   version   : 1
   vqmver    : 
   author    : Creative Ground
SEARCH NOT FOUND (ABORTING MOD): name="keyword"

----------------------------------------------------------------------


---------- Date: 2014-09-23 11:23:11 ~ IP : 217.91.165.165 ----------
REQUEST URI : /nasz/admin/index.php?route=catalog/product/update&amp;token=7eb5d49750b95e5170a178a538cb84a5&amp;product_id=328&amp;page=29
MOD DETAILS:
   modFile   : /home/demostrona/domains/demo.stronazen.pl/public_html/nasz/vqmod/xml/Auto-SEO-keywords-URL.xml
   id        : Auto SEO Keywords
   version   : 1
   vqmver    : 
   author    : Creative Ground
SEARCH NOT FOUND (ABORTING MOD): name="keyword"

----------------------------------------------------------------------


